0
1
2
3
4
5
6
7
8
9
10
11
12
13
14
15
16
17
18
19
20
21
22
23
24
Avg S 0.8481481481481481
Svg T: 1.72455159428
Sdata: [0.8481481481481481, 0.8481481481481481, 0.8481481481481481, 0.8481481481481481, 0.8481481481481481, 0.8481481481481481, 0.8481481481481481, 0.8481481481481481, 0.8481481481481481, 0.8481481481481481, 0.8481481481481481, 0.8481481481481481, 0.8481481481481481, 0.8481481481481481, 0.8481481481481481, 0.8481481481481481, 0.8481481481481481, 0.8481481481481481, 0.8481481481481481, 0.8481481481481481, 0.8481481481481481, 0.8481481481481481, 0.8481481481481481, 0.8481481481481481, 0.8481481481481481]
Tdata: [1.7037808779999999, 1.668371252, 1.620186221, 1.8744665440000006, 1.7675220619999994, 1.719107494000001, 1.7483786949999995, 1.8071026790000033, 1.728056247999998, 1.7269318899999995, 1.6668093420000005, 1.8251911320000005, 1.7402066619999985, 1.7579733070000003, 1.7366208480000012, 1.7198870970000009, 1.7417867440000023, 1.711729635999994, 1.7163956320000011, 1.721586636000005, 1.6543270629999967, 1.6762377069999985, 1.660895938000003, 1.6925615809999996, 1.7276765690000033]
P: [[100.0, 0.03556558820077846], [100.0, 0.03556558820077846], [100.0, 0.03556558820077846], [100.0, 0.03556558820077846], [100.0, 0.03556558820077846], [100.0, 0.03556558820077846], [100.0, 0.03556558820077846], [100.0, 0.03556558820077846], [100.0, 0.03556558820077846], [100.0, 0.03556558820077846], [100.0, 0.03556558820077846], [100.0, 0.03556558820077846], [100.0, 0.03556558820077846], [100.0, 0.03556558820077846], [100.0, 0.03556558820077846], [100.0, 0.03556558820077846], [100.0, 0.03556558820077846], [100.0, 0.03556558820077846], [100.0, 0.03556558820077846], [100.0, 0.03556558820077846], [100.0, 0.03556558820077846], [100.0, 0.03556558820077846], [100.0, 0.03556558820077846], [100.0, 0.03556558820077846], [100.0, 0.03556558820077846]]
0
1
2
3
4
5
6
7
8
9
10
11
12
13
14
15
16
17
18
19
20
21
22
23
24
Avg S 0.8518518518518515
Svg T: 16.93215573664
Sdata: [0.8518518518518517, 0.8518518518518517, 0.8518518518518517, 0.8518518518518517, 0.8518518518518517, 0.8518518518518517, 0.8518518518518517, 0.8518518518518517, 0.8518518518518517, 0.8518518518518517, 0.8518518518518517, 0.8518518518518517, 0.8518518518518517, 0.8518518518518517, 0.8518518518518517, 0.8518518518518517, 0.8518518518518517, 0.8518518518518517, 0.8518518518518517, 0.8518518518518517, 0.8518518518518517, 0.8518518518518517, 0.8518518518518517, 0.8518518518518517, 0.8518518518518517]
Tdata: [16.710269341999997, 17.139277023999995, 17.461742704000002, 17.267854692, 17.00123450199999, 17.308284828999973, 17.249142352000007, 16.780067153999994, 16.823093590000013, 17.066543053999993, 16.73364177100001, 16.899869724000013, 16.884738400999993, 16.83308245699999, 17.06973769800004, 16.88432455200001, 16.962412647999997, 16.74119534700003, 16.792104975999962, 17.160806331000003, 16.794100396999966, 16.579082100999983, 16.71621737199996, 16.656330757000035, 16.788739641000006]
P: [[61.35907273413163, 0.004308869380063774], [61.35907273413163, 0.004308869380063774], [61.35907273413163, 0.004308869380063774], [61.35907273413163, 0.004308869380063774], [61.35907273413163, 0.004308869380063774], [61.35907273413163, 0.004308869380063774], [61.35907273413163, 0.004308869380063774], [61.35907273413163, 0.004308869380063774], [61.35907273413163, 0.004308869380063774], [61.35907273413163, 0.004308869380063774], [61.35907273413163, 0.004308869380063774], [61.35907273413163, 0.004308869380063774], [61.35907273413163, 0.004308869380063774], [61.35907273413163, 0.004308869380063774], [61.35907273413163, 0.004308869380063774], [61.35907273413163, 0.004308869380063774], [61.35907273413163, 0.004308869380063774], [61.35907273413163, 0.004308869380063774], [61.35907273413163, 0.004308869380063774], [61.35907273413163, 0.004308869380063774], [61.35907273413163, 0.004308869380063774], [61.35907273413163, 0.004308869380063774], [61.35907273413163, 0.004308869380063774], [61.35907273413163, 0.004308869380063774], [61.35907273413163, 0.004308869380063774]]
0
1
2
3
4
5
6
7
8
9
10
11
12
13
14
15
16
17
18
19
20
21
22
23
24
Avg S 0.8555555555555553
Svg T: 170.94883088263998
Sdata: [0.8555555555555555, 0.8555555555555555, 0.8555555555555555, 0.8555555555555555, 0.8555555555555555, 0.8555555555555555, 0.8555555555555555, 0.8555555555555555, 0.8555555555555555, 0.8555555555555555, 0.8555555555555555, 0.8555555555555555, 0.8555555555555555, 0.8555555555555555, 0.8555555555555555, 0.8555555555555555, 0.8555555555555555, 0.8555555555555555, 0.8555555555555555, 0.8555555555555555, 0.8555555555555555, 0.8555555555555555, 0.8555555555555555, 0.8555555555555555, 0.8555555555555555]
Tdata: [168.21252554199998, 172.88501226300002, 169.910337766, 171.641148391, 172.0791942809999, 171.11802402900003, 170.32385812100006, 169.73972248799987, 176.882110044, 179.1099331820003, 181.34285130099988, 173.8757676719997, 170.72236997300024, 169.17478040100013, 170.61095396100018, 170.54665496500002, 168.9398651749998, 167.82718105799995, 168.556571308, 168.31990543799975, 167.81814234700005, 172.37555645300017, 170.50996304600085, 166.47436037199986, 164.72398248899935]
P: [[88.58667904100814, 0.004308869380063764], [88.58667904100814, 0.004308869380063764], [88.58667904100814, 0.004308869380063764], [88.58667904100814, 0.004308869380063764], [88.58667904100814, 0.004308869380063764], [88.58667904100814, 0.004308869380063764], [88.58667904100814, 0.004308869380063764], [88.58667904100814, 0.004308869380063764], [88.58667904100814, 0.004308869380063764], [88.58667904100814, 0.004308869380063764], [88.58667904100814, 0.004308869380063764], [88.58667904100814, 0.004308869380063764], [88.58667904100814, 0.004308869380063764], [88.58667904100814, 0.004308869380063764], [88.58667904100814, 0.004308869380063764], [88.58667904100814, 0.004308869380063764], [88.58667904100814, 0.004308869380063764], [88.58667904100814, 0.004308869380063764], [88.58667904100814, 0.004308869380063764], [88.58667904100814, 0.004308869380063764], [88.58667904100814, 0.004308869380063764], [88.58667904100814, 0.004308869380063764], [88.58667904100814, 0.004308869380063764], [88.58667904100814, 0.004308869380063764], [88.58667904100814, 0.004308869380063764]]
0
1
2
3
4
5
6
7
8
9
10
11
12
13
14
15
16
17
18
19
20
21
22
23
24
Avg S 0.7647058823529416
Svg T: 1.3045402805200137
Sdata: [0.7647058823529411, 0.7647058823529411, 0.7647058823529411, 0.7647058823529411, 0.7647058823529411, 0.7647058823529411, 0.7647058823529411, 0.7647058823529411, 0.7647058823529411, 0.7647058823529411, 0.7647058823529411, 0.7647058823529411, 0.7647058823529411, 0.7647058823529411, 0.7647058823529411, 0.7647058823529411, 0.7647058823529411, 0.7647058823529411, 0.7647058823529411, 0.7647058823529411, 0.7647058823529411, 0.7647058823529411, 0.7647058823529411, 0.7647058823529411, 0.7647058823529411]
Tdata: [1.282050798000455, 1.2644373500006623, 1.2678409170002851, 1.2470096759998341, 1.336829578999641, 1.2467171090002012, 1.2715608130001783, 1.2586456170001838, 1.3522596659995543, 1.2712361540006896, 1.2673368440000559, 1.2528445420002754, 1.2348433630004365, 1.3122191679995012, 1.2872675660000823, 1.297416362000149, 1.3959570630004237, 1.3783190739995916, 1.3165497059999325, 1.4007295020001038, 1.3433457579994865, 1.3158456659994044, 1.327822752999964, 1.380989111999952, 1.3034328549993006]
P: [[1.438449888287663, 20.0], [1.438449888287663, 20.0], [1.438449888287663, 20.0], [1.438449888287663, 20.0], [1.438449888287663, 20.0], [1.438449888287663, 20.0], [1.438449888287663, 20.0], [1.438449888287663, 20.0], [1.438449888287663, 20.0], [1.438449888287663, 20.0], [1.438449888287663, 20.0], [1.438449888287663, 20.0], [1.438449888287663, 20.0], [1.438449888287663, 20.0], [1.438449888287663, 20.0], [1.438449888287663, 20.0], [1.438449888287663, 20.0], [1.438449888287663, 20.0], [1.438449888287663, 20.0], [1.438449888287663, 20.0], [1.438449888287663, 20.0], [1.438449888287663, 20.0], [1.438449888287663, 20.0], [1.438449888287663, 20.0], [1.438449888287663, 20.0]]
0
1
2
3
4
5
6
7
8
9
10
11
12
13
14
15
16
17
18
19
20
21
22
23
24
Avg S 0.7679738562091498
Svg T: 12.638085761119873
Sdata: [0.7679738562091503, 0.7679738562091503, 0.7679738562091503, 0.7679738562091503, 0.7679738562091503, 0.7679738562091503, 0.7679738562091503, 0.7679738562091503, 0.7679738562091503, 0.7679738562091503, 0.7679738562091503, 0.7679738562091503, 0.7679738562091503, 0.7679738562091503, 0.7679738562091503, 0.7679738562091503, 0.7679738562091503, 0.7679738562091503, 0.7679738562091503, 0.7679738562091503, 0.7679738562091503, 0.7679738562091503, 0.7679738562091503, 0.7679738562091503, 0.7679738562091503]
Tdata: [12.996745202000056, 12.905165232999934, 12.893584194000141, 12.729417120000107, 12.661684071999844, 12.664699799999653, 12.503367408000486, 12.708202057999188, 12.650029545999132, 12.59625768100068, 12.673219235999568, 12.701401096999689, 12.82210401499924, 12.817380806000074, 12.926008874999752, 12.237299264000285, 12.510387632999482, 12.617980570000327, 12.643257145999996, 12.524136189999808, 12.549452246999863, 12.641486911000356, 12.214194728999246, 12.254689362000136, 12.509993632999794]
P: [[1.7073526474706886, 20.0], [1.7073526474706886, 20.0], [1.7073526474706886, 20.0], [1.7073526474706886, 20.0], [1.7073526474706886, 20.0], [1.7073526474706886, 20.0], [1.7073526474706886, 20.0], [1.7073526474706886, 20.0], [1.7073526474706886, 20.0], [1.7073526474706886, 20.0], [1.7073526474706886, 20.0], [1.7073526474706886, 20.0], [1.7073526474706886, 20.0], [1.7073526474706886, 20.0], [1.7073526474706886, 20.0], [1.7073526474706886, 20.0], [1.7073526474706886, 20.0], [1.7073526474706886, 20.0], [1.7073526474706886, 20.0], [1.7073526474706886, 20.0], [1.7073526474706886, 20.0], [1.7073526474706886, 20.0], [1.7073526474706886, 20.0], [1.7073526474706886, 20.0], [1.7073526474706886, 20.0]]
0
1
2
3
4
5
6
7
8
9
10
11
12
13
14
15
16
17
18
19
20
21
22
23
24
Avg S 0.7679738562091498
Svg T: 125.73545639587985
Sdata: [0.7679738562091503, 0.7679738562091503, 0.7679738562091503, 0.7679738562091503, 0.7679738562091503, 0.7679738562091503, 0.7679738562091503, 0.7679738562091503, 0.7679738562091503, 0.7679738562091503, 0.7679738562091503, 0.7679738562091503, 0.7679738562091503, 0.7679738562091503, 0.7679738562091503, 0.7679738562091503, 0.7679738562091503, 0.7679738562091503, 0.7679738562091503, 0.7679738562091503, 0.7679738562091503, 0.7679738562091503, 0.7679738562091503, 0.7679738562091503, 0.7679738562091503]
Tdata: [125.10516268499941, 125.50688666599945, 124.44291332400007, 124.64354231299967, 127.22697323000011, 126.49613126399981, 127.81284577499991, 126.55890740699942, 126.09040815499975, 125.0965470860001, 124.25377676600056, 128.44726778899985, 126.07022695600062, 126.53176206900025, 125.78493435099972, 123.68018590999964, 123.87178982299974, 125.9914732899997, 127.94100043199978, 125.64784530799989, 125.29748715200003, 124.65370498900029, 123.90918401699946, 126.33555332499964, 125.98989981499926]
P: [[1.6907141034735782, 20.0], [1.6907141034735782, 20.0], [1.6907141034735782, 20.0], [1.6907141034735782, 20.0], [1.6907141034735782, 20.0], [1.6907141034735782, 20.0], [1.6907141034735782, 20.0], [1.6907141034735782, 20.0], [1.6907141034735782, 20.0], [1.6907141034735782, 20.0], [1.6907141034735782, 20.0], [1.6907141034735782, 20.0], [1.6907141034735782, 20.0], [1.6907141034735782, 20.0], [1.6907141034735782, 20.0], [1.6907141034735782, 20.0], [1.6907141034735782, 20.0], [1.6907141034735782, 20.0], [1.6907141034735782, 20.0], [1.6907141034735782, 20.0], [1.6907141034735782, 20.0], [1.6907141034735782, 20.0], [1.6907141034735782, 20.0], [1.6907141034735782, 20.0], [1.6907141034735782, 20.0]]
['no-recurrence-events', '30-39', 'premeno', '30-34', '0-2', 'no', '3', 'left', 'left_low', 'no\n']
['no-recurrence-events', '40-49', 'premeno', '20-24', '0-2', 'no', '2', 'right', 'right_up', 'no\n']
['no-recurrence-events', '40-49', 'premeno', '20-24', '0-2', 'no', '2', 'left', 'left_low', 'no\n']
['no-recurrence-events', '60-69', 'ge40', '15-19', '0-2', 'no', '2', 'right', 'left_up', 'no\n']
['no-recurrence-events', '40-49', 'premeno', '0-4', '0-2', 'no', '2', 'right', 'right_low', 'no\n']
['no-recurrence-events', '60-69', 'ge40', '15-19', '0-2', 'no', '2', 'left', 'left_low', 'no\n']
['no-recurrence-events', '50-59', 'premeno', '25-29', '0-2', 'no', '2', 'left', 'left_low', 'no\n']
['no-recurrence-events', '60-69', 'ge40', '20-24', '0-2', 'no', '1', 'left', 'left_low', 'no\n']
['no-recurrence-events', '40-49', 'premeno', '50-54', '0-2', 'no', '2', 'left', 'left_low', 'no\n']
['no-recurrence-events', '40-49', 'premeno', '20-24', '0-2', 'no', '2', 'right', 'left_up', 'no\n']
['no-recurrence-events', '40-49', 'premeno', '0-4', '0-2', 'no', '3', 'left', 'central', 'no\n']
['no-recurrence-events', '50-59', 'ge40', '25-29', '0-2', 'no', '2', 'left', 'left_low', 'no\n']
['no-recurrence-events', '60-69', 'lt40', '10-14', '0-2', 'no', '1', 'left', 'right_up', 'no\n']
['no-recurrence-events', '50-59', 'ge40', '25-29', '0-2', 'no', '3', 'left', 'right_up', 'no\n']
['no-recurrence-events', '40-49', 'premeno', '30-34', '0-2', 'no', '3', 'left', 'left_up', 'no\n']
['no-recurrence-events', '60-69', 'lt40', '30-34', '0-2', 'no', '1', 'left', 'left_low', 'no\n']
['no-recurrence-events', '40-49', 'premeno', '15-19', '0-2', 'no', '2', 'left', 'left_low', 'no\n']
['no-recurrence-events', '50-59', 'premeno', '30-34', '0-2', 'no', '3', 'left', 'left_low', 'no\n']
['no-recurrence-events', '60-69', 'ge40', '30-34', '0-2', 'no', '3', 'left', 'left_low', 'no\n']
['no-recurrence-events', '50-59', 'ge40', '30-34', '0-2', 'no', '1', 'right', 'right_up', 'no\n']
['no-recurrence-events', '50-59', 'ge40', '40-44', '0-2', 'no', '2', 'left', 'left_low', 'no\n']
['no-recurrence-events', '60-69', 'ge40', '15-19', '0-2', 'no', '2', 'left', 'left_low', 'no\n']
['no-recurrence-events', '30-39', 'premeno', '25-29', '0-2', 'no', '2', 'right', 'left_low', 'no\n']
['no-recurrence-events', '50-59', 'premeno', '40-44', '0-2', 'no', '2', 'left', 'left_up', 'no\n']
['no-recurrence-events', '50-59', 'premeno', '35-39', '0-2', 'no', '2', 'right', 'left_up', 'no\n']
['no-recurrence-events', '40-49', 'premeno', '25-29', '0-2', 'no', '2', 'left', 'left_up', 'no\n']
['no-recurrence-events', '50-59', 'premeno', '20-24', '0-2', 'no', '1', 'left', 'left_low', 'no\n']
['no-recurrence-events', '60-69', 'ge40', '25-29', '0-2', 'no', '3', 'right', 'left_up', 'no\n']
['no-recurrence-events', '40-49', 'premeno', '40-44', '0-2', 'no', '2', 'right', 'left_low', 'no\n']
['no-recurrence-events', '60-69', 'ge40', '30-34', '0-2', 'no', '2', 'left', 'left_low', 'no\n']
['no-recurrence-events', '50-59', 'ge40', '40-44', '0-2', 'no', '3', 'right', 'left_up', 'no\n']
['no-recurrence-events', '50-59', 'premeno', '15-19', '0-2', 'no', '2', 'right', 'left_low', 'no\n']
['no-recurrence-events', '50-59', 'premeno', '10-14', '0-2', 'no', '3', 'left', 'left_low', 'no\n']
['no-recurrence-events', '50-59', 'ge40', '10-14', '0-2', 'no', '1', 'right', 'left_up', 'no\n']
['no-recurrence-events', '50-59', 'ge40', '10-14', '0-2', 'no', '1', 'left', 'left_up', 'no\n']
['no-recurrence-events', '30-39', 'premeno', '30-34', '0-2', 'no', '2', 'left', 'left_up', 'no\n']
['no-recurrence-events', '50-59', 'ge40', '0-4', '0-2', 'no', '2', 'left', 'central', 'no\n']
['no-recurrence-events', '50-59', 'ge40', '15-19', '0-2', 'no', '1', 'right', 'central', 'no\n']
['no-recurrence-events', '40-49', 'premeno', '10-14', '0-2', 'no', '2', 'left', 'left_low', 'no\n']
['no-recurrence-events', '40-49', 'premeno', '30-34', '0-2', 'no', '1', 'left', 'left_low', 'no\n']
['no-recurrence-events', '50-59', 'ge40', '20-24', '0-2', 'no', '1', 'right', 'left_low', 'no\n']
['no-recurrence-events', '60-69', 'ge40', '25-29', '0-2', 'no', '2', 'left', 'left_low', 'no\n']
['no-recurrence-events', '60-69', 'ge40', '5-9', '0-2', 'no', '1', 'left', 'central', 'no\n']
['no-recurrence-events', '40-49', 'premeno', '10-14', '0-2', 'no', '2', 'left', 'left_up', 'no\n']
['no-recurrence-events', '50-59', 'ge40', '50-54', '0-2', 'no', '1', 'right', 'right_up', 'no\n']
['no-recurrence-events', '50-59', 'ge40', '30-34', '0-2', 'no', '1', 'left', 'left_up', 'no\n']
['no-recurrence-events', '40-49', 'premeno', '25-29', '0-2', 'no', '2', 'right', 'left_low', 'no\n']
['no-recurrence-events', '50-59', 'premeno', '25-29', '0-2', 'no', '1', 'right', 'left_up', 'no\n']
['no-recurrence-events', '40-49', 'premeno', '20-24', '0-2', 'no', '1', 'right', 'right_up', 'no\n']
['no-recurrence-events', '40-49', 'premeno', '20-24', '0-2', 'no', '1', 'right', 'left_low', 'no\n']
['no-recurrence-events', '50-59', 'lt40', '15-19', '0-2', 'no', '2', 'left', 'left_low', 'no\n']
['no-recurrence-events', '30-39', 'premeno', '20-24', '0-2', 'no', '2', 'left', 'right_low', 'no\n']
['no-recurrence-events', '50-59', 'premeno', '15-19', '0-2', 'no', '1', 'left', 'left_low', 'no\n']
['no-recurrence-events', '70-79', 'ge40', '20-24', '0-2', 'no', '3', 'left', 'left_up', 'no\n']
['no-recurrence-events', '70-79', 'ge40', '40-44', '0-2', 'no', '1', 'right', 'left_up', 'no\n']
['no-recurrence-events', '70-79', 'ge40', '40-44', '0-2', 'no', '1', 'right', 'right_up', 'no\n']
['no-recurrence-events', '50-59', 'ge40', '0-4', '0-2', 'no', '1', 'right', 'central', 'no\n']
['no-recurrence-events', '50-59', 'ge40', '5-9', '0-2', 'no', '2', 'right', 'right_up', 'no\n']
['no-recurrence-events', '60-69', 'ge40', '30-34', '0-2', 'no', '1', 'left', 'left_up', 'no\n']
['no-recurrence-events', '60-69', 'ge40', '15-19', '0-2', 'no', '1', 'right', 'left_up', 'no\n']
['no-recurrence-events', '40-49', 'premeno', '20-24', '0-2', 'no', '2', 'left', 'central', 'no\n']
['no-recurrence-events', '40-49', 'premeno', '10-14', '0-2', 'no', '1', 'right', 'right_low', 'no\n']
['no-recurrence-events', '50-59', 'ge40', '0-4', '0-2', 'no', '1', 'left', 'left_low', 'no\n']
['no-recurrence-events', '20-29', 'premeno', '35-39', '0-2', 'no', '2', 'right', 'right_up', 'no\n']
['no-recurrence-events', '40-49', 'premeno', '25-29', '0-2', 'no', '1', 'left', 'right_low', 'no\n']
['no-recurrence-events', '40-49', 'premeno', '10-14', '0-2', 'no', '1', 'right', 'left_up', 'no\n']
['no-recurrence-events', '40-49', 'premeno', '25-29', '0-2', 'no', '1', 'right', 'right_low', 'no\n']
['no-recurrence-events', '50-59', 'ge40', '20-24', '0-2', 'no', '3', 'left', 'left_up', 'no\n']
['no-recurrence-events', '50-59', 'ge40', '35-39', '0-2', 'no', '3', 'left', 'left_low', 'no\n']
['no-recurrence-events', '60-69', 'ge40', '50-54', '0-2', 'no', '2', 'left', 'left_low', 'no\n']
['no-recurrence-events', '60-69', 'ge40', '10-14', '0-2', 'no', '1', 'left', 'left_low', 'no\n']
['no-recurrence-events', '40-49', 'premeno', '25-29', '0-2', 'no', '2', 'right', 'left_up', 'no\n']
['no-recurrence-events', '60-69', 'ge40', '20-24', '0-2', 'no', '2', 'left', 'left_up', 'no\n']
['no-recurrence-events', '50-59', 'premeno', '15-19', '0-2', 'no', '2', 'right', 'right_low', 'no\n']
['no-recurrence-events', '30-39', 'premeno', '5-9', '0-2', 'no', '2', 'left', 'right_low', 'no\n']
['no-recurrence-events', '50-59', 'ge40', '10-14', '0-2', 'no', '1', 'left', 'left_low', 'no\n']
['no-recurrence-events', '50-59', 'ge40', '10-14', '0-2', 'no', '2', 'left', 'left_low', 'no\n']
['no-recurrence-events', '30-39', 'premeno', '25-29', '0-2', 'no', '1', 'left', 'central', 'no\n']
['no-recurrence-events', '50-59', 'premeno', '25-29', '0-2', 'no', '2', 'left', 'left_low', 'no\n']
['no-recurrence-events', '40-49', 'premeno', '25-29', '0-2', 'no', '2', 'right', 'central', 'no\n']
['no-recurrence-events', '50-59', 'ge40', '10-14', '0-2', 'no', '2', 'right', 'left_low', 'no\n']
['no-recurrence-events', '60-69', 'ge40', '10-14', '0-2', 'no', '1', 'left', 'left_up', 'no\n']
['no-recurrence-events', '60-69', 'ge40', '15-19', '0-2', 'no', '2', 'right', 'left_low', 'no\n']
['no-recurrence-events', '50-59', 'ge40', '15-19', '0-2', 'no', '2', 'right', 'left_low', 'no\n']
['no-recurrence-events', '40-49', 'premeno', '20-24', '0-2', 'no', '1', 'left', 'right_low', 'no\n']
['no-recurrence-events', '50-59', 'ge40', '35-39', '0-2', 'no', '3', 'left', 'left_up', 'no\n']
['no-recurrence-events', '60-69', 'ge40', '25-29', '0-2', 'no', '2', 'right', 'left_low', 'no\n']
['no-recurrence-events', '70-79', 'ge40', '0-4', '0-2', 'no', '1', 'left', 'right_low', 'no\n']
['no-recurrence-events', '50-59', 'ge40', '20-24', '0-2', 'no', '3', 'right', 'left_up', 'no\n']
['no-recurrence-events', '40-49', 'premeno', '40-44', '0-2', 'no', '1', 'right', 'left_up', 'no\n']
['no-recurrence-events', '30-39', 'premeno', '0-4', '0-2', 'no', '2', 'right', 'central', 'no\n']
['no-recurrence-events', '50-59', 'ge40', '20-24', '0-2', 'no', '3', 'left', 'left_up', 'no\n']
['no-recurrence-events', '50-59', 'ge40', '25-29', '0-2', 'no', '2', 'right', 'left_up', 'no\n']
['no-recurrence-events', '60-69', 'ge40', '20-24', '0-2', 'no', '2', 'right', 'left_up', 'no\n']
['no-recurrence-events', '50-59', 'premeno', '10-14', '0-2', 'no', '1', 'left', 'left_low', 'no\n']
['no-recurrence-events', '40-49', 'premeno', '30-34', '0-2', 'no', '2', 'right', 'right_low', 'no\n']
['no-recurrence-events', '60-69', 'ge40', '30-34', '0-2', 'no', '2', 'left', 'left_up', 'no\n']
['no-recurrence-events', '60-69', 'ge40', '15-19', '0-2', 'no', '2', 'right', 'left_up', 'no\n']
['no-recurrence-events', '40-49', 'premeno', '30-34', '0-2', 'no', '1', 'left', 'right_up', 'no\n']
['no-recurrence-events', '30-39', 'premeno', '25-29', '0-2', 'no', '2', 'left', 'left_low', 'no\n']
['no-recurrence-events', '40-49', 'ge40', '20-24', '0-2', 'no', '3', 'left', 'left_low', 'no\n']
['no-recurrence-events', '50-59', 'ge40', '30-34', '0-2', 'no', '3', 'right', 'left_low', 'no\n']
['no-recurrence-events', '50-59', 'premeno', '25-29', '0-2', 'no', '2', 'right', 'right_low', 'no\n']
['no-recurrence-events', '40-49', 'premeno', '20-24', '0-2', 'no', '2', 'left', 'right_low', 'no\n']
['no-recurrence-events', '40-49', 'premeno', '10-14', '0-2', 'no', '2', 'right', 'left_low', 'no\n']
['no-recurrence-events', '40-49', 'premeno', '30-34', '0-2', 'no', '1', 'right', 'left_up', 'no\n']
['no-recurrence-events', '40-49', 'premeno', '20-24', '0-2', 'no', '2', 'left', 'left_up', 'no\n']
['no-recurrence-events', '30-39', 'premeno', '40-44', '0-2', 'no', '2', 'right', 'right_up', 'no\n']
['no-recurrence-events', '40-49', 'premeno', '30-34', '0-2', 'no', '3', 'right', 'right_up', 'no\n']
['no-recurrence-events', '60-69', 'ge40', '30-34', '0-2', 'no', '1', 'right', 'left_up', 'no\n']
['no-recurrence-events', '50-59', 'ge40', '25-29', '0-2', 'no', '1', 'left', 'left_low', 'no\n']
['no-recurrence-events', '50-59', 'ge40', '15-19', '0-2', 'no', '1', 'right', 'central', 'no\n']
['no-recurrence-events', '40-49', 'premeno', '20-24', '0-2', 'no', '2', 'right', 'left_up', 'no\n']
['no-recurrence-events', '40-49', 'premeno', '10-14', '0-2', 'no', '1', 'right', 'left_up', 'no\n']
['no-recurrence-events', '40-49', 'premeno', '35-39', '0-2', 'no', '2', 'right', 'right_up', 'no\n']
['no-recurrence-events', '50-59', 'ge40', '20-24', '0-2', 'no', '2', 'right', 'left_up', 'no\n']
['no-recurrence-events', '30-39', 'premeno', '15-19', '0-2', 'no', '1', 'left', 'left_low', 'no\n']
['no-recurrence-events', '40-49', 'ge40', '20-24', '0-2', 'no', '3', 'left', 'left_up', 'no\n']
['no-recurrence-events', '30-39', 'premeno', '10-14', '0-2', 'no', '1', 'right', 'left_low', 'no\n']
['no-recurrence-events', '60-69', 'ge40', '15-19', '0-2', 'no', '1', 'left', 'right_low', 'no\n']
['no-recurrence-events', '60-69', 'ge40', '20-24', '0-2', 'no', '1', 'left', 'left_low', 'no\n']
['no-recurrence-events', '50-59', 'ge40', '15-19', '0-2', 'no', '2', 'right', 'right_up', 'no\n']
['no-recurrence-events', '50-59', 'ge40', '40-44', '0-2', 'no', '3', 'left', 'left_up', 'no\n']
['no-recurrence-events', '50-59', 'ge40', '30-34', '0-2', 'no', '1', 'right', 'left_low', 'no\n']
['no-recurrence-events', '60-69', 'ge40', '10-14', '0-2', 'no', '1', 'right', 'left_low', 'no\n']
['no-recurrence-events', '70-79', 'ge40', '10-14', '0-2', 'no', '2', 'left', 'central', 'no\n']
['no-recurrence-events', '30-39', 'premeno', '30-34', '6-8', 'yes', '2', 'right', 'right_up', 'no\n']
['no-recurrence-events', '30-39', 'premeno', '25-29', '6-8', 'yes', '2', 'right', 'left_up', 'yes\n']
['no-recurrence-events', '50-59', 'premeno', '25-29', '0-2', 'yes', '2', 'left', 'left_up', 'no\n']
['no-recurrence-events', '40-49', 'premeno', '35-39', '9-11', 'yes', '2', 'right', 'left_up', 'yes\n']
['no-recurrence-events', '40-49', 'premeno', '35-39', '9-11', 'yes', '2', 'right', 'right_up', 'yes\n']
['no-recurrence-events', '40-49', 'premeno', '40-44', '3-5', 'yes', '3', 'right', 'left_up', 'yes\n']
['no-recurrence-events', '40-49', 'premeno', '30-34', '6-8', 'no', '2', 'left', 'left_up', 'no\n']
['no-recurrence-events', '50-59', 'ge40', '40-44', '0-2', 'no', '3', 'left', 'right_up', 'no\n']
['no-recurrence-events', '60-69', 'ge40', '30-34', '0-2', 'no', '2', 'left', 'left_low', 'yes\n']
['no-recurrence-events', '30-39', 'premeno', '20-24', '3-5', 'no', '2', 'right', 'central', 'no\n']
['no-recurrence-events', '30-39', 'premeno', '40-44', '3-5', 'no', '3', 'right', 'right_up', 'yes\n']
['no-recurrence-events', '40-49', 'premeno', '5-9', '0-2', 'no', '1', 'left', 'left_low', 'yes\n']
['no-recurrence-events', '30-39', 'premeno', '40-44', '0-2', 'no', '2', 'left', 'left_low', 'yes\n']
['no-recurrence-events', '40-49', 'premeno', '30-34', '0-2', 'no', '2', 'left', 'right_low', 'no\n']
['no-recurrence-events', '50-59', 'ge40', '40-44', '3-5', 'yes', '2', 'left', 'left_low', 'no\n']
['no-recurrence-events', '50-59', 'premeno', '20-24', '3-5', 'yes', '2', 'left', 'left_low', 'no\n']
['no-recurrence-events', '60-69', 'ge40', '10-14', '0-2', 'no', '1', 'left', 'left_up', 'no\n']
['no-recurrence-events', '40-49', 'premeno', '45-49', '0-2', 'no', '2', 'left', 'left_low', 'yes\n']
['no-recurrence-events', '60-69', 'ge40', '45-49', '6-8', 'yes', '3', 'left', 'central', 'no\n']
['no-recurrence-events', '40-49', 'premeno', '25-29', '0-2', '?', '2', 'left', 'right_low', 'yes\n']
['no-recurrence-events', '60-69', 'ge40', '50-54', '0-2', 'no', '2', 'right', 'left_up', 'yes\n']
['no-recurrence-events', '50-59', 'premeno', '30-34', '3-5', 'yes', '2', 'left', 'left_low', 'yes\n']
['no-recurrence-events', '30-39', 'premeno', '20-24', '0-2', 'no', '3', 'left', 'central', 'no\n']
['no-recurrence-events', '50-59', 'lt40', '30-34', '0-2', 'no', '3', 'right', 'left_up', 'no\n']
['no-recurrence-events', '50-59', 'ge40', '25-29', '15-17', 'yes', '3', 'right', 'left_up', 'no\n']
['no-recurrence-events', '60-69', 'ge40', '30-34', '3-5', 'yes', '3', 'left', 'left_low', 'no\n']
['no-recurrence-events', '50-59', 'ge40', '35-39', '15-17', 'no', '3', 'left', 'left_low', 'no\n']
['no-recurrence-events', '60-69', 'ge40', '15-19', '0-2', 'no', '3', 'right', 'left_up', 'yes\n']
['no-recurrence-events', '30-39', 'lt40', '15-19', '0-2', 'no', '3', 'right', 'left_up', 'no\n']
['no-recurrence-events', '60-69', 'ge40', '40-44', '3-5', 'no', '2', 'right', 'left_up', 'yes\n']
['no-recurrence-events', '50-59', 'ge40', '25-29', '3-5', 'yes', '3', 'right', 'left_up', 'no\n']
['no-recurrence-events', '50-59', 'premeno', '30-34', '0-2', 'no', '1', 'left', 'central', 'no\n']
['no-recurrence-events', '50-59', 'ge40', '30-34', '0-2', 'no', '1', 'right', 'central', 'no\n']
['no-recurrence-events', '40-49', 'premeno', '35-39', '0-2', 'no', '1', 'left', 'left_low', 'no\n']
['no-recurrence-events', '40-49', 'premeno', '25-29', '0-2', 'no', '3', 'right', 'left_up', 'yes\n']
['no-recurrence-events', '40-49', 'premeno', '30-34', '3-5', 'yes', '2', 'right', 'left_low', 'no\n']
['no-recurrence-events', '60-69', 'ge40', '10-14', '0-2', 'no', '2', 'right', 'left_up', 'yes\n']
['no-recurrence-events', '60-69', 'ge40', '25-29', '3-5', '?', '1', 'right', 'left_up', 'yes\n']
['no-recurrence-events', '60-69', 'ge40', '25-29', '3-5', '?', '1', 'right', 'left_low', 'yes\n']
['no-recurrence-events', '40-49', 'premeno', '20-24', '3-5', 'no', '2', 'right', 'left_up', 'no\n']
['no-recurrence-events', '40-49', 'premeno', '20-24', '3-5', 'no', '2', 'right', 'left_low', 'no\n']
['no-recurrence-events', '40-49', 'ge40', '40-44', '15-17', 'yes', '2', 'right', 'left_up', 'yes\n']
['no-recurrence-events', '50-59', 'premeno', '10-14', '0-2', 'no', '2', 'right', 'left_up', 'no\n']
['no-recurrence-events', '40-49', 'ge40', '30-34', '0-2', 'no', '2', 'left', 'left_up', 'yes\n']
['no-recurrence-events', '30-39', 'premeno', '20-24', '3-5', 'yes', '2', 'right', 'left_up', 'yes\n']
['no-recurrence-events', '30-39', 'premeno', '15-19', '0-2', 'no', '1', 'left', 'left_low', 'no\n']
['no-recurrence-events', '60-69', 'ge40', '30-34', '6-8', 'yes', '2', 'right', 'right_up', 'no\n']
['no-recurrence-events', '50-59', 'ge40', '20-24', '3-5', 'yes', '2', 'right', 'left_up', 'no\n']
['no-recurrence-events', '50-59', 'premeno', '25-29', '3-5', 'yes', '2', 'left', 'left_low', 'yes\n']
['no-recurrence-events', '40-49', 'premeno', '30-34', '0-2', 'no', '2', 'right', 'right_up', 'yes\n']
['no-recurrence-events', '40-49', 'ge40', '25-29', '0-2', 'no', '2', 'left', 'left_low', 'no\n']
['no-recurrence-events', '60-69', 'ge40', '10-14', '0-2', 'no', '2', 'left', 'left_low', 'no\n']
['no-recurrence-events', '50-59', 'premeno', '25-29', '3-5', 'no', '2', 'right', 'left_up', 'yes\n']
['no-recurrence-events', '40-49', 'premeno', '20-24', '0-2', 'no', '3', 'right', 'left_low', 'yes\n']
['no-recurrence-events', '40-49', 'premeno', '35-39', '0-2', 'yes', '3', 'right', 'left_up', 'yes\n']
['no-recurrence-events', '40-49', 'premeno', '35-39', '0-2', 'yes', '3', 'right', 'left_low', 'yes\n']
['no-recurrence-events', '40-49', 'premeno', '25-29', '0-2', 'no', '1', 'right', 'left_low', 'yes\n']
['no-recurrence-events', '50-59', 'ge40', '30-34', '9-11', '?', '3', 'left', 'left_up', 'yes\n']
['no-recurrence-events', '50-59', 'ge40', '30-34', '9-11', '?', '3', 'left', 'left_low', 'yes\n']
['no-recurrence-events', '40-49', 'premeno', '20-24', '6-8', 'no', '2', 'right', 'left_low', 'yes\n']
['no-recurrence-events', '50-59', 'ge40', '25-29', '0-2', 'no', '1', 'left', 'right_low', 'no\n']
['no-recurrence-events', '60-69', 'ge40', '15-19', '0-2', 'no', '2', 'left', 'left_up', 'yes\n']
['no-recurrence-events', '40-49', 'premeno', '10-14', '0-2', 'no', '2', 'right', 'left_up', 'no\n']
['no-recurrence-events', '50-59', 'ge40', '20-24', '0-2', 'yes', '2', 'right', 'left_up', 'no\n']
['no-recurrence-events', '40-49', 'premeno', '15-19', '12-14', 'no', '3', 'right', 'right_low', 'yes\n']
['no-recurrence-events', '40-49', 'premeno', '25-29', '0-2', 'no', '2', 'left', 'left_up', 'yes\n']
['no-recurrence-events', '50-59', 'ge40', '30-34', '6-8', 'yes', '2', 'left', 'left_low', 'no\n']
['no-recurrence-events', '30-39', 'premeno', '10-14', '0-2', 'no', '2', 'left', 'right_low', 'no\n']
['no-recurrence-events', '50-59', 'premeno', '50-54', '0-2', 'yes', '2', 'right', 'left_up', 'yes\n']
['no-recurrence-events', '50-59', 'ge40', '35-39', '0-2', 'no', '2', 'left', 'left_up', 'no\n']
['no-recurrence-events', '50-59', 'premeno', '10-14', '3-5', 'no', '1', 'right', 'left_up', 'no\n']
['no-recurrence-events', '40-49', 'premeno', '10-14', '0-2', 'no', '2', 'left', 'left_low', 'yes\n']
['no-recurrence-events', '50-59', 'ge40', '15-19', '0-2', 'yes', '2', 'left', 'central', 'yes\n']
['no-recurrence-events', '50-59', 'premeno', '25-29', '0-2', 'no', '1', 'left', 'left_low', 'no\n']
['no-recurrence-events', '60-69', 'ge40', '25-29', '0-2', 'no', '3', 'right', 'left_low', 'no\n']
['recurrence-events', '50-59', 'premeno', '15-19', '0-2', 'no', '2', 'left', 'left_low', 'no\n']
['recurrence-events', '40-49', 'premeno', '40-44', '0-2', 'no', '1', 'left', 'left_low', 'no\n']
['recurrence-events', '50-59', 'ge40', '35-39', '0-2', 'no', '2', 'left', 'left_low', 'no\n']
['recurrence-events', '50-59', 'premeno', '25-29', '0-2', 'no', '2', 'left', 'right_up', 'no\n']
['recurrence-events', '30-39', 'premeno', '0-4', '0-2', 'no', '2', 'right', 'central', 'no\n']
['recurrence-events', '50-59', 'ge40', '30-34', '0-2', 'no', '3', 'left', '?', 'no\n']
['recurrence-events', '50-59', 'premeno', '25-29', '0-2', 'no', '2', 'left', 'right_up', 'no\n']
['recurrence-events', '50-59', 'premeno', '30-34', '0-2', 'no', '3', 'left', 'right_up', 'no\n']
['recurrence-events', '40-49', 'premeno', '35-39', '0-2', 'no', '1', 'right', 'left_up', 'no\n']
['recurrence-events', '40-49', 'premeno', '20-24', '0-2', 'no', '2', 'left', 'left_low', 'no\n']
['recurrence-events', '50-59', 'ge40', '20-24', '0-2', 'no', '2', 'right', 'central', 'no\n']
['recurrence-events', '40-49', 'premeno', '30-34', '0-2', 'no', '3', 'right', 'right_up', 'no\n']
['recurrence-events', '50-59', 'premeno', '25-29', '0-2', 'no', '1', 'right', 'left_up', 'no\n']
['recurrence-events', '60-69', 'ge40', '40-44', '0-2', 'no', '2', 'right', 'left_low', 'no\n']
['recurrence-events', '40-49', 'ge40', '20-24', '0-2', 'no', '2', 'right', 'left_up', 'no\n']
['recurrence-events', '50-59', 'ge40', '20-24', '0-2', 'no', '2', 'left', 'left_up', 'no\n']
['recurrence-events', '40-49', 'premeno', '15-19', '0-2', 'no', '2', 'left', 'left_up', 'no\n']
['recurrence-events', '60-69', 'ge40', '30-34', '0-2', 'no', '3', 'right', 'central', 'no\n']
['recurrence-events', '30-39', 'premeno', '15-19', '0-2', 'no', '1', 'right', 'left_low', 'no\n']
['recurrence-events', '40-49', 'premeno', '25-29', '0-2', 'no', '3', 'left', 'right_up', 'no\n']
['recurrence-events', '30-39', 'premeno', '30-34', '0-2', 'no', '1', 'right', 'left_up', 'no\n']
['recurrence-events', '60-69', 'ge40', '25-29', '0-2', 'no', '3', 'left', 'right_low', 'yes\n']
['recurrence-events', '60-69', 'ge40', '20-24', '0-2', 'no', '3', 'right', 'left_low', 'no\n']
['recurrence-events', '30-39', 'premeno', '25-29', '3-5', 'yes', '3', 'left', 'left_low', 'yes\n']
['recurrence-events', '40-49', 'ge40', '20-24', '3-5', 'no', '3', 'right', 'left_low', 'yes\n']
['recurrence-events', '40-49', 'premeno', '30-34', '15-17', 'yes', '3', 'left', 'left_low', 'no\n']
['recurrence-events', '50-59', 'premeno', '30-34', '0-2', 'no', '3', 'right', 'left_up', 'yes\n']
['recurrence-events', '60-69', 'ge40', '40-44', '3-5', 'yes', '3', 'right', 'left_low', 'no\n']
['recurrence-events', '60-69', 'ge40', '45-49', '0-2', 'no', '1', 'right', 'right_up', 'yes\n']
['recurrence-events', '50-59', 'premeno', '50-54', '9-11', 'yes', '2', 'right', 'left_up', 'no\n']
['recurrence-events', '40-49', 'premeno', '30-34', '3-5', 'no', '2', 'right', 'left_up', 'no\n']
['recurrence-events', '30-39', 'premeno', '30-34', '3-5', 'no', '3', 'right', 'left_up', 'yes\n']
['recurrence-events', '70-79', 'ge40', '15-19', '9-11', '?', '1', 'left', 'left_low', 'yes\n']
['recurrence-events', '60-69', 'ge40', '30-34', '0-2', 'no', '3', 'right', 'left_up', 'yes\n']
['recurrence-events', '50-59', 'premeno', '25-29', '3-5', 'yes', '3', 'left', 'left_low', 'yes\n']
['recurrence-events', '40-49', 'premeno', '25-29', '0-2', 'no', '2', 'right', 'left_low', 'no\n']
['recurrence-events', '40-49', 'premeno', '25-29', '0-2', 'no', '2', 'right', 'left_low', 'no\n']
['recurrence-events', '30-39', 'premeno', '35-39', '0-2', 'no', '3', 'left', 'left_low', 'no\n']
['recurrence-events', '40-49', 'premeno', '20-24', '3-5', 'yes', '2', 'right', 'right_up', 'yes\n']
['recurrence-events', '60-69', 'ge40', '20-24', '3-5', 'no', '2', 'left', 'left_low', 'yes\n']
['recurrence-events', '40-49', 'premeno', '15-19', '15-17', 'yes', '3', 'left', 'left_low', 'no\n']
['recurrence-events', '50-59', 'ge40', '25-29', '6-8', 'no', '3', 'left', 'left_low', 'yes\n']
['recurrence-events', '50-59', 'ge40', '20-24', '3-5', 'yes', '3', 'right', 'right_up', 'no\n']
['recurrence-events', '40-49', 'premeno', '30-34', '12-14', 'yes', '3', 'left', 'left_up', 'yes\n']
['recurrence-events', '30-39', 'premeno', '30-34', '9-11', 'no', '2', 'right', 'left_up', 'yes\n']
['recurrence-events', '30-39', 'premeno', '15-19', '6-8', 'yes', '3', 'left', 'left_low', 'yes\n']
['recurrence-events', '50-59', 'ge40', '30-34', '9-11', 'yes', '3', 'left', 'right_low', 'yes\n']
['recurrence-events', '60-69', 'ge40', '35-39', '6-8', 'yes', '3', 'left', 'left_low', 'no\n']
['recurrence-events', '30-39', 'premeno', '20-24', '3-5', 'yes', '2', 'left', 'left_low', 'no\n']
['recurrence-events', '40-49', 'premeno', '25-29', '0-2', 'no', '3', 'left', 'left_up', 'no\n']
['recurrence-events', '40-49', 'premeno', '50-54', '0-2', 'no', '2', 'right', 'left_low', 'yes\n']
['recurrence-events', '30-39', 'premeno', '40-44', '0-2', 'no', '1', 'left', 'left_up', 'no\n']
['recurrence-events', '60-69', 'ge40', '50-54', '0-2', 'no', '3', 'right', 'left_up', 'no\n']
['recurrence-events', '40-49', 'premeno', '30-34', '0-2', 'yes', '3', 'right', 'right_up', 'no\n']
['recurrence-events', '40-49', 'premeno', '30-34', '6-8', 'yes', '3', 'right', 'left_up', 'no\n']
['recurrence-events', '40-49', 'premeno', '30-34', '0-2', 'no', '1', 'left', 'left_low', 'yes\n']
['recurrence-events', '40-49', 'premeno', '20-24', '3-5', 'yes', '2', 'left', 'left_low', 'yes\n']
['recurrence-events', '50-59', 'ge40', '30-34', '6-8', 'yes', '2', 'left', 'right_low', 'yes\n']
['recurrence-events', '50-59', 'ge40', '30-34', '3-5', 'no', '3', 'right', 'left_up', 'no\n']
['recurrence-events', '60-69', 'ge40', '25-29', '3-5', 'no', '2', 'right', 'right_up', 'no\n']
['recurrence-events', '40-49', 'ge40', '25-29', '12-14', 'yes', '3', 'left', 'right_low', 'yes\n']
['recurrence-events', '60-69', 'ge40', '25-29', '0-2', 'no', '3', 'left', 'left_up', 'no\n']
['recurrence-events', '50-59', 'lt40', '20-24', '0-2', '?', '1', 'left', 'left_up', 'no\n']
['recurrence-events', '50-59', 'lt40', '20-24', '0-2', '?', '1', 'left', 'left_low', 'no\n']
['recurrence-events', '30-39', 'premeno', '35-39', '9-11', 'yes', '3', 'left', 'left_low', 'no\n']
['recurrence-events', '40-49', 'premeno', '30-34', '3-5', 'yes', '2', 'left', 'right_up', 'no\n']
['recurrence-events', '60-69', 'ge40', '20-24', '24-26', 'yes', '3', 'left', 'left_low', 'yes\n']
['recurrence-events', '30-39', 'premeno', '35-39', '0-2', 'no', '3', 'left', 'left_low', 'no\n']
['recurrence-events', '40-49', 'premeno', '25-29', '0-2', 'no', '2', 'left', 'left_low', 'yes\n']
['recurrence-events', '50-59', 'ge40', '30-34', '6-8', 'yes', '3', 'left', 'right_low', 'no\n']
['recurrence-events', '50-59', 'premeno', '25-29', '0-2', 'no', '3', 'right', 'left_low', 'yes\n']
['recurrence-events', '40-49', 'premeno', '15-19', '0-2', 'yes', '3', 'right', 'left_up', 'no\n']
['recurrence-events', '60-69', 'ge40', '30-34', '0-2', 'yes', '2', 'right', 'right_up', 'yes\n']
['recurrence-events', '60-69', 'ge40', '30-34', '3-5', 'yes', '2', 'left', 'central', 'yes\n']
['recurrence-events', '40-49', 'premeno', '25-29', '9-11', 'yes', '3', 'right', 'left_up', 'no\n']
['recurrence-events', '30-39', 'premeno', '25-29', '6-8', 'yes', '3', 'left', 'right_low', 'yes\n']
['recurrence-events', '60-69', 'ge40', '10-14', '6-8', 'yes', '3', 'left', 'left_up', 'yes\n']
['recurrence-events', '50-59', 'premeno', '35-39', '15-17', 'yes', '3', 'right', 'right_up', 'no\n']
['recurrence-events', '50-59', 'ge40', '40-44', '6-8', 'yes', '3', 'left', 'left_low', 'yes\n']
['recurrence-events', '50-59', 'ge40', '40-44', '6-8', 'yes', '3', 'left', 'left_low', 'yes\n']
['recurrence-events', '30-39', 'premeno', '30-34', '0-2', 'no', '2', 'left', 'left_up', 'no\n']
['recurrence-events', '30-39', 'premeno', '20-24', '0-2', 'no', '3', 'left', 'left_up', 'yes\n']
['recurrence-events', '60-69', 'ge40', '20-24', '0-2', 'no', '1', 'right', 'left_up', 'no\n']
['recurrence-events', '40-49', 'ge40', '30-34', '3-5', 'no', '3', 'left', 'left_low', 'no\n']
['recurrence-events', '50-59', 'ge40', '30-34', '3-5', 'no', '3', 'left', 'left_low', 'no\n']
0
1
2
3
4
5
6
7
8
9
10
11
12
13
14
15
16
17
18
19
20
21
22
23
24
Avg S 0.7622441520467834
Svg T: 1.2681622210000933
Sdata: [0.7622441520467836, 0.7622441520467836, 0.7622441520467836, 0.7622441520467836, 0.7622441520467836, 0.7622441520467836, 0.7622441520467836, 0.7622441520467836, 0.7622441520467836, 0.7622441520467836, 0.7622441520467836, 0.7622441520467836, 0.7622441520467836, 0.7622441520467836, 0.7622441520467836, 0.7622441520467836, 0.7622441520467836, 0.7622441520467836, 0.7622441520467836, 0.7622441520467836, 0.7622441520467836, 0.7622441520467836, 0.7622441520467836, 0.7622441520467836, 0.7622441520467836]
Tdata: [1.2648423199989338, 1.2916509539991239, 1.2257327980005357, 1.246185747000709, 1.2460949500000424, 1.29216672900111, 1.2529342050002015, 1.2249420179996378, 1.2428496970005654, 1.2497328059998836, 1.2473571820009965, 1.2347236269997666, 1.236310666999998, 1.2397299380008917, 1.2801836099988577, 1.2608714880007028, 1.289514602998679, 1.2871258330014825, 1.2834303160016134, 1.2860187639998912, 1.2798228609990474, 1.2584491680008796, 1.4428281979999156, 1.2652948439990723, 1.2752622019997943]
P: [[1e-05, 2e-10], [1e-05, 2e-10], [1e-05, 2e-10], [1e-05, 2e-10], [1e-05, 2e-10], [1e-05, 2e-10], [1e-05, 2e-10], [1e-05, 2e-10], [1e-05, 2e-10], [1e-05, 2e-10], [1e-05, 2e-10], [1e-05, 2e-10], [1e-05, 2e-10], [1e-05, 2e-10], [1e-05, 2e-10], [1e-05, 2e-10], [1e-05, 2e-10], [1e-05, 2e-10], [1e-05, 2e-10], [1e-05, 2e-10], [1e-05, 2e-10], [1e-05, 2e-10], [1e-05, 2e-10], [1e-05, 2e-10], [1e-05, 2e-10]]
0
1
2
3
4
5
6
7
8
9
10
11
12
13
14
15
16
17
18
19
20
21
22
23
24
Avg S 0.7657529239766078
Svg T: 12.432632327159808
Sdata: [0.7657529239766081, 0.7657529239766081, 0.7657529239766081, 0.7657529239766081, 0.7657529239766081, 0.7657529239766081, 0.7657529239766081, 0.7657529239766081, 0.7657529239766081, 0.7657529239766081, 0.7657529239766081, 0.7657529239766081, 0.7657529239766081, 0.7657529239766081, 0.7657529239766081, 0.7657529239766081, 0.7657529239766081, 0.7657529239766081, 0.7657529239766081, 0.7657529239766081, 0.7657529239766081, 0.7657529239766081, 0.7657529239766081, 0.7657529239766081, 0.7657529239766081]
Tdata: [12.373705861999042, 12.32389259699994, 12.55709384599868, 12.492972690999522, 12.400274441000875, 12.511439910998888, 12.384158197999568, 12.297607590000553, 12.286101821999182, 12.264165381000566, 12.429556168999625, 12.542807498000911, 12.393493088000469, 12.365099475000534, 12.428657504999137, 12.454809386999841, 12.319968410000001, 12.410250512999482, 12.332173679000334, 12.64878846299871, 12.5880350239986, 12.698559196000133, 12.413852407000377, 12.481405933000133, 12.41693909300011]
P: [[100.0, 0.0002583099330029771], [100.0, 0.0002583099330029771], [100.0, 0.0002583099330029771], [100.0, 0.0002583099330029771], [100.0, 0.0002583099330029771], [100.0, 0.0002583099330029771], [100.0, 0.0002583099330029771], [100.0, 0.0002583099330029771], [100.0, 0.0002583099330029771], [100.0, 0.0002583099330029771], [100.0, 0.0002583099330029771], [100.0, 0.0002583099330029771], [100.0, 0.0002583099330029771], [100.0, 0.0002583099330029771], [100.0, 0.0002583099330029771], [100.0, 0.0002583099330029771], [100.0, 0.0002583099330029771], [100.0, 0.0002583099330029771], [100.0, 0.0002583099330029771], [100.0, 0.0002583099330029771], [100.0, 0.0002583099330029771], [100.0, 0.0002583099330029771], [100.0, 0.0002583099330029771], [100.0, 0.0002583099330029771], [100.0, 0.0002583099330029771]]
0
1
2
3
4
5
6
7
8
9
10
11
12
13
14
15
16
17
18
19
20
21
22
23
24
Avg S 0.7657529239766078
Svg T: 123.01472584239993
Sdata: [0.7657529239766081, 0.7657529239766081, 0.7657529239766081, 0.7657529239766081, 0.7657529239766081, 0.7657529239766081, 0.7657529239766081, 0.7657529239766081, 0.7657529239766081, 0.7657529239766081, 0.7657529239766081, 0.7657529239766081, 0.7657529239766081, 0.7657529239766081, 0.7657529239766081, 0.7657529239766081, 0.7657529239766081, 0.7657529239766081, 0.7657529239766081, 0.7657529239766081, 0.7657529239766081, 0.7657529239766081, 0.7657529239766081, 0.7657529239766081, 0.7657529239766081]
Tdata: [123.65050302800046, 122.98788986900036, 123.08691026799897, 123.41986815500059, 123.84865617999822, 124.4508732180002, 122.81006437399992, 124.62416723999922, 123.37311491299988, 123.77746985700105, 121.34221454599901, 123.11186058600106, 120.78205283599891, 122.02814740599933, 121.2509346400002, 121.23339928600035, 123.62437344200043, 124.5058939540013, 124.38239446900116, 123.45959646299889, 123.48514909699952, 122.43743445299879, 121.67717696799991, 122.25453271200058, 123.76346809999995]
P: [[1.9872184654880534, 0.012379316377825194], [1.9872184654880534, 0.012379316377825194], [1.9872184654880534, 0.012379316377825194], [1.9872184654880534, 0.012379316377825194], [1.9872184654880534, 0.012379316377825194], [1.9872184654880534, 0.012379316377825194], [1.9872184654880534, 0.012379316377825194], [1.9872184654880534, 0.012379316377825194], [1.9872184654880534, 0.012379316377825194], [1.9872184654880534, 0.012379316377825194], [1.9872184654880534, 0.012379316377825194], [1.9872184654880534, 0.012379316377825194], [1.9872184654880534, 0.012379316377825194], [1.9872184654880534, 0.012379316377825194], [1.9872184654880534, 0.012379316377825194], [1.9872184654880534, 0.012379316377825194], [1.9872184654880534, 0.012379316377825194], [1.9872184654880534, 0.012379316377825194], [1.9872184654880534, 0.012379316377825194], [1.9872184654880534, 0.012379316377825194], [1.9872184654880534, 0.012379316377825194], [1.9872184654880534, 0.012379316377825194], [1.9872184654880534, 0.012379316377825194], [1.9872184654880534, 0.012379316377825194], [1.9872184654880534, 0.012379316377825194]]
