0
1
2
3
4
5
6
7
8
9
10
11
12
13
14
15
16
17
18
19
20
21
22
23
24
Avg S 0.8481481481481481
Svg T: 1.6621984621199994
Sdata: [0.8481481481481481, 0.8481481481481481, 0.8481481481481481, 0.8481481481481481, 0.8481481481481481, 0.8481481481481481, 0.8481481481481481, 0.8481481481481481, 0.8481481481481481, 0.8481481481481481, 0.8481481481481481, 0.8481481481481481, 0.8481481481481481, 0.8481481481481481, 0.8481481481481481, 0.8481481481481481, 0.8481481481481481, 0.8481481481481481, 0.8481481481481481, 0.8481481481481481, 0.8481481481481481, 0.8481481481481481, 0.8481481481481481, 0.8481481481481481, 0.8481481481481481]
Tdata: [1.6479717629999997, 1.7300733309999998, 1.6421226499999992, 1.6601656709999997, 1.6205893440000008, 1.6737028509999998, 1.699323089, 1.7300285510000002, 1.6852801540000009, 1.6480202489999982, 1.602236929, 1.6142499159999986, 1.6419668129999998, 1.659659640000001, 1.6418327879999985, 1.6755128460000002, 1.6954415160000025, 1.6535464919999967, 1.693575598999999, 1.6711490579999975, 1.6176693580000006, 1.6428772649999956, 1.6379770039999997, 1.6850368289999977, 1.6849518470000007]
0
1
2
3
4
5
6
7
8
9
10
11
12
13
14
15
16
17
18
19
20
21
22
23
24
Avg S 0.8518518518518515
Svg T: 16.700115419119996
Sdata: [0.8518518518518517, 0.8518518518518517, 0.8518518518518517, 0.8518518518518517, 0.8518518518518517, 0.8518518518518517, 0.8518518518518517, 0.8518518518518517, 0.8518518518518517, 0.8518518518518517, 0.8518518518518517, 0.8518518518518517, 0.8518518518518517, 0.8518518518518517, 0.8518518518518517, 0.8518518518518517, 0.8518518518518517, 0.8518518518518517, 0.8518518518518517, 0.8518518518518517, 0.8518518518518517, 0.8518518518518517, 0.8518518518518517, 0.8518518518518517, 0.8518518518518517]
Tdata: [16.413094596, 16.598480961999996, 16.785549700999994, 16.744509213, 16.623600053000004, 16.30882036700001, 16.399921097000004, 16.34265790500001, 16.83331835299998, 16.551003912999988, 16.795463266000013, 17.089141678999994, 17.346442432000003, 16.698643452, 16.562616134999985, 16.98237647999997, 16.874225104999994, 16.923461175, 16.766416400999958, 16.86588137199999, 16.610040954999988, 16.468711546999998, 16.64564180499997, 16.545868730999985, 16.726998783]
0
1
2
3
4
5
6
7
8
9
10
11
12
13
14
15
16
17
18
19
20
21
22
23
24
Avg S 0.8555555555555553
Svg T: 167.21232613240005
Sdata: [0.8555555555555555, 0.8555555555555555, 0.8555555555555555, 0.8555555555555555, 0.8555555555555555, 0.8555555555555555, 0.8555555555555555, 0.8555555555555555, 0.8555555555555555, 0.8555555555555555, 0.8555555555555555, 0.8555555555555555, 0.8555555555555555, 0.8555555555555555, 0.8555555555555555, 0.8555555555555555, 0.8555555555555555, 0.8555555555555555, 0.8555555555555555, 0.8555555555555555, 0.8555555555555555, 0.8555555555555555, 0.8555555555555555, 0.8555555555555555, 0.8555555555555555]
Tdata: [168.01979471500005, 168.24501505699993, 167.685275154, 169.1046470000001, 168.22774217999995, 167.00371599999994, 168.969646323, 166.29985884100006, 168.38546217099997, 169.33142637700007, 168.87665251199996, 168.06552610800009, 165.570698945, 167.32446881400028, 168.4848312449999, 166.23722382899996, 165.562809088, 167.56340153700012, 165.424960241, 166.65828618600017, 166.4650728219999, 166.67108780000035, 165.67122320399994, 164.69688051699995, 165.7624466440002]
0
1
2
3
4
5
6
7
8
9
10
11
12
13
14
15
16
17
18
19
20
21
22
23
24
Avg S 0.7647058823529416
Svg T: 1.3572018300000854
Sdata: [0.7647058823529411, 0.7647058823529411, 0.7647058823529411, 0.7647058823529411, 0.7647058823529411, 0.7647058823529411, 0.7647058823529411, 0.7647058823529411, 0.7647058823529411, 0.7647058823529411, 0.7647058823529411, 0.7647058823529411, 0.7647058823529411, 0.7647058823529411, 0.7647058823529411, 0.7647058823529411, 0.7647058823529411, 0.7647058823529411, 0.7647058823529411, 0.7647058823529411, 0.7647058823529411, 0.7647058823529411, 0.7647058823529411, 0.7647058823529411, 0.7647058823529411]
Tdata: [1.2975271040004372, 1.3040745280004558, 1.3269829300006677, 1.34440431099938, 1.3720394110005145, 1.284737056999802, 1.2958775030001561, 1.3035135150003043, 1.2870229330001166, 1.4394211529997847, 1.485735157999443, 1.369284776999848, 1.3809583240008578, 1.3261692719997882, 1.3642631820002862, 1.414122354999563, 1.338992011999835, 1.3756407529999706, 1.3568656320003356, 1.3381983630006289, 1.3579142970002067, 1.5054365689993574, 1.3517222420005055, 1.3570074709996334, 1.3521348980002585]
0
1
2
3
4
5
6
7
8
9
10
11
12
13
14
15
16
17
18
19
20
21
22
23
24
Avg S 0.7679738562091498
Svg T: 13.050894570680029
Sdata: [0.7679738562091503, 0.7679738562091503, 0.7679738562091503, 0.7679738562091503, 0.7679738562091503, 0.7679738562091503, 0.7679738562091503, 0.7679738562091503, 0.7679738562091503, 0.7679738562091503, 0.7679738562091503, 0.7679738562091503, 0.7679738562091503, 0.7679738562091503, 0.7679738562091503, 0.7679738562091503, 0.7679738562091503, 0.7679738562091503, 0.7679738562091503, 0.7679738562091503, 0.7679738562091503, 0.7679738562091503, 0.7679738562091503, 0.7679738562091503, 0.7679738562091503]
Tdata: [13.097980004999954, 13.485947682999722, 13.252379903000474, 12.896118813000612, 13.129583048999848, 13.283930364999833, 13.031794933999663, 13.059972932999699, 13.302874805999636, 12.975031703999775, 12.839627031000418, 12.751430850999895, 12.953359420000197, 13.17738537599962, 12.993928606000736, 13.46446485100023, 13.15460654599974, 13.158809063999797, 13.083705054000347, 12.97872822699992, 12.76179248400058, 12.885980715000187, 12.882885803000136, 12.888754871999481, 12.781291172000238]
0
1
2
3
4
5
6
7
8
9
10
11
12
13
14
15
16
17
18
19
20
21
22
23
24
Avg S 0.7679738562091498
Svg T: 129.51627419632004
Sdata: [0.7679738562091503, 0.7679738562091503, 0.7679738562091503, 0.7679738562091503, 0.7679738562091503, 0.7679738562091503, 0.7679738562091503, 0.7679738562091503, 0.7679738562091503, 0.7679738562091503, 0.7679738562091503, 0.7679738562091503, 0.7679738562091503, 0.7679738562091503, 0.7679738562091503, 0.7679738562091503, 0.7679738562091503, 0.7679738562091503, 0.7679738562091503, 0.7679738562091503, 0.7679738562091503, 0.7679738562091503, 0.7679738562091503, 0.7679738562091503, 0.7679738562091503]
Tdata: [128.40716743600024, 133.30616610000015, 132.04090172699944, 131.38630445700073, 131.96029320399975, 128.54877712599955, 131.85339245200066, 131.1622739710001, 129.33782518000044, 129.15841593599998, 128.5436203449999, 130.14800223800012, 128.76890672399986, 127.92413499899976, 129.34972056700008, 128.9742072830004, 130.200009485, 127.42262960900007, 129.53809631700005, 127.99850868700014, 129.81244005000008, 129.88402790200053, 128.48963123999965, 127.09795885399944, 126.593443019]
['no-recurrence-events', '30-39', 'premeno', '30-34', '0-2', 'no', '3', 'left', 'left_low', 'no\n']
['no-recurrence-events', '40-49', 'premeno', '20-24', '0-2', 'no', '2', 'right', 'right_up', 'no\n']
['no-recurrence-events', '40-49', 'premeno', '20-24', '0-2', 'no', '2', 'left', 'left_low', 'no\n']
['no-recurrence-events', '60-69', 'ge40', '15-19', '0-2', 'no', '2', 'right', 'left_up', 'no\n']
['no-recurrence-events', '40-49', 'premeno', '0-4', '0-2', 'no', '2', 'right', 'right_low', 'no\n']
['no-recurrence-events', '60-69', 'ge40', '15-19', '0-2', 'no', '2', 'left', 'left_low', 'no\n']
['no-recurrence-events', '50-59', 'premeno', '25-29', '0-2', 'no', '2', 'left', 'left_low', 'no\n']
['no-recurrence-events', '60-69', 'ge40', '20-24', '0-2', 'no', '1', 'left', 'left_low', 'no\n']
['no-recurrence-events', '40-49', 'premeno', '50-54', '0-2', 'no', '2', 'left', 'left_low', 'no\n']
['no-recurrence-events', '40-49', 'premeno', '20-24', '0-2', 'no', '2', 'right', 'left_up', 'no\n']
['no-recurrence-events', '40-49', 'premeno', '0-4', '0-2', 'no', '3', 'left', 'central', 'no\n']
['no-recurrence-events', '50-59', 'ge40', '25-29', '0-2', 'no', '2', 'left', 'left_low', 'no\n']
['no-recurrence-events', '60-69', 'lt40', '10-14', '0-2', 'no', '1', 'left', 'right_up', 'no\n']
['no-recurrence-events', '50-59', 'ge40', '25-29', '0-2', 'no', '3', 'left', 'right_up', 'no\n']
['no-recurrence-events', '40-49', 'premeno', '30-34', '0-2', 'no', '3', 'left', 'left_up', 'no\n']
['no-recurrence-events', '60-69', 'lt40', '30-34', '0-2', 'no', '1', 'left', 'left_low', 'no\n']
['no-recurrence-events', '40-49', 'premeno', '15-19', '0-2', 'no', '2', 'left', 'left_low', 'no\n']
['no-recurrence-events', '50-59', 'premeno', '30-34', '0-2', 'no', '3', 'left', 'left_low', 'no\n']
['no-recurrence-events', '60-69', 'ge40', '30-34', '0-2', 'no', '3', 'left', 'left_low', 'no\n']
['no-recurrence-events', '50-59', 'ge40', '30-34', '0-2', 'no', '1', 'right', 'right_up', 'no\n']
['no-recurrence-events', '50-59', 'ge40', '40-44', '0-2', 'no', '2', 'left', 'left_low', 'no\n']
['no-recurrence-events', '60-69', 'ge40', '15-19', '0-2', 'no', '2', 'left', 'left_low', 'no\n']
['no-recurrence-events', '30-39', 'premeno', '25-29', '0-2', 'no', '2', 'right', 'left_low', 'no\n']
['no-recurrence-events', '50-59', 'premeno', '40-44', '0-2', 'no', '2', 'left', 'left_up', 'no\n']
['no-recurrence-events', '50-59', 'premeno', '35-39', '0-2', 'no', '2', 'right', 'left_up', 'no\n']
['no-recurrence-events', '40-49', 'premeno', '25-29', '0-2', 'no', '2', 'left', 'left_up', 'no\n']
['no-recurrence-events', '50-59', 'premeno', '20-24', '0-2', 'no', '1', 'left', 'left_low', 'no\n']
['no-recurrence-events', '60-69', 'ge40', '25-29', '0-2', 'no', '3', 'right', 'left_up', 'no\n']
['no-recurrence-events', '40-49', 'premeno', '40-44', '0-2', 'no', '2', 'right', 'left_low', 'no\n']
['no-recurrence-events', '60-69', 'ge40', '30-34', '0-2', 'no', '2', 'left', 'left_low', 'no\n']
['no-recurrence-events', '50-59', 'ge40', '40-44', '0-2', 'no', '3', 'right', 'left_up', 'no\n']
['no-recurrence-events', '50-59', 'premeno', '15-19', '0-2', 'no', '2', 'right', 'left_low', 'no\n']
['no-recurrence-events', '50-59', 'premeno', '10-14', '0-2', 'no', '3', 'left', 'left_low', 'no\n']
['no-recurrence-events', '50-59', 'ge40', '10-14', '0-2', 'no', '1', 'right', 'left_up', 'no\n']
['no-recurrence-events', '50-59', 'ge40', '10-14', '0-2', 'no', '1', 'left', 'left_up', 'no\n']
['no-recurrence-events', '30-39', 'premeno', '30-34', '0-2', 'no', '2', 'left', 'left_up', 'no\n']
['no-recurrence-events', '50-59', 'ge40', '0-4', '0-2', 'no', '2', 'left', 'central', 'no\n']
['no-recurrence-events', '50-59', 'ge40', '15-19', '0-2', 'no', '1', 'right', 'central', 'no\n']
['no-recurrence-events', '40-49', 'premeno', '10-14', '0-2', 'no', '2', 'left', 'left_low', 'no\n']
['no-recurrence-events', '40-49', 'premeno', '30-34', '0-2', 'no', '1', 'left', 'left_low', 'no\n']
['no-recurrence-events', '50-59', 'ge40', '20-24', '0-2', 'no', '1', 'right', 'left_low', 'no\n']
['no-recurrence-events', '60-69', 'ge40', '25-29', '0-2', 'no', '2', 'left', 'left_low', 'no\n']
['no-recurrence-events', '60-69', 'ge40', '5-9', '0-2', 'no', '1', 'left', 'central', 'no\n']
['no-recurrence-events', '40-49', 'premeno', '10-14', '0-2', 'no', '2', 'left', 'left_up', 'no\n']
['no-recurrence-events', '50-59', 'ge40', '50-54', '0-2', 'no', '1', 'right', 'right_up', 'no\n']
['no-recurrence-events', '50-59', 'ge40', '30-34', '0-2', 'no', '1', 'left', 'left_up', 'no\n']
['no-recurrence-events', '40-49', 'premeno', '25-29', '0-2', 'no', '2', 'right', 'left_low', 'no\n']
['no-recurrence-events', '50-59', 'premeno', '25-29', '0-2', 'no', '1', 'right', 'left_up', 'no\n']
['no-recurrence-events', '40-49', 'premeno', '20-24', '0-2', 'no', '1', 'right', 'right_up', 'no\n']
['no-recurrence-events', '40-49', 'premeno', '20-24', '0-2', 'no', '1', 'right', 'left_low', 'no\n']
['no-recurrence-events', '50-59', 'lt40', '15-19', '0-2', 'no', '2', 'left', 'left_low', 'no\n']
['no-recurrence-events', '30-39', 'premeno', '20-24', '0-2', 'no', '2', 'left', 'right_low', 'no\n']
['no-recurrence-events', '50-59', 'premeno', '15-19', '0-2', 'no', '1', 'left', 'left_low', 'no\n']
['no-recurrence-events', '70-79', 'ge40', '20-24', '0-2', 'no', '3', 'left', 'left_up', 'no\n']
['no-recurrence-events', '70-79', 'ge40', '40-44', '0-2', 'no', '1', 'right', 'left_up', 'no\n']
['no-recurrence-events', '70-79', 'ge40', '40-44', '0-2', 'no', '1', 'right', 'right_up', 'no\n']
['no-recurrence-events', '50-59', 'ge40', '0-4', '0-2', 'no', '1', 'right', 'central', 'no\n']
['no-recurrence-events', '50-59', 'ge40', '5-9', '0-2', 'no', '2', 'right', 'right_up', 'no\n']
['no-recurrence-events', '60-69', 'ge40', '30-34', '0-2', 'no', '1', 'left', 'left_up', 'no\n']
['no-recurrence-events', '60-69', 'ge40', '15-19', '0-2', 'no', '1', 'right', 'left_up', 'no\n']
['no-recurrence-events', '40-49', 'premeno', '20-24', '0-2', 'no', '2', 'left', 'central', 'no\n']
['no-recurrence-events', '40-49', 'premeno', '10-14', '0-2', 'no', '1', 'right', 'right_low', 'no\n']
['no-recurrence-events', '50-59', 'ge40', '0-4', '0-2', 'no', '1', 'left', 'left_low', 'no\n']
['no-recurrence-events', '20-29', 'premeno', '35-39', '0-2', 'no', '2', 'right', 'right_up', 'no\n']
['no-recurrence-events', '40-49', 'premeno', '25-29', '0-2', 'no', '1', 'left', 'right_low', 'no\n']
['no-recurrence-events', '40-49', 'premeno', '10-14', '0-2', 'no', '1', 'right', 'left_up', 'no\n']
['no-recurrence-events', '40-49', 'premeno', '25-29', '0-2', 'no', '1', 'right', 'right_low', 'no\n']
['no-recurrence-events', '50-59', 'ge40', '20-24', '0-2', 'no', '3', 'left', 'left_up', 'no\n']
['no-recurrence-events', '50-59', 'ge40', '35-39', '0-2', 'no', '3', 'left', 'left_low', 'no\n']
['no-recurrence-events', '60-69', 'ge40', '50-54', '0-2', 'no', '2', 'left', 'left_low', 'no\n']
['no-recurrence-events', '60-69', 'ge40', '10-14', '0-2', 'no', '1', 'left', 'left_low', 'no\n']
['no-recurrence-events', '40-49', 'premeno', '25-29', '0-2', 'no', '2', 'right', 'left_up', 'no\n']
['no-recurrence-events', '60-69', 'ge40', '20-24', '0-2', 'no', '2', 'left', 'left_up', 'no\n']
['no-recurrence-events', '50-59', 'premeno', '15-19', '0-2', 'no', '2', 'right', 'right_low', 'no\n']
['no-recurrence-events', '30-39', 'premeno', '5-9', '0-2', 'no', '2', 'left', 'right_low', 'no\n']
['no-recurrence-events', '50-59', 'ge40', '10-14', '0-2', 'no', '1', 'left', 'left_low', 'no\n']
['no-recurrence-events', '50-59', 'ge40', '10-14', '0-2', 'no', '2', 'left', 'left_low', 'no\n']
['no-recurrence-events', '30-39', 'premeno', '25-29', '0-2', 'no', '1', 'left', 'central', 'no\n']
['no-recurrence-events', '50-59', 'premeno', '25-29', '0-2', 'no', '2', 'left', 'left_low', 'no\n']
['no-recurrence-events', '40-49', 'premeno', '25-29', '0-2', 'no', '2', 'right', 'central', 'no\n']
['no-recurrence-events', '50-59', 'ge40', '10-14', '0-2', 'no', '2', 'right', 'left_low', 'no\n']
['no-recurrence-events', '60-69', 'ge40', '10-14', '0-2', 'no', '1', 'left', 'left_up', 'no\n']
['no-recurrence-events', '60-69', 'ge40', '15-19', '0-2', 'no', '2', 'right', 'left_low', 'no\n']
['no-recurrence-events', '50-59', 'ge40', '15-19', '0-2', 'no', '2', 'right', 'left_low', 'no\n']
['no-recurrence-events', '40-49', 'premeno', '20-24', '0-2', 'no', '1', 'left', 'right_low', 'no\n']
['no-recurrence-events', '50-59', 'ge40', '35-39', '0-2', 'no', '3', 'left', 'left_up', 'no\n']
['no-recurrence-events', '60-69', 'ge40', '25-29', '0-2', 'no', '2', 'right', 'left_low', 'no\n']
['no-recurrence-events', '70-79', 'ge40', '0-4', '0-2', 'no', '1', 'left', 'right_low', 'no\n']
['no-recurrence-events', '50-59', 'ge40', '20-24', '0-2', 'no', '3', 'right', 'left_up', 'no\n']
['no-recurrence-events', '40-49', 'premeno', '40-44', '0-2', 'no', '1', 'right', 'left_up', 'no\n']
['no-recurrence-events', '30-39', 'premeno', '0-4', '0-2', 'no', '2', 'right', 'central', 'no\n']
['no-recurrence-events', '50-59', 'ge40', '20-24', '0-2', 'no', '3', 'left', 'left_up', 'no\n']
['no-recurrence-events', '50-59', 'ge40', '25-29', '0-2', 'no', '2', 'right', 'left_up', 'no\n']
['no-recurrence-events', '60-69', 'ge40', '20-24', '0-2', 'no', '2', 'right', 'left_up', 'no\n']
['no-recurrence-events', '50-59', 'premeno', '10-14', '0-2', 'no', '1', 'left', 'left_low', 'no\n']
['no-recurrence-events', '40-49', 'premeno', '30-34', '0-2', 'no', '2', 'right', 'right_low', 'no\n']
['no-recurrence-events', '60-69', 'ge40', '30-34', '0-2', 'no', '2', 'left', 'left_up', 'no\n']
['no-recurrence-events', '60-69', 'ge40', '15-19', '0-2', 'no', '2', 'right', 'left_up', 'no\n']
['no-recurrence-events', '40-49', 'premeno', '30-34', '0-2', 'no', '1', 'left', 'right_up', 'no\n']
['no-recurrence-events', '30-39', 'premeno', '25-29', '0-2', 'no', '2', 'left', 'left_low', 'no\n']
['no-recurrence-events', '40-49', 'ge40', '20-24', '0-2', 'no', '3', 'left', 'left_low', 'no\n']
['no-recurrence-events', '50-59', 'ge40', '30-34', '0-2', 'no', '3', 'right', 'left_low', 'no\n']
['no-recurrence-events', '50-59', 'premeno', '25-29', '0-2', 'no', '2', 'right', 'right_low', 'no\n']
['no-recurrence-events', '40-49', 'premeno', '20-24', '0-2', 'no', '2', 'left', 'right_low', 'no\n']
['no-recurrence-events', '40-49', 'premeno', '10-14', '0-2', 'no', '2', 'right', 'left_low', 'no\n']
['no-recurrence-events', '40-49', 'premeno', '30-34', '0-2', 'no', '1', 'right', 'left_up', 'no\n']
['no-recurrence-events', '40-49', 'premeno', '20-24', '0-2', 'no', '2', 'left', 'left_up', 'no\n']
['no-recurrence-events', '30-39', 'premeno', '40-44', '0-2', 'no', '2', 'right', 'right_up', 'no\n']
['no-recurrence-events', '40-49', 'premeno', '30-34', '0-2', 'no', '3', 'right', 'right_up', 'no\n']
['no-recurrence-events', '60-69', 'ge40', '30-34', '0-2', 'no', '1', 'right', 'left_up', 'no\n']
['no-recurrence-events', '50-59', 'ge40', '25-29', '0-2', 'no', '1', 'left', 'left_low', 'no\n']
['no-recurrence-events', '50-59', 'ge40', '15-19', '0-2', 'no', '1', 'right', 'central', 'no\n']
['no-recurrence-events', '40-49', 'premeno', '20-24', '0-2', 'no', '2', 'right', 'left_up', 'no\n']
['no-recurrence-events', '40-49', 'premeno', '10-14', '0-2', 'no', '1', 'right', 'left_up', 'no\n']
['no-recurrence-events', '40-49', 'premeno', '35-39', '0-2', 'no', '2', 'right', 'right_up', 'no\n']
['no-recurrence-events', '50-59', 'ge40', '20-24', '0-2', 'no', '2', 'right', 'left_up', 'no\n']
['no-recurrence-events', '30-39', 'premeno', '15-19', '0-2', 'no', '1', 'left', 'left_low', 'no\n']
['no-recurrence-events', '40-49', 'ge40', '20-24', '0-2', 'no', '3', 'left', 'left_up', 'no\n']
['no-recurrence-events', '30-39', 'premeno', '10-14', '0-2', 'no', '1', 'right', 'left_low', 'no\n']
['no-recurrence-events', '60-69', 'ge40', '15-19', '0-2', 'no', '1', 'left', 'right_low', 'no\n']
['no-recurrence-events', '60-69', 'ge40', '20-24', '0-2', 'no', '1', 'left', 'left_low', 'no\n']
['no-recurrence-events', '50-59', 'ge40', '15-19', '0-2', 'no', '2', 'right', 'right_up', 'no\n']
['no-recurrence-events', '50-59', 'ge40', '40-44', '0-2', 'no', '3', 'left', 'left_up', 'no\n']
['no-recurrence-events', '50-59', 'ge40', '30-34', '0-2', 'no', '1', 'right', 'left_low', 'no\n']
['no-recurrence-events', '60-69', 'ge40', '10-14', '0-2', 'no', '1', 'right', 'left_low', 'no\n']
['no-recurrence-events', '70-79', 'ge40', '10-14', '0-2', 'no', '2', 'left', 'central', 'no\n']
['no-recurrence-events', '30-39', 'premeno', '30-34', '6-8', 'yes', '2', 'right', 'right_up', 'no\n']
['no-recurrence-events', '30-39', 'premeno', '25-29', '6-8', 'yes', '2', 'right', 'left_up', 'yes\n']
['no-recurrence-events', '50-59', 'premeno', '25-29', '0-2', 'yes', '2', 'left', 'left_up', 'no\n']
['no-recurrence-events', '40-49', 'premeno', '35-39', '9-11', 'yes', '2', 'right', 'left_up', 'yes\n']
['no-recurrence-events', '40-49', 'premeno', '35-39', '9-11', 'yes', '2', 'right', 'right_up', 'yes\n']
['no-recurrence-events', '40-49', 'premeno', '40-44', '3-5', 'yes', '3', 'right', 'left_up', 'yes\n']
['no-recurrence-events', '40-49', 'premeno', '30-34', '6-8', 'no', '2', 'left', 'left_up', 'no\n']
['no-recurrence-events', '50-59', 'ge40', '40-44', '0-2', 'no', '3', 'left', 'right_up', 'no\n']
['no-recurrence-events', '60-69', 'ge40', '30-34', '0-2', 'no', '2', 'left', 'left_low', 'yes\n']
['no-recurrence-events', '30-39', 'premeno', '20-24', '3-5', 'no', '2', 'right', 'central', 'no\n']
['no-recurrence-events', '30-39', 'premeno', '40-44', '3-5', 'no', '3', 'right', 'right_up', 'yes\n']
['no-recurrence-events', '40-49', 'premeno', '5-9', '0-2', 'no', '1', 'left', 'left_low', 'yes\n']
['no-recurrence-events', '30-39', 'premeno', '40-44', '0-2', 'no', '2', 'left', 'left_low', 'yes\n']
['no-recurrence-events', '40-49', 'premeno', '30-34', '0-2', 'no', '2', 'left', 'right_low', 'no\n']
['no-recurrence-events', '50-59', 'ge40', '40-44', '3-5', 'yes', '2', 'left', 'left_low', 'no\n']
['no-recurrence-events', '50-59', 'premeno', '20-24', '3-5', 'yes', '2', 'left', 'left_low', 'no\n']
['no-recurrence-events', '60-69', 'ge40', '10-14', '0-2', 'no', '1', 'left', 'left_up', 'no\n']
['no-recurrence-events', '40-49', 'premeno', '45-49', '0-2', 'no', '2', 'left', 'left_low', 'yes\n']
['no-recurrence-events', '60-69', 'ge40', '45-49', '6-8', 'yes', '3', 'left', 'central', 'no\n']
['no-recurrence-events', '40-49', 'premeno', '25-29', '0-2', '?', '2', 'left', 'right_low', 'yes\n']
['no-recurrence-events', '60-69', 'ge40', '50-54', '0-2', 'no', '2', 'right', 'left_up', 'yes\n']
['no-recurrence-events', '50-59', 'premeno', '30-34', '3-5', 'yes', '2', 'left', 'left_low', 'yes\n']
['no-recurrence-events', '30-39', 'premeno', '20-24', '0-2', 'no', '3', 'left', 'central', 'no\n']
['no-recurrence-events', '50-59', 'lt40', '30-34', '0-2', 'no', '3', 'right', 'left_up', 'no\n']
['no-recurrence-events', '50-59', 'ge40', '25-29', '15-17', 'yes', '3', 'right', 'left_up', 'no\n']
['no-recurrence-events', '60-69', 'ge40', '30-34', '3-5', 'yes', '3', 'left', 'left_low', 'no\n']
['no-recurrence-events', '50-59', 'ge40', '35-39', '15-17', 'no', '3', 'left', 'left_low', 'no\n']
['no-recurrence-events', '60-69', 'ge40', '15-19', '0-2', 'no', '3', 'right', 'left_up', 'yes\n']
['no-recurrence-events', '30-39', 'lt40', '15-19', '0-2', 'no', '3', 'right', 'left_up', 'no\n']
['no-recurrence-events', '60-69', 'ge40', '40-44', '3-5', 'no', '2', 'right', 'left_up', 'yes\n']
['no-recurrence-events', '50-59', 'ge40', '25-29', '3-5', 'yes', '3', 'right', 'left_up', 'no\n']
['no-recurrence-events', '50-59', 'premeno', '30-34', '0-2', 'no', '1', 'left', 'central', 'no\n']
['no-recurrence-events', '50-59', 'ge40', '30-34', '0-2', 'no', '1', 'right', 'central', 'no\n']
['no-recurrence-events', '40-49', 'premeno', '35-39', '0-2', 'no', '1', 'left', 'left_low', 'no\n']
['no-recurrence-events', '40-49', 'premeno', '25-29', '0-2', 'no', '3', 'right', 'left_up', 'yes\n']
['no-recurrence-events', '40-49', 'premeno', '30-34', '3-5', 'yes', '2', 'right', 'left_low', 'no\n']
['no-recurrence-events', '60-69', 'ge40', '10-14', '0-2', 'no', '2', 'right', 'left_up', 'yes\n']
['no-recurrence-events', '60-69', 'ge40', '25-29', '3-5', '?', '1', 'right', 'left_up', 'yes\n']
['no-recurrence-events', '60-69', 'ge40', '25-29', '3-5', '?', '1', 'right', 'left_low', 'yes\n']
['no-recurrence-events', '40-49', 'premeno', '20-24', '3-5', 'no', '2', 'right', 'left_up', 'no\n']
['no-recurrence-events', '40-49', 'premeno', '20-24', '3-5', 'no', '2', 'right', 'left_low', 'no\n']
['no-recurrence-events', '40-49', 'ge40', '40-44', '15-17', 'yes', '2', 'right', 'left_up', 'yes\n']
['no-recurrence-events', '50-59', 'premeno', '10-14', '0-2', 'no', '2', 'right', 'left_up', 'no\n']
['no-recurrence-events', '40-49', 'ge40', '30-34', '0-2', 'no', '2', 'left', 'left_up', 'yes\n']
['no-recurrence-events', '30-39', 'premeno', '20-24', '3-5', 'yes', '2', 'right', 'left_up', 'yes\n']
['no-recurrence-events', '30-39', 'premeno', '15-19', '0-2', 'no', '1', 'left', 'left_low', 'no\n']
['no-recurrence-events', '60-69', 'ge40', '30-34', '6-8', 'yes', '2', 'right', 'right_up', 'no\n']
['no-recurrence-events', '50-59', 'ge40', '20-24', '3-5', 'yes', '2', 'right', 'left_up', 'no\n']
['no-recurrence-events', '50-59', 'premeno', '25-29', '3-5', 'yes', '2', 'left', 'left_low', 'yes\n']
['no-recurrence-events', '40-49', 'premeno', '30-34', '0-2', 'no', '2', 'right', 'right_up', 'yes\n']
['no-recurrence-events', '40-49', 'ge40', '25-29', '0-2', 'no', '2', 'left', 'left_low', 'no\n']
['no-recurrence-events', '60-69', 'ge40', '10-14', '0-2', 'no', '2', 'left', 'left_low', 'no\n']
['no-recurrence-events', '50-59', 'premeno', '25-29', '3-5', 'no', '2', 'right', 'left_up', 'yes\n']
['no-recurrence-events', '40-49', 'premeno', '20-24', '0-2', 'no', '3', 'right', 'left_low', 'yes\n']
['no-recurrence-events', '40-49', 'premeno', '35-39', '0-2', 'yes', '3', 'right', 'left_up', 'yes\n']
['no-recurrence-events', '40-49', 'premeno', '35-39', '0-2', 'yes', '3', 'right', 'left_low', 'yes\n']
['no-recurrence-events', '40-49', 'premeno', '25-29', '0-2', 'no', '1', 'right', 'left_low', 'yes\n']
['no-recurrence-events', '50-59', 'ge40', '30-34', '9-11', '?', '3', 'left', 'left_up', 'yes\n']
['no-recurrence-events', '50-59', 'ge40', '30-34', '9-11', '?', '3', 'left', 'left_low', 'yes\n']
['no-recurrence-events', '40-49', 'premeno', '20-24', '6-8', 'no', '2', 'right', 'left_low', 'yes\n']
['no-recurrence-events', '50-59', 'ge40', '25-29', '0-2', 'no', '1', 'left', 'right_low', 'no\n']
['no-recurrence-events', '60-69', 'ge40', '15-19', '0-2', 'no', '2', 'left', 'left_up', 'yes\n']
['no-recurrence-events', '40-49', 'premeno', '10-14', '0-2', 'no', '2', 'right', 'left_up', 'no\n']
['no-recurrence-events', '50-59', 'ge40', '20-24', '0-2', 'yes', '2', 'right', 'left_up', 'no\n']
['no-recurrence-events', '40-49', 'premeno', '15-19', '12-14', 'no', '3', 'right', 'right_low', 'yes\n']
['no-recurrence-events', '40-49', 'premeno', '25-29', '0-2', 'no', '2', 'left', 'left_up', 'yes\n']
['no-recurrence-events', '50-59', 'ge40', '30-34', '6-8', 'yes', '2', 'left', 'left_low', 'no\n']
['no-recurrence-events', '30-39', 'premeno', '10-14', '0-2', 'no', '2', 'left', 'right_low', 'no\n']
['no-recurrence-events', '50-59', 'premeno', '50-54', '0-2', 'yes', '2', 'right', 'left_up', 'yes\n']
['no-recurrence-events', '50-59', 'ge40', '35-39', '0-2', 'no', '2', 'left', 'left_up', 'no\n']
['no-recurrence-events', '50-59', 'premeno', '10-14', '3-5', 'no', '1', 'right', 'left_up', 'no\n']
['no-recurrence-events', '40-49', 'premeno', '10-14', '0-2', 'no', '2', 'left', 'left_low', 'yes\n']
['no-recurrence-events', '50-59', 'ge40', '15-19', '0-2', 'yes', '2', 'left', 'central', 'yes\n']
['no-recurrence-events', '50-59', 'premeno', '25-29', '0-2', 'no', '1', 'left', 'left_low', 'no\n']
['no-recurrence-events', '60-69', 'ge40', '25-29', '0-2', 'no', '3', 'right', 'left_low', 'no\n']
['recurrence-events', '50-59', 'premeno', '15-19', '0-2', 'no', '2', 'left', 'left_low', 'no\n']
['recurrence-events', '40-49', 'premeno', '40-44', '0-2', 'no', '1', 'left', 'left_low', 'no\n']
['recurrence-events', '50-59', 'ge40', '35-39', '0-2', 'no', '2', 'left', 'left_low', 'no\n']
['recurrence-events', '50-59', 'premeno', '25-29', '0-2', 'no', '2', 'left', 'right_up', 'no\n']
['recurrence-events', '30-39', 'premeno', '0-4', '0-2', 'no', '2', 'right', 'central', 'no\n']
['recurrence-events', '50-59', 'ge40', '30-34', '0-2', 'no', '3', 'left', '?', 'no\n']
['recurrence-events', '50-59', 'premeno', '25-29', '0-2', 'no', '2', 'left', 'right_up', 'no\n']
['recurrence-events', '50-59', 'premeno', '30-34', '0-2', 'no', '3', 'left', 'right_up', 'no\n']
['recurrence-events', '40-49', 'premeno', '35-39', '0-2', 'no', '1', 'right', 'left_up', 'no\n']
['recurrence-events', '40-49', 'premeno', '20-24', '0-2', 'no', '2', 'left', 'left_low', 'no\n']
['recurrence-events', '50-59', 'ge40', '20-24', '0-2', 'no', '2', 'right', 'central', 'no\n']
['recurrence-events', '40-49', 'premeno', '30-34', '0-2', 'no', '3', 'right', 'right_up', 'no\n']
['recurrence-events', '50-59', 'premeno', '25-29', '0-2', 'no', '1', 'right', 'left_up', 'no\n']
['recurrence-events', '60-69', 'ge40', '40-44', '0-2', 'no', '2', 'right', 'left_low', 'no\n']
['recurrence-events', '40-49', 'ge40', '20-24', '0-2', 'no', '2', 'right', 'left_up', 'no\n']
['recurrence-events', '50-59', 'ge40', '20-24', '0-2', 'no', '2', 'left', 'left_up', 'no\n']
['recurrence-events', '40-49', 'premeno', '15-19', '0-2', 'no', '2', 'left', 'left_up', 'no\n']
['recurrence-events', '60-69', 'ge40', '30-34', '0-2', 'no', '3', 'right', 'central', 'no\n']
['recurrence-events', '30-39', 'premeno', '15-19', '0-2', 'no', '1', 'right', 'left_low', 'no\n']
['recurrence-events', '40-49', 'premeno', '25-29', '0-2', 'no', '3', 'left', 'right_up', 'no\n']
['recurrence-events', '30-39', 'premeno', '30-34', '0-2', 'no', '1', 'right', 'left_up', 'no\n']
['recurrence-events', '60-69', 'ge40', '25-29', '0-2', 'no', '3', 'left', 'right_low', 'yes\n']
['recurrence-events', '60-69', 'ge40', '20-24', '0-2', 'no', '3', 'right', 'left_low', 'no\n']
['recurrence-events', '30-39', 'premeno', '25-29', '3-5', 'yes', '3', 'left', 'left_low', 'yes\n']
['recurrence-events', '40-49', 'ge40', '20-24', '3-5', 'no', '3', 'right', 'left_low', 'yes\n']
['recurrence-events', '40-49', 'premeno', '30-34', '15-17', 'yes', '3', 'left', 'left_low', 'no\n']
['recurrence-events', '50-59', 'premeno', '30-34', '0-2', 'no', '3', 'right', 'left_up', 'yes\n']
['recurrence-events', '60-69', 'ge40', '40-44', '3-5', 'yes', '3', 'right', 'left_low', 'no\n']
['recurrence-events', '60-69', 'ge40', '45-49', '0-2', 'no', '1', 'right', 'right_up', 'yes\n']
['recurrence-events', '50-59', 'premeno', '50-54', '9-11', 'yes', '2', 'right', 'left_up', 'no\n']
['recurrence-events', '40-49', 'premeno', '30-34', '3-5', 'no', '2', 'right', 'left_up', 'no\n']
['recurrence-events', '30-39', 'premeno', '30-34', '3-5', 'no', '3', 'right', 'left_up', 'yes\n']
['recurrence-events', '70-79', 'ge40', '15-19', '9-11', '?', '1', 'left', 'left_low', 'yes\n']
['recurrence-events', '60-69', 'ge40', '30-34', '0-2', 'no', '3', 'right', 'left_up', 'yes\n']
['recurrence-events', '50-59', 'premeno', '25-29', '3-5', 'yes', '3', 'left', 'left_low', 'yes\n']
['recurrence-events', '40-49', 'premeno', '25-29', '0-2', 'no', '2', 'right', 'left_low', 'no\n']
['recurrence-events', '40-49', 'premeno', '25-29', '0-2', 'no', '2', 'right', 'left_low', 'no\n']
['recurrence-events', '30-39', 'premeno', '35-39', '0-2', 'no', '3', 'left', 'left_low', 'no\n']
['recurrence-events', '40-49', 'premeno', '20-24', '3-5', 'yes', '2', 'right', 'right_up', 'yes\n']
['recurrence-events', '60-69', 'ge40', '20-24', '3-5', 'no', '2', 'left', 'left_low', 'yes\n']
['recurrence-events', '40-49', 'premeno', '15-19', '15-17', 'yes', '3', 'left', 'left_low', 'no\n']
['recurrence-events', '50-59', 'ge40', '25-29', '6-8', 'no', '3', 'left', 'left_low', 'yes\n']
['recurrence-events', '50-59', 'ge40', '20-24', '3-5', 'yes', '3', 'right', 'right_up', 'no\n']
['recurrence-events', '40-49', 'premeno', '30-34', '12-14', 'yes', '3', 'left', 'left_up', 'yes\n']
['recurrence-events', '30-39', 'premeno', '30-34', '9-11', 'no', '2', 'right', 'left_up', 'yes\n']
['recurrence-events', '30-39', 'premeno', '15-19', '6-8', 'yes', '3', 'left', 'left_low', 'yes\n']
['recurrence-events', '50-59', 'ge40', '30-34', '9-11', 'yes', '3', 'left', 'right_low', 'yes\n']
['recurrence-events', '60-69', 'ge40', '35-39', '6-8', 'yes', '3', 'left', 'left_low', 'no\n']
['recurrence-events', '30-39', 'premeno', '20-24', '3-5', 'yes', '2', 'left', 'left_low', 'no\n']
['recurrence-events', '40-49', 'premeno', '25-29', '0-2', 'no', '3', 'left', 'left_up', 'no\n']
['recurrence-events', '40-49', 'premeno', '50-54', '0-2', 'no', '2', 'right', 'left_low', 'yes\n']
['recurrence-events', '30-39', 'premeno', '40-44', '0-2', 'no', '1', 'left', 'left_up', 'no\n']
['recurrence-events', '60-69', 'ge40', '50-54', '0-2', 'no', '3', 'right', 'left_up', 'no\n']
['recurrence-events', '40-49', 'premeno', '30-34', '0-2', 'yes', '3', 'right', 'right_up', 'no\n']
['recurrence-events', '40-49', 'premeno', '30-34', '6-8', 'yes', '3', 'right', 'left_up', 'no\n']
['recurrence-events', '40-49', 'premeno', '30-34', '0-2', 'no', '1', 'left', 'left_low', 'yes\n']
['recurrence-events', '40-49', 'premeno', '20-24', '3-5', 'yes', '2', 'left', 'left_low', 'yes\n']
['recurrence-events', '50-59', 'ge40', '30-34', '6-8', 'yes', '2', 'left', 'right_low', 'yes\n']
['recurrence-events', '50-59', 'ge40', '30-34', '3-5', 'no', '3', 'right', 'left_up', 'no\n']
['recurrence-events', '60-69', 'ge40', '25-29', '3-5', 'no', '2', 'right', 'right_up', 'no\n']
['recurrence-events', '40-49', 'ge40', '25-29', '12-14', 'yes', '3', 'left', 'right_low', 'yes\n']
['recurrence-events', '60-69', 'ge40', '25-29', '0-2', 'no', '3', 'left', 'left_up', 'no\n']
['recurrence-events', '50-59', 'lt40', '20-24', '0-2', '?', '1', 'left', 'left_up', 'no\n']
['recurrence-events', '50-59', 'lt40', '20-24', '0-2', '?', '1', 'left', 'left_low', 'no\n']
['recurrence-events', '30-39', 'premeno', '35-39', '9-11', 'yes', '3', 'left', 'left_low', 'no\n']
['recurrence-events', '40-49', 'premeno', '30-34', '3-5', 'yes', '2', 'left', 'right_up', 'no\n']
['recurrence-events', '60-69', 'ge40', '20-24', '24-26', 'yes', '3', 'left', 'left_low', 'yes\n']
['recurrence-events', '30-39', 'premeno', '35-39', '0-2', 'no', '3', 'left', 'left_low', 'no\n']
['recurrence-events', '40-49', 'premeno', '25-29', '0-2', 'no', '2', 'left', 'left_low', 'yes\n']
['recurrence-events', '50-59', 'ge40', '30-34', '6-8', 'yes', '3', 'left', 'right_low', 'no\n']
['recurrence-events', '50-59', 'premeno', '25-29', '0-2', 'no', '3', 'right', 'left_low', 'yes\n']
['recurrence-events', '40-49', 'premeno', '15-19', '0-2', 'yes', '3', 'right', 'left_up', 'no\n']
['recurrence-events', '60-69', 'ge40', '30-34', '0-2', 'yes', '2', 'right', 'right_up', 'yes\n']
['recurrence-events', '60-69', 'ge40', '30-34', '3-5', 'yes', '2', 'left', 'central', 'yes\n']
['recurrence-events', '40-49', 'premeno', '25-29', '9-11', 'yes', '3', 'right', 'left_up', 'no\n']
['recurrence-events', '30-39', 'premeno', '25-29', '6-8', 'yes', '3', 'left', 'right_low', 'yes\n']
['recurrence-events', '60-69', 'ge40', '10-14', '6-8', 'yes', '3', 'left', 'left_up', 'yes\n']
['recurrence-events', '50-59', 'premeno', '35-39', '15-17', 'yes', '3', 'right', 'right_up', 'no\n']
['recurrence-events', '50-59', 'ge40', '40-44', '6-8', 'yes', '3', 'left', 'left_low', 'yes\n']
['recurrence-events', '50-59', 'ge40', '40-44', '6-8', 'yes', '3', 'left', 'left_low', 'yes\n']
['recurrence-events', '30-39', 'premeno', '30-34', '0-2', 'no', '2', 'left', 'left_up', 'no\n']
['recurrence-events', '30-39', 'premeno', '20-24', '0-2', 'no', '3', 'left', 'left_up', 'yes\n']
['recurrence-events', '60-69', 'ge40', '20-24', '0-2', 'no', '1', 'right', 'left_up', 'no\n']
['recurrence-events', '40-49', 'ge40', '30-34', '3-5', 'no', '3', 'left', 'left_low', 'no\n']
['recurrence-events', '50-59', 'ge40', '30-34', '3-5', 'no', '3', 'left', 'left_low', 'no\n']
0
1
2
3
4
5
6
7
8
9
10
11
12
13
14
15
16
17
18
19
20
21
22
23
24
Avg S 0.7622441520467834
Svg T: 1.2728783410399773
Sdata: [0.7622441520467836, 0.7622441520467836, 0.7622441520467836, 0.7622441520467836, 0.7622441520467836, 0.7622441520467836, 0.7622441520467836, 0.7622441520467836, 0.7622441520467836, 0.7622441520467836, 0.7622441520467836, 0.7622441520467836, 0.7622441520467836, 0.7622441520467836, 0.7622441520467836, 0.7622441520467836, 0.7622441520467836, 0.7622441520467836, 0.7622441520467836, 0.7622441520467836, 0.7622441520467836, 0.7622441520467836, 0.7622441520467836, 0.7622441520467836, 0.7622441520467836]
Tdata: [1.3194579409992002, 1.3164976619991648, 1.368659990001106, 1.2543793130007543, 1.2469454839992977, 1.2272101429989561, 1.2033287079993897, 1.212197513999854, 1.2189356470007624, 1.3183848099997704, 1.423225275000732, 1.3227170540012594, 1.223478341000373, 1.2198336809997272, 1.330389496000862, 1.4294208999999682, 1.2271943219984678, 1.2657187349996093, 1.2912294859997928, 1.2186217609996675, 1.2099565509997774, 1.22078024899929, 1.2146426269991935, 1.292333455001426, 1.2464193810010329]
0
1
2
3
4
5
6
7
8
9
10
11
12
13
14
15
16
17
18
19
20
21
22
23
24
Avg S 0.7657529239766078
Svg T: 12.478321359080146
Sdata: [0.7657529239766081, 0.7657529239766081, 0.7657529239766081, 0.7657529239766081, 0.7657529239766081, 0.7657529239766081, 0.7657529239766081, 0.7657529239766081, 0.7657529239766081, 0.7657529239766081, 0.7657529239766081, 0.7657529239766081, 0.7657529239766081, 0.7657529239766081, 0.7657529239766081, 0.7657529239766081, 0.7657529239766081, 0.7657529239766081, 0.7657529239766081, 0.7657529239766081, 0.7657529239766081, 0.7657529239766081, 0.7657529239766081, 0.7657529239766081, 0.7657529239766081]
Tdata: [12.43292797200047, 12.650301626999862, 12.299122250999062, 12.6033811289999, 13.13510858599875, 12.381098608000684, 12.275287390999438, 12.337624626999968, 12.511943700999836, 12.484785616999943, 12.37702491500022, 12.490658366001298, 12.338147551001384, 12.825556211999356, 12.519876399999703, 12.45973239399973, 12.378382971000974, 12.369854360998943, 12.328075777000777, 12.585785614000997, 12.395667484999649, 12.427144025001326, 12.312646552001752, 12.62361444599992, 12.41428539899971]
0
1
2
3
4
5
6
7
8
9
10
11
12
13
14
15
16
17
18
19
20
21
22
23
24
Avg S 0.7657529239766078
Svg T: 124.90141076883992
Sdata: [0.7657529239766081, 0.7657529239766081, 0.7657529239766081, 0.7657529239766081, 0.7657529239766081, 0.7657529239766081, 0.7657529239766081, 0.7657529239766081, 0.7657529239766081, 0.7657529239766081, 0.7657529239766081, 0.7657529239766081, 0.7657529239766081, 0.7657529239766081, 0.7657529239766081, 0.7657529239766081, 0.7657529239766081, 0.7657529239766081, 0.7657529239766081, 0.7657529239766081, 0.7657529239766081, 0.7657529239766081, 0.7657529239766081, 0.7657529239766081, 0.7657529239766081]
Tdata: [124.29066637700089, 123.1023411290007, 122.76466543099923, 124.23503595900002, 123.84929145699971, 125.18857820300036, 126.38747652699931, 125.89180345800014, 124.57929511399925, 127.04479013899982, 124.68465165599991, 124.59058715600077, 125.62689369100008, 126.95130615699964, 124.60534955299954, 124.11721536500045, 126.35356318200138, 122.84603010399951, 125.07233474299937, 126.85290779599927, 127.21204813299846, 124.81705038200016, 123.76775857599932, 123.68649403900054, 124.01713489400026]
