on step: 0
on step: 1
on step: 2
on step: 3
on step: 4
on step: 5
on step: 6
on step: 7
on step: 8
on step: 9
on step: 10
on step: 11
on step: 12
on step: 13
on step: 14
on step: 15
on step: 16
on step: 17
on step: 18
on step: 19
on step: 20
on step: 21
on step: 22
on step: 23
on step: 24
Avg S: 0.9745130773511407
Avg T: 3.87199442988
Sdata: [0.9749582637729549, 0.9749582637729549, 0.9738452977184195, 0.9738452977184195, 0.9738452977184195, 0.9744017807456872, 0.9749582637729549, 0.9744017807456872, 0.9749582637729549, 0.9738452977184195, 0.9744017807456872, 0.9738452977184195, 0.9749582637729549, 0.9749582637729549, 0.9749582637729549, 0.9749582637729549, 0.9749582637729549, 0.9738452977184195, 0.9749582637729549, 0.9749582637729549, 0.9749582637729549, 0.9738452977184195, 0.9738452977184195, 0.9744017807456872, 0.9749582637729549]
Tdata: [3.6752036310000005, 3.7338485859999997, 3.8743402500000013, 3.948634365, 3.8933509189999995, 3.937824485, 3.7477071429999995, 3.880324149, 3.6851302900000036, 3.9235265370000008, 3.749130407999999, 4.044626479999998, 3.662354639, 3.6632719800000046, 3.7011129589999996, 3.9197610280000035, 3.5486355009999926, 4.060045022000011, 3.841126669999994, 3.8460667789999974, 4.051490601000012, 4.100347556999992, 4.040750857999996, 4.411223563000007, 3.8600263469999874]
