0
1
2
3
4
5
6
7
8
9
10
11
12
13
14
15
16
17
18
19
20
21
22
23
24
Avg S: 0.8280000000000003
Avg T: 1.9880753612518312
Sdata: [0.8037037037037037, 0.7999999999999999, 0.837037037037037, 0.8407407407407407, 0.8111111111111112, 0.8333333333333334, 0.825925925925926, 0.811111111111111, 0.8185185185185185, 0.8333333333333334, 0.8407407407407407, 0.811111111111111, 0.8444444444444444, 0.8407407407407407, 0.8444444444444444, 0.8444444444444444, 0.837037037037037, 0.8148148148148148, 0.825925925925926, 0.8333333333333334, 0.8444444444444444, 0.8407407407407407, 0.8222222222222223, 0.8407407407407407, 0.7999999999999999]
Tdata: [2.0025475025177, 1.9288692474365234, 2.0793302059173584, 2.119072437286377, 1.982102394104004, 1.9386966228485107, 2.048469305038452, 2.0259954929351807, 1.997208595275879, 1.9543302059173584, 2.063657283782959, 2.032553195953369, 2.1554582118988037, 2.0106303691864014, 1.983708143234253, 1.9112088680267334, 1.9288098812103271, 1.9899792671203613, 2.019012451171875, 1.9818568229675293, 1.9368364810943604, 1.892498254776001, 1.9383788108825684, 1.8927979469299316, 1.887876033782959]
P: [[41.57993722651311, 0.553819773317461], [51.723132928316375, 0.4398381717303068], [64.8535854325556, 0.012052823380221955], [7.966008788858484, 0.19272453841884252], [26.40179301035053, 0.5691856662979955], [55.29891618818384, 0.08002667764093863], [70.71281126095131, 0.09523438618821656], [17.144746973739338, 0.50167714425851], [1.3973772003190084, 0.6106201167402636], [16.83134552319451, 0.15119387128393225], [17.858964135116764, 0.05233184079573405], [14.013322582282674, 0.8361540032510884], [71.5169615287246, 0.04258985417936234], [2.7510728164719582, 0.1516076215265505], [7.623530613748856, 0.07473099063894262], [29.14673474834383, 0.03362597362368103], [36.63595446761851, 0.04517155244010196], [37.52758820014394, 0.14573658834570402], [41.645386796512334, 0.11545073604749101], [1.5425629012705417, 0.27581228253195533], [89.10541029129686, 0.04232528411550973], [6.310399360689881, 0.18526884160190216], [0.16536321376990076, 0.39499549481574414], [71.61757650754473, 0.012678974354476402], [71.41754098648822, 0.45649646916220643]]
0
1
2
3
4
5
6
7
8
9
10
11
12
13
14
15
16
17
18
19
20
21
22
23
24
Avg S: 0.8472592592592594
Avg T: 19.445191593170165
Sdata: [0.8481481481481481, 0.8518518518518517, 0.8481481481481481, 0.8444444444444444, 0.8444444444444444, 0.8518518518518517, 0.8518518518518517, 0.8407407407407407, 0.8481481481481481, 0.8444444444444444, 0.8481481481481481, 0.8518518518518517, 0.8444444444444444, 0.8444444444444444, 0.8481481481481481, 0.8444444444444444, 0.8444444444444444, 0.8444444444444444, 0.8518518518518517, 0.8444444444444444, 0.8518518518518517, 0.8518518518518517, 0.8481481481481481, 0.8444444444444444, 0.8444444444444444]
Tdata: [19.613937854766846, 19.50532102584839, 20.011138439178467, 19.6215922832489, 19.715885639190674, 19.339245319366455, 19.088963985443115, 19.643370866775513, 19.277649641036987, 19.718732118606567, 19.707687854766846, 19.680947303771973, 19.18421173095703, 19.365132093429565, 19.713798761367798, 19.851489305496216, 19.352357387542725, 19.217119693756104, 18.988438367843628, 19.051771640777588, 19.314614295959473, 19.19048285484314, 19.436781644821167, 19.439420700073242, 19.099699020385742]
P: [[43.23969000443392, 0.00765935783221261], [91.58004145951813, 0.004400953043972589], [92.98052034337519, 0.011529818139222048], [26.74767859847488, 0.07154169967623858], [7.488989427207807, 0.06939392699960578], [89.18012891972869, 0.015975904575395994], [26.82466052016468, 0.016639142411294383], [66.5024921467926, 0.013239114280652053], [22.406178656472136, 0.011816415929672974], [34.79768529643156, 0.07193916384198529], [72.12533869411457, 0.022208114812489743], [92.67090996188185, 0.02083376139055515], [3.079542523019821, 0.23144939053947322], [2.722081740366458, 0.2599922070552174], [29.923746576016256, 0.011693752962806947], [92.03603924405114, 0.043566239023877795], [70.84286081709566, 0.008090304302921236], [34.3059011480399, 0.0637164647225319], [15.892828146877727, 0.025795919992888106], [28.95720076176949, 0.03864558836665921], [94.01541394718289, 0.019555742856038894], [11.408261427080527, 0.034967563434933346], [5.219705180880988, 0.08177545948342413], [40.32340542276704, 0.05693805812605035], [10.170936300651936, 0.1466186098148592]]
0
1
2
3
4
5
6
7
8
9
10
11
12
13
14
15
16
17
18
19
20
21
22
23
24
Avg S: 0.8515555555555552
Avg T: 195.6558422088623
Sdata: [0.8518518518518517, 0.8518518518518517, 0.8518518518518517, 0.8518518518518517, 0.8518518518518517, 0.8518518518518517, 0.8481481481481481, 0.8518518518518517, 0.8518518518518517, 0.8518518518518517, 0.8518518518518517, 0.8518518518518517, 0.8518518518518517, 0.8481481481481481, 0.8518518518518517, 0.8555555555555555, 0.8518518518518517, 0.8518518518518517, 0.8518518518518517, 0.8481481481481481, 0.8518518518518517, 0.8518518518518517, 0.8518518518518517, 0.8518518518518517, 0.8518518518518517]
Tdata: [194.49470138549805, 195.14692497253418, 196.82473945617676, 197.4026358127594, 196.9878580570221, 198.14286875724792, 199.03139734268188, 202.73947978019714, 203.42435145378113, 203.2114963531494, 196.67299008369446, 197.6670081615448, 194.2330379486084, 193.74213790893555, 196.7176079750061, 193.29728770256042, 194.22129034996033, 195.89733123779297, 195.5195541381836, 195.45886182785034, 191.8288071155548, 191.07270169258118, 188.9882206916809, 189.22754836082458, 189.4452166557312]
P: [[77.86191239443059, 0.005074086398588751], [70.70289548596968, 0.005797666027951287], [65.85251810175903, 0.02292467360011985], [62.18834603970323, 0.006743198039853571], [82.71946252346856, 0.00452171423855674], [92.69683254244542, 0.02191701476315533], [78.67109857124996, 0.0022517168893965156], [16.63404681962916, 0.027008166154756097], [95.43481501366938, 0.020361621278575104], [91.83281013556838, 0.004302655196057881], [50.8443132547647, 0.0070158126256303355], [55.41186889367843, 0.005106427258678714], [98.65051804426989, 0.015303753811486409], [64.46691520534141, 0.007310511026823452], [29.192984165315643, 0.014909827920159824], [97.18855535991275, 0.004058027611959503], [15.282999211449447, 0.031168070715987817], [68.35814861602584, 0.007435219819245109], [84.7469394359003, 0.018006495517437493], [97.22563758952126, 0.01845154519920955], [50.852538193931444, 0.02773534826302715], [59.58370280902297, 0.02428091144593747], [16.285923262844776, 0.023902376351698784], [13.707699432191136, 0.028192406326286168], [63.481788971219906, 0.022141561098036888]]
0
1
2
3
4
5
6
7
8
9
10
11
12
13
14
15
16
17
18
19
20
21
22
23
24
Avg S: 0.7645751633986929
Avg T: 2.2648887729644773
Sdata: [0.7647058823529411, 0.7679738562091503, 0.7647058823529411, 0.761437908496732, 0.7647058823529411, 0.7647058823529411, 0.7647058823529411, 0.7647058823529411, 0.7647058823529411, 0.7647058823529411, 0.7647058823529411, 0.761437908496732, 0.7647058823529411, 0.7647058823529411, 0.7647058823529411, 0.7712418300653594, 0.761437908496732, 0.7679738562091503, 0.7647058823529411, 0.7647058823529411, 0.7647058823529411, 0.761437908496732, 0.761437908496732, 0.7647058823529411, 0.7647058823529411]
Tdata: [2.2133660316467285, 2.1392199993133545, 2.2097408771514893, 2.462186098098755, 2.3262429237365723, 2.2776951789855957, 2.2785115242004395, 2.252997875213623, 2.255082368850708, 2.2030293941497803, 2.3589584827423096, 2.155447006225586, 2.2626049518585205, 2.234962224960327, 2.1936962604522705, 2.4206666946411133, 2.33017897605896, 2.2612364292144775, 2.3574483394622803, 2.2295382022857666, 2.1913278102874756, 2.2556381225585938, 2.231269121170044, 2.2024667263031006, 2.3187077045440674]
P: [[91.94872917172437, 1.5836616704416784], [1.265926752740257, 12.122874831567007], [54.78350826779953, 3.424992341802857], [36.78519399167126, 3.8729998367478435], [97.93179693824898, 1.5378515697668216], [59.230065193041604, 3.2546980507544565], [1.7218271636764622, 12.008840838478045], [20.562940705577464, 5.0126596112360104], [1.4200504558499556, 12.835091809171754], [1.0826872157769813, 19.9577352490003], [1.7201856996535232, 10.561763553134933], [45.02055432819179, 2.8973563509924483], [68.4856639847855, 1.7998049101311353], [84.33608927427503, 2.905796292438041], [2.083116236501961, 17.2345029054487], [1.2623121389707144, 10.407416586945427], [40.932652412859206, 6.446834816404053], [1.183393058629792, 11.493107952482635], [2.5340444526874477, 13.940613329560986], [2.49064305766529, 17.398273888115643], [20.361375013285524, 5.024515701512984], [3.5292592257037763, 6.495144884071866], [81.02584121889959, 2.7101740816098374], [1.936337320892348, 19.329912958998097], [61.78479415451846, 3.239846772867867]]
0
1
2
3
4
5
6
7
8
9
10
11
12
13
14
15
16
17
18
19
20
21
22
23
24
Avg S: 0.7686274509803921
Avg T: 22.750405616760254
Sdata: [0.7679738562091503, 0.7679738562091503, 0.7679738562091503, 0.7712418300653594, 0.7679738562091503, 0.7679738562091503, 0.7647058823529411, 0.7712418300653594, 0.7712418300653594, 0.7679738562091503, 0.7647058823529411, 0.7712418300653594, 0.7712418300653594, 0.7712418300653594, 0.7712418300653594, 0.7647058823529411, 0.7679738562091503, 0.7679738562091503, 0.7712418300653594, 0.7679738562091503, 0.7679738562091503, 0.7647058823529411, 0.7679738562091503, 0.7679738562091503, 0.7712418300653594]
Tdata: [22.628634214401245, 22.0999698638916, 23.045371294021606, 22.696573495864868, 22.825514793395996, 22.660823345184326, 22.751486778259277, 22.84620475769043, 22.86535906791687, 22.924174785614014, 22.958710193634033, 23.50555729866028, 23.011991024017334, 22.64269185066223, 22.527132034301758, 23.070237398147583, 22.524621963500977, 22.89522075653076, 22.3751802444458, 22.487361669540405, 22.696666717529297, 22.873275756835938, 22.77616786956787, 22.586775541305542, 22.484437704086304]
P: [[1.7454221188431902, 19.767846379980195], [1.188294875399501, 8.611865324391228], [1.4062287227119359, 13.752388628199563], [1.1686838980848242, 10.193172190465045], [1.3054488914580193, 14.135364667430355], [1.2084184625718948, 13.85241729873336], [2.5105425684569664, 13.267460067827532], [1.109997814358768, 11.966209766898665], [1.3820982399662702, 9.307055631939317], [1.1027505767372354, 10.614494702059865], [83.09058755479514, 1.7316237376966037], [1.222350324851443, 9.752725012194087], [1.2043029516644739, 9.634897597731726], [1.2099922735019282, 8.59082166100973], [1.1076377774773467, 10.33378406032156], [72.5942014132763, 2.980480758430679], [96.75939382635757, 1.7148788044646657], [1.2214041737046128, 10.756570656816614], [1.2719494618971845, 8.744247159683884], [1.213892929793195, 14.017184804667844], [1.3701406112666044, 12.240824004558768], [92.48666746909187, 2.8374331617244075], [1.1448129471914898, 11.023232894384584], [1.210905812323196, 14.226963607145427], [1.0917943970512518, 11.73335095070451]]
0
1
2
3
4
5
6
7
8
9
10
11
12
13
14
15
16
17
18
19
20
21
22
23
24
Avg S: 0.7712418300653598
Avg T: 225.53422302246094
Sdata: [0.7712418300653594, 0.7712418300653594, 0.7712418300653594, 0.7712418300653594, 0.7712418300653594, 0.7712418300653594, 0.7712418300653594, 0.7712418300653594, 0.7712418300653594, 0.7712418300653594, 0.7712418300653594, 0.7712418300653594, 0.7712418300653594, 0.7712418300653594, 0.7712418300653594, 0.7712418300653594, 0.7712418300653594, 0.7712418300653594, 0.7712418300653594, 0.7712418300653594, 0.7712418300653594, 0.7712418300653594, 0.7712418300653594, 0.7712418300653594, 0.7712418300653594]
Tdata: [222.7642331123352, 226.48694849014282, 225.73781538009644, 226.1315200328827, 227.1337869167328, 226.9198694229126, 227.088547706604, 227.13427424430847, 225.7669701576233, 225.9051673412323, 226.22739791870117, 226.7746078968048, 224.21817064285278, 223.28431153297424, 225.6939353942871, 225.2762815952301, 223.77940940856934, 224.66984629631042, 227.04850459098816, 224.7882010936737, 225.04609990119934, 224.5613570213318, 226.62593340873718, 225.51551485061646, 223.77687120437622]
P: [[1.1846813297377052, 9.612938036601541], [1.1704244060722264, 9.235259564377142], [1.1724220467527442, 12.291036954154716], [1.1487272134990707, 11.88391294680635], [1.2420309499073496, 10.284727604170707], [1.1887477537200237, 10.574703623883632], [1.1277835942146293, 11.590456402874104], [1.1440278751210704, 11.810916241110895], [1.1747673301683388, 12.13673620387488], [1.205269060236372, 10.563418830728278], [1.1317320890386313, 10.299162818388648], [1.28022486448042, 10.100561349402854], [1.2398567807967804, 9.28878485575472], [1.2316793370178243, 9.795007527101973], [1.3030812583310543, 10.546902596513252], [1.2721620280052555, 9.986371323864313], [1.1864458657822403, 10.324682679393561], [1.1698210898992063, 10.045242872727956], [1.3322445917138188, 9.628836135805267], [1.3220432699728308, 9.532757280572621], [1.164912777863761, 10.331014362774413], [1.0725108099227139, 11.11930321030659], [1.2376651000286316, 10.337806240941667], [1.1467019597294266, 10.46651568145995], [1.1563840426865897, 10.20438120670397]]
['no-recurrence-events', '30-39', 'premeno', '30-34', '0-2', 'no', '3', 'left', 'left_low', 'no\n']
['no-recurrence-events', '40-49', 'premeno', '20-24', '0-2', 'no', '2', 'right', 'right_up', 'no\n']
['no-recurrence-events', '40-49', 'premeno', '20-24', '0-2', 'no', '2', 'left', 'left_low', 'no\n']
['no-recurrence-events', '60-69', 'ge40', '15-19', '0-2', 'no', '2', 'right', 'left_up', 'no\n']
['no-recurrence-events', '40-49', 'premeno', '0-4', '0-2', 'no', '2', 'right', 'right_low', 'no\n']
['no-recurrence-events', '60-69', 'ge40', '15-19', '0-2', 'no', '2', 'left', 'left_low', 'no\n']
['no-recurrence-events', '50-59', 'premeno', '25-29', '0-2', 'no', '2', 'left', 'left_low', 'no\n']
['no-recurrence-events', '60-69', 'ge40', '20-24', '0-2', 'no', '1', 'left', 'left_low', 'no\n']
['no-recurrence-events', '40-49', 'premeno', '50-54', '0-2', 'no', '2', 'left', 'left_low', 'no\n']
['no-recurrence-events', '40-49', 'premeno', '20-24', '0-2', 'no', '2', 'right', 'left_up', 'no\n']
['no-recurrence-events', '40-49', 'premeno', '0-4', '0-2', 'no', '3', 'left', 'central', 'no\n']
['no-recurrence-events', '50-59', 'ge40', '25-29', '0-2', 'no', '2', 'left', 'left_low', 'no\n']
['no-recurrence-events', '60-69', 'lt40', '10-14', '0-2', 'no', '1', 'left', 'right_up', 'no\n']
['no-recurrence-events', '50-59', 'ge40', '25-29', '0-2', 'no', '3', 'left', 'right_up', 'no\n']
['no-recurrence-events', '40-49', 'premeno', '30-34', '0-2', 'no', '3', 'left', 'left_up', 'no\n']
['no-recurrence-events', '60-69', 'lt40', '30-34', '0-2', 'no', '1', 'left', 'left_low', 'no\n']
['no-recurrence-events', '40-49', 'premeno', '15-19', '0-2', 'no', '2', 'left', 'left_low', 'no\n']
['no-recurrence-events', '50-59', 'premeno', '30-34', '0-2', 'no', '3', 'left', 'left_low', 'no\n']
['no-recurrence-events', '60-69', 'ge40', '30-34', '0-2', 'no', '3', 'left', 'left_low', 'no\n']
['no-recurrence-events', '50-59', 'ge40', '30-34', '0-2', 'no', '1', 'right', 'right_up', 'no\n']
['no-recurrence-events', '50-59', 'ge40', '40-44', '0-2', 'no', '2', 'left', 'left_low', 'no\n']
['no-recurrence-events', '60-69', 'ge40', '15-19', '0-2', 'no', '2', 'left', 'left_low', 'no\n']
['no-recurrence-events', '30-39', 'premeno', '25-29', '0-2', 'no', '2', 'right', 'left_low', 'no\n']
['no-recurrence-events', '50-59', 'premeno', '40-44', '0-2', 'no', '2', 'left', 'left_up', 'no\n']
['no-recurrence-events', '50-59', 'premeno', '35-39', '0-2', 'no', '2', 'right', 'left_up', 'no\n']
['no-recurrence-events', '40-49', 'premeno', '25-29', '0-2', 'no', '2', 'left', 'left_up', 'no\n']
['no-recurrence-events', '50-59', 'premeno', '20-24', '0-2', 'no', '1', 'left', 'left_low', 'no\n']
['no-recurrence-events', '60-69', 'ge40', '25-29', '0-2', 'no', '3', 'right', 'left_up', 'no\n']
['no-recurrence-events', '40-49', 'premeno', '40-44', '0-2', 'no', '2', 'right', 'left_low', 'no\n']
['no-recurrence-events', '60-69', 'ge40', '30-34', '0-2', 'no', '2', 'left', 'left_low', 'no\n']
['no-recurrence-events', '50-59', 'ge40', '40-44', '0-2', 'no', '3', 'right', 'left_up', 'no\n']
['no-recurrence-events', '50-59', 'premeno', '15-19', '0-2', 'no', '2', 'right', 'left_low', 'no\n']
['no-recurrence-events', '50-59', 'premeno', '10-14', '0-2', 'no', '3', 'left', 'left_low', 'no\n']
['no-recurrence-events', '50-59', 'ge40', '10-14', '0-2', 'no', '1', 'right', 'left_up', 'no\n']
['no-recurrence-events', '50-59', 'ge40', '10-14', '0-2', 'no', '1', 'left', 'left_up', 'no\n']
['no-recurrence-events', '30-39', 'premeno', '30-34', '0-2', 'no', '2', 'left', 'left_up', 'no\n']
['no-recurrence-events', '50-59', 'ge40', '0-4', '0-2', 'no', '2', 'left', 'central', 'no\n']
['no-recurrence-events', '50-59', 'ge40', '15-19', '0-2', 'no', '1', 'right', 'central', 'no\n']
['no-recurrence-events', '40-49', 'premeno', '10-14', '0-2', 'no', '2', 'left', 'left_low', 'no\n']
['no-recurrence-events', '40-49', 'premeno', '30-34', '0-2', 'no', '1', 'left', 'left_low', 'no\n']
['no-recurrence-events', '50-59', 'ge40', '20-24', '0-2', 'no', '1', 'right', 'left_low', 'no\n']
['no-recurrence-events', '60-69', 'ge40', '25-29', '0-2', 'no', '2', 'left', 'left_low', 'no\n']
['no-recurrence-events', '60-69', 'ge40', '5-9', '0-2', 'no', '1', 'left', 'central', 'no\n']
['no-recurrence-events', '40-49', 'premeno', '10-14', '0-2', 'no', '2', 'left', 'left_up', 'no\n']
['no-recurrence-events', '50-59', 'ge40', '50-54', '0-2', 'no', '1', 'right', 'right_up', 'no\n']
['no-recurrence-events', '50-59', 'ge40', '30-34', '0-2', 'no', '1', 'left', 'left_up', 'no\n']
['no-recurrence-events', '40-49', 'premeno', '25-29', '0-2', 'no', '2', 'right', 'left_low', 'no\n']
['no-recurrence-events', '50-59', 'premeno', '25-29', '0-2', 'no', '1', 'right', 'left_up', 'no\n']
['no-recurrence-events', '40-49', 'premeno', '20-24', '0-2', 'no', '1', 'right', 'right_up', 'no\n']
['no-recurrence-events', '40-49', 'premeno', '20-24', '0-2', 'no', '1', 'right', 'left_low', 'no\n']
['no-recurrence-events', '50-59', 'lt40', '15-19', '0-2', 'no', '2', 'left', 'left_low', 'no\n']
['no-recurrence-events', '30-39', 'premeno', '20-24', '0-2', 'no', '2', 'left', 'right_low', 'no\n']
['no-recurrence-events', '50-59', 'premeno', '15-19', '0-2', 'no', '1', 'left', 'left_low', 'no\n']
['no-recurrence-events', '70-79', 'ge40', '20-24', '0-2', 'no', '3', 'left', 'left_up', 'no\n']
['no-recurrence-events', '70-79', 'ge40', '40-44', '0-2', 'no', '1', 'right', 'left_up', 'no\n']
['no-recurrence-events', '70-79', 'ge40', '40-44', '0-2', 'no', '1', 'right', 'right_up', 'no\n']
['no-recurrence-events', '50-59', 'ge40', '0-4', '0-2', 'no', '1', 'right', 'central', 'no\n']
['no-recurrence-events', '50-59', 'ge40', '5-9', '0-2', 'no', '2', 'right', 'right_up', 'no\n']
['no-recurrence-events', '60-69', 'ge40', '30-34', '0-2', 'no', '1', 'left', 'left_up', 'no\n']
['no-recurrence-events', '60-69', 'ge40', '15-19', '0-2', 'no', '1', 'right', 'left_up', 'no\n']
['no-recurrence-events', '40-49', 'premeno', '20-24', '0-2', 'no', '2', 'left', 'central', 'no\n']
['no-recurrence-events', '40-49', 'premeno', '10-14', '0-2', 'no', '1', 'right', 'right_low', 'no\n']
['no-recurrence-events', '50-59', 'ge40', '0-4', '0-2', 'no', '1', 'left', 'left_low', 'no\n']
['no-recurrence-events', '20-29', 'premeno', '35-39', '0-2', 'no', '2', 'right', 'right_up', 'no\n']
['no-recurrence-events', '40-49', 'premeno', '25-29', '0-2', 'no', '1', 'left', 'right_low', 'no\n']
['no-recurrence-events', '40-49', 'premeno', '10-14', '0-2', 'no', '1', 'right', 'left_up', 'no\n']
['no-recurrence-events', '40-49', 'premeno', '25-29', '0-2', 'no', '1', 'right', 'right_low', 'no\n']
['no-recurrence-events', '50-59', 'ge40', '20-24', '0-2', 'no', '3', 'left', 'left_up', 'no\n']
['no-recurrence-events', '50-59', 'ge40', '35-39', '0-2', 'no', '3', 'left', 'left_low', 'no\n']
['no-recurrence-events', '60-69', 'ge40', '50-54', '0-2', 'no', '2', 'left', 'left_low', 'no\n']
['no-recurrence-events', '60-69', 'ge40', '10-14', '0-2', 'no', '1', 'left', 'left_low', 'no\n']
['no-recurrence-events', '40-49', 'premeno', '25-29', '0-2', 'no', '2', 'right', 'left_up', 'no\n']
['no-recurrence-events', '60-69', 'ge40', '20-24', '0-2', 'no', '2', 'left', 'left_up', 'no\n']
['no-recurrence-events', '50-59', 'premeno', '15-19', '0-2', 'no', '2', 'right', 'right_low', 'no\n']
['no-recurrence-events', '30-39', 'premeno', '5-9', '0-2', 'no', '2', 'left', 'right_low', 'no\n']
['no-recurrence-events', '50-59', 'ge40', '10-14', '0-2', 'no', '1', 'left', 'left_low', 'no\n']
['no-recurrence-events', '50-59', 'ge40', '10-14', '0-2', 'no', '2', 'left', 'left_low', 'no\n']
['no-recurrence-events', '30-39', 'premeno', '25-29', '0-2', 'no', '1', 'left', 'central', 'no\n']
['no-recurrence-events', '50-59', 'premeno', '25-29', '0-2', 'no', '2', 'left', 'left_low', 'no\n']
['no-recurrence-events', '40-49', 'premeno', '25-29', '0-2', 'no', '2', 'right', 'central', 'no\n']
['no-recurrence-events', '50-59', 'ge40', '10-14', '0-2', 'no', '2', 'right', 'left_low', 'no\n']
['no-recurrence-events', '60-69', 'ge40', '10-14', '0-2', 'no', '1', 'left', 'left_up', 'no\n']
['no-recurrence-events', '60-69', 'ge40', '15-19', '0-2', 'no', '2', 'right', 'left_low', 'no\n']
['no-recurrence-events', '50-59', 'ge40', '15-19', '0-2', 'no', '2', 'right', 'left_low', 'no\n']
['no-recurrence-events', '40-49', 'premeno', '20-24', '0-2', 'no', '1', 'left', 'right_low', 'no\n']
['no-recurrence-events', '50-59', 'ge40', '35-39', '0-2', 'no', '3', 'left', 'left_up', 'no\n']
['no-recurrence-events', '60-69', 'ge40', '25-29', '0-2', 'no', '2', 'right', 'left_low', 'no\n']
['no-recurrence-events', '70-79', 'ge40', '0-4', '0-2', 'no', '1', 'left', 'right_low', 'no\n']
['no-recurrence-events', '50-59', 'ge40', '20-24', '0-2', 'no', '3', 'right', 'left_up', 'no\n']
['no-recurrence-events', '40-49', 'premeno', '40-44', '0-2', 'no', '1', 'right', 'left_up', 'no\n']
['no-recurrence-events', '30-39', 'premeno', '0-4', '0-2', 'no', '2', 'right', 'central', 'no\n']
['no-recurrence-events', '50-59', 'ge40', '20-24', '0-2', 'no', '3', 'left', 'left_up', 'no\n']
['no-recurrence-events', '50-59', 'ge40', '25-29', '0-2', 'no', '2', 'right', 'left_up', 'no\n']
['no-recurrence-events', '60-69', 'ge40', '20-24', '0-2', 'no', '2', 'right', 'left_up', 'no\n']
['no-recurrence-events', '50-59', 'premeno', '10-14', '0-2', 'no', '1', 'left', 'left_low', 'no\n']
['no-recurrence-events', '40-49', 'premeno', '30-34', '0-2', 'no', '2', 'right', 'right_low', 'no\n']
['no-recurrence-events', '60-69', 'ge40', '30-34', '0-2', 'no', '2', 'left', 'left_up', 'no\n']
['no-recurrence-events', '60-69', 'ge40', '15-19', '0-2', 'no', '2', 'right', 'left_up', 'no\n']
['no-recurrence-events', '40-49', 'premeno', '30-34', '0-2', 'no', '1', 'left', 'right_up', 'no\n']
['no-recurrence-events', '30-39', 'premeno', '25-29', '0-2', 'no', '2', 'left', 'left_low', 'no\n']
['no-recurrence-events', '40-49', 'ge40', '20-24', '0-2', 'no', '3', 'left', 'left_low', 'no\n']
['no-recurrence-events', '50-59', 'ge40', '30-34', '0-2', 'no', '3', 'right', 'left_low', 'no\n']
['no-recurrence-events', '50-59', 'premeno', '25-29', '0-2', 'no', '2', 'right', 'right_low', 'no\n']
['no-recurrence-events', '40-49', 'premeno', '20-24', '0-2', 'no', '2', 'left', 'right_low', 'no\n']
['no-recurrence-events', '40-49', 'premeno', '10-14', '0-2', 'no', '2', 'right', 'left_low', 'no\n']
['no-recurrence-events', '40-49', 'premeno', '30-34', '0-2', 'no', '1', 'right', 'left_up', 'no\n']
['no-recurrence-events', '40-49', 'premeno', '20-24', '0-2', 'no', '2', 'left', 'left_up', 'no\n']
['no-recurrence-events', '30-39', 'premeno', '40-44', '0-2', 'no', '2', 'right', 'right_up', 'no\n']
['no-recurrence-events', '40-49', 'premeno', '30-34', '0-2', 'no', '3', 'right', 'right_up', 'no\n']
['no-recurrence-events', '60-69', 'ge40', '30-34', '0-2', 'no', '1', 'right', 'left_up', 'no\n']
['no-recurrence-events', '50-59', 'ge40', '25-29', '0-2', 'no', '1', 'left', 'left_low', 'no\n']
['no-recurrence-events', '50-59', 'ge40', '15-19', '0-2', 'no', '1', 'right', 'central', 'no\n']
['no-recurrence-events', '40-49', 'premeno', '20-24', '0-2', 'no', '2', 'right', 'left_up', 'no\n']
['no-recurrence-events', '40-49', 'premeno', '10-14', '0-2', 'no', '1', 'right', 'left_up', 'no\n']
['no-recurrence-events', '40-49', 'premeno', '35-39', '0-2', 'no', '2', 'right', 'right_up', 'no\n']
['no-recurrence-events', '50-59', 'ge40', '20-24', '0-2', 'no', '2', 'right', 'left_up', 'no\n']
['no-recurrence-events', '30-39', 'premeno', '15-19', '0-2', 'no', '1', 'left', 'left_low', 'no\n']
['no-recurrence-events', '40-49', 'ge40', '20-24', '0-2', 'no', '3', 'left', 'left_up', 'no\n']
['no-recurrence-events', '30-39', 'premeno', '10-14', '0-2', 'no', '1', 'right', 'left_low', 'no\n']
['no-recurrence-events', '60-69', 'ge40', '15-19', '0-2', 'no', '1', 'left', 'right_low', 'no\n']
['no-recurrence-events', '60-69', 'ge40', '20-24', '0-2', 'no', '1', 'left', 'left_low', 'no\n']
['no-recurrence-events', '50-59', 'ge40', '15-19', '0-2', 'no', '2', 'right', 'right_up', 'no\n']
['no-recurrence-events', '50-59', 'ge40', '40-44', '0-2', 'no', '3', 'left', 'left_up', 'no\n']
['no-recurrence-events', '50-59', 'ge40', '30-34', '0-2', 'no', '1', 'right', 'left_low', 'no\n']
['no-recurrence-events', '60-69', 'ge40', '10-14', '0-2', 'no', '1', 'right', 'left_low', 'no\n']
['no-recurrence-events', '70-79', 'ge40', '10-14', '0-2', 'no', '2', 'left', 'central', 'no\n']
['no-recurrence-events', '30-39', 'premeno', '30-34', '6-8', 'yes', '2', 'right', 'right_up', 'no\n']
['no-recurrence-events', '30-39', 'premeno', '25-29', '6-8', 'yes', '2', 'right', 'left_up', 'yes\n']
['no-recurrence-events', '50-59', 'premeno', '25-29', '0-2', 'yes', '2', 'left', 'left_up', 'no\n']
['no-recurrence-events', '40-49', 'premeno', '35-39', '9-11', 'yes', '2', 'right', 'left_up', 'yes\n']
['no-recurrence-events', '40-49', 'premeno', '35-39', '9-11', 'yes', '2', 'right', 'right_up', 'yes\n']
['no-recurrence-events', '40-49', 'premeno', '40-44', '3-5', 'yes', '3', 'right', 'left_up', 'yes\n']
['no-recurrence-events', '40-49', 'premeno', '30-34', '6-8', 'no', '2', 'left', 'left_up', 'no\n']
['no-recurrence-events', '50-59', 'ge40', '40-44', '0-2', 'no', '3', 'left', 'right_up', 'no\n']
['no-recurrence-events', '60-69', 'ge40', '30-34', '0-2', 'no', '2', 'left', 'left_low', 'yes\n']
['no-recurrence-events', '30-39', 'premeno', '20-24', '3-5', 'no', '2', 'right', 'central', 'no\n']
['no-recurrence-events', '30-39', 'premeno', '40-44', '3-5', 'no', '3', 'right', 'right_up', 'yes\n']
['no-recurrence-events', '40-49', 'premeno', '5-9', '0-2', 'no', '1', 'left', 'left_low', 'yes\n']
['no-recurrence-events', '30-39', 'premeno', '40-44', '0-2', 'no', '2', 'left', 'left_low', 'yes\n']
['no-recurrence-events', '40-49', 'premeno', '30-34', '0-2', 'no', '2', 'left', 'right_low', 'no\n']
['no-recurrence-events', '50-59', 'ge40', '40-44', '3-5', 'yes', '2', 'left', 'left_low', 'no\n']
['no-recurrence-events', '50-59', 'premeno', '20-24', '3-5', 'yes', '2', 'left', 'left_low', 'no\n']
['no-recurrence-events', '60-69', 'ge40', '10-14', '0-2', 'no', '1', 'left', 'left_up', 'no\n']
['no-recurrence-events', '40-49', 'premeno', '45-49', '0-2', 'no', '2', 'left', 'left_low', 'yes\n']
['no-recurrence-events', '60-69', 'ge40', '45-49', '6-8', 'yes', '3', 'left', 'central', 'no\n']
['no-recurrence-events', '40-49', 'premeno', '25-29', '0-2', '?', '2', 'left', 'right_low', 'yes\n']
['no-recurrence-events', '60-69', 'ge40', '50-54', '0-2', 'no', '2', 'right', 'left_up', 'yes\n']
['no-recurrence-events', '50-59', 'premeno', '30-34', '3-5', 'yes', '2', 'left', 'left_low', 'yes\n']
['no-recurrence-events', '30-39', 'premeno', '20-24', '0-2', 'no', '3', 'left', 'central', 'no\n']
['no-recurrence-events', '50-59', 'lt40', '30-34', '0-2', 'no', '3', 'right', 'left_up', 'no\n']
['no-recurrence-events', '50-59', 'ge40', '25-29', '15-17', 'yes', '3', 'right', 'left_up', 'no\n']
['no-recurrence-events', '60-69', 'ge40', '30-34', '3-5', 'yes', '3', 'left', 'left_low', 'no\n']
['no-recurrence-events', '50-59', 'ge40', '35-39', '15-17', 'no', '3', 'left', 'left_low', 'no\n']
['no-recurrence-events', '60-69', 'ge40', '15-19', '0-2', 'no', '3', 'right', 'left_up', 'yes\n']
['no-recurrence-events', '30-39', 'lt40', '15-19', '0-2', 'no', '3', 'right', 'left_up', 'no\n']
['no-recurrence-events', '60-69', 'ge40', '40-44', '3-5', 'no', '2', 'right', 'left_up', 'yes\n']
['no-recurrence-events', '50-59', 'ge40', '25-29', '3-5', 'yes', '3', 'right', 'left_up', 'no\n']
['no-recurrence-events', '50-59', 'premeno', '30-34', '0-2', 'no', '1', 'left', 'central', 'no\n']
['no-recurrence-events', '50-59', 'ge40', '30-34', '0-2', 'no', '1', 'right', 'central', 'no\n']
['no-recurrence-events', '40-49', 'premeno', '35-39', '0-2', 'no', '1', 'left', 'left_low', 'no\n']
['no-recurrence-events', '40-49', 'premeno', '25-29', '0-2', 'no', '3', 'right', 'left_up', 'yes\n']
['no-recurrence-events', '40-49', 'premeno', '30-34', '3-5', 'yes', '2', 'right', 'left_low', 'no\n']
['no-recurrence-events', '60-69', 'ge40', '10-14', '0-2', 'no', '2', 'right', 'left_up', 'yes\n']
['no-recurrence-events', '60-69', 'ge40', '25-29', '3-5', '?', '1', 'right', 'left_up', 'yes\n']
['no-recurrence-events', '60-69', 'ge40', '25-29', '3-5', '?', '1', 'right', 'left_low', 'yes\n']
['no-recurrence-events', '40-49', 'premeno', '20-24', '3-5', 'no', '2', 'right', 'left_up', 'no\n']
['no-recurrence-events', '40-49', 'premeno', '20-24', '3-5', 'no', '2', 'right', 'left_low', 'no\n']
['no-recurrence-events', '40-49', 'ge40', '40-44', '15-17', 'yes', '2', 'right', 'left_up', 'yes\n']
['no-recurrence-events', '50-59', 'premeno', '10-14', '0-2', 'no', '2', 'right', 'left_up', 'no\n']
['no-recurrence-events', '40-49', 'ge40', '30-34', '0-2', 'no', '2', 'left', 'left_up', 'yes\n']
['no-recurrence-events', '30-39', 'premeno', '20-24', '3-5', 'yes', '2', 'right', 'left_up', 'yes\n']
['no-recurrence-events', '30-39', 'premeno', '15-19', '0-2', 'no', '1', 'left', 'left_low', 'no\n']
['no-recurrence-events', '60-69', 'ge40', '30-34', '6-8', 'yes', '2', 'right', 'right_up', 'no\n']
['no-recurrence-events', '50-59', 'ge40', '20-24', '3-5', 'yes', '2', 'right', 'left_up', 'no\n']
['no-recurrence-events', '50-59', 'premeno', '25-29', '3-5', 'yes', '2', 'left', 'left_low', 'yes\n']
['no-recurrence-events', '40-49', 'premeno', '30-34', '0-2', 'no', '2', 'right', 'right_up', 'yes\n']
['no-recurrence-events', '40-49', 'ge40', '25-29', '0-2', 'no', '2', 'left', 'left_low', 'no\n']
['no-recurrence-events', '60-69', 'ge40', '10-14', '0-2', 'no', '2', 'left', 'left_low', 'no\n']
['no-recurrence-events', '50-59', 'premeno', '25-29', '3-5', 'no', '2', 'right', 'left_up', 'yes\n']
['no-recurrence-events', '40-49', 'premeno', '20-24', '0-2', 'no', '3', 'right', 'left_low', 'yes\n']
['no-recurrence-events', '40-49', 'premeno', '35-39', '0-2', 'yes', '3', 'right', 'left_up', 'yes\n']
['no-recurrence-events', '40-49', 'premeno', '35-39', '0-2', 'yes', '3', 'right', 'left_low', 'yes\n']
['no-recurrence-events', '40-49', 'premeno', '25-29', '0-2', 'no', '1', 'right', 'left_low', 'yes\n']
['no-recurrence-events', '50-59', 'ge40', '30-34', '9-11', '?', '3', 'left', 'left_up', 'yes\n']
['no-recurrence-events', '50-59', 'ge40', '30-34', '9-11', '?', '3', 'left', 'left_low', 'yes\n']
['no-recurrence-events', '40-49', 'premeno', '20-24', '6-8', 'no', '2', 'right', 'left_low', 'yes\n']
['no-recurrence-events', '50-59', 'ge40', '25-29', '0-2', 'no', '1', 'left', 'right_low', 'no\n']
['no-recurrence-events', '60-69', 'ge40', '15-19', '0-2', 'no', '2', 'left', 'left_up', 'yes\n']
['no-recurrence-events', '40-49', 'premeno', '10-14', '0-2', 'no', '2', 'right', 'left_up', 'no\n']
['no-recurrence-events', '50-59', 'ge40', '20-24', '0-2', 'yes', '2', 'right', 'left_up', 'no\n']
['no-recurrence-events', '40-49', 'premeno', '15-19', '12-14', 'no', '3', 'right', 'right_low', 'yes\n']
['no-recurrence-events', '40-49', 'premeno', '25-29', '0-2', 'no', '2', 'left', 'left_up', 'yes\n']
['no-recurrence-events', '50-59', 'ge40', '30-34', '6-8', 'yes', '2', 'left', 'left_low', 'no\n']
['no-recurrence-events', '30-39', 'premeno', '10-14', '0-2', 'no', '2', 'left', 'right_low', 'no\n']
['no-recurrence-events', '50-59', 'premeno', '50-54', '0-2', 'yes', '2', 'right', 'left_up', 'yes\n']
['no-recurrence-events', '50-59', 'ge40', '35-39', '0-2', 'no', '2', 'left', 'left_up', 'no\n']
['no-recurrence-events', '50-59', 'premeno', '10-14', '3-5', 'no', '1', 'right', 'left_up', 'no\n']
['no-recurrence-events', '40-49', 'premeno', '10-14', '0-2', 'no', '2', 'left', 'left_low', 'yes\n']
['no-recurrence-events', '50-59', 'ge40', '15-19', '0-2', 'yes', '2', 'left', 'central', 'yes\n']
['no-recurrence-events', '50-59', 'premeno', '25-29', '0-2', 'no', '1', 'left', 'left_low', 'no\n']
['no-recurrence-events', '60-69', 'ge40', '25-29', '0-2', 'no', '3', 'right', 'left_low', 'no\n']
['recurrence-events', '50-59', 'premeno', '15-19', '0-2', 'no', '2', 'left', 'left_low', 'no\n']
['recurrence-events', '40-49', 'premeno', '40-44', '0-2', 'no', '1', 'left', 'left_low', 'no\n']
['recurrence-events', '50-59', 'ge40', '35-39', '0-2', 'no', '2', 'left', 'left_low', 'no\n']
['recurrence-events', '50-59', 'premeno', '25-29', '0-2', 'no', '2', 'left', 'right_up', 'no\n']
['recurrence-events', '30-39', 'premeno', '0-4', '0-2', 'no', '2', 'right', 'central', 'no\n']
['recurrence-events', '50-59', 'ge40', '30-34', '0-2', 'no', '3', 'left', '?', 'no\n']
['recurrence-events', '50-59', 'premeno', '25-29', '0-2', 'no', '2', 'left', 'right_up', 'no\n']
['recurrence-events', '50-59', 'premeno', '30-34', '0-2', 'no', '3', 'left', 'right_up', 'no\n']
['recurrence-events', '40-49', 'premeno', '35-39', '0-2', 'no', '1', 'right', 'left_up', 'no\n']
['recurrence-events', '40-49', 'premeno', '20-24', '0-2', 'no', '2', 'left', 'left_low', 'no\n']
['recurrence-events', '50-59', 'ge40', '20-24', '0-2', 'no', '2', 'right', 'central', 'no\n']
['recurrence-events', '40-49', 'premeno', '30-34', '0-2', 'no', '3', 'right', 'right_up', 'no\n']
['recurrence-events', '50-59', 'premeno', '25-29', '0-2', 'no', '1', 'right', 'left_up', 'no\n']
['recurrence-events', '60-69', 'ge40', '40-44', '0-2', 'no', '2', 'right', 'left_low', 'no\n']
['recurrence-events', '40-49', 'ge40', '20-24', '0-2', 'no', '2', 'right', 'left_up', 'no\n']
['recurrence-events', '50-59', 'ge40', '20-24', '0-2', 'no', '2', 'left', 'left_up', 'no\n']
['recurrence-events', '40-49', 'premeno', '15-19', '0-2', 'no', '2', 'left', 'left_up', 'no\n']
['recurrence-events', '60-69', 'ge40', '30-34', '0-2', 'no', '3', 'right', 'central', 'no\n']
['recurrence-events', '30-39', 'premeno', '15-19', '0-2', 'no', '1', 'right', 'left_low', 'no\n']
['recurrence-events', '40-49', 'premeno', '25-29', '0-2', 'no', '3', 'left', 'right_up', 'no\n']
['recurrence-events', '30-39', 'premeno', '30-34', '0-2', 'no', '1', 'right', 'left_up', 'no\n']
['recurrence-events', '60-69', 'ge40', '25-29', '0-2', 'no', '3', 'left', 'right_low', 'yes\n']
['recurrence-events', '60-69', 'ge40', '20-24', '0-2', 'no', '3', 'right', 'left_low', 'no\n']
['recurrence-events', '30-39', 'premeno', '25-29', '3-5', 'yes', '3', 'left', 'left_low', 'yes\n']
['recurrence-events', '40-49', 'ge40', '20-24', '3-5', 'no', '3', 'right', 'left_low', 'yes\n']
['recurrence-events', '40-49', 'premeno', '30-34', '15-17', 'yes', '3', 'left', 'left_low', 'no\n']
['recurrence-events', '50-59', 'premeno', '30-34', '0-2', 'no', '3', 'right', 'left_up', 'yes\n']
['recurrence-events', '60-69', 'ge40', '40-44', '3-5', 'yes', '3', 'right', 'left_low', 'no\n']
['recurrence-events', '60-69', 'ge40', '45-49', '0-2', 'no', '1', 'right', 'right_up', 'yes\n']
['recurrence-events', '50-59', 'premeno', '50-54', '9-11', 'yes', '2', 'right', 'left_up', 'no\n']
['recurrence-events', '40-49', 'premeno', '30-34', '3-5', 'no', '2', 'right', 'left_up', 'no\n']
['recurrence-events', '30-39', 'premeno', '30-34', '3-5', 'no', '3', 'right', 'left_up', 'yes\n']
['recurrence-events', '70-79', 'ge40', '15-19', '9-11', '?', '1', 'left', 'left_low', 'yes\n']
['recurrence-events', '60-69', 'ge40', '30-34', '0-2', 'no', '3', 'right', 'left_up', 'yes\n']
['recurrence-events', '50-59', 'premeno', '25-29', '3-5', 'yes', '3', 'left', 'left_low', 'yes\n']
['recurrence-events', '40-49', 'premeno', '25-29', '0-2', 'no', '2', 'right', 'left_low', 'no\n']
['recurrence-events', '40-49', 'premeno', '25-29', '0-2', 'no', '2', 'right', 'left_low', 'no\n']
['recurrence-events', '30-39', 'premeno', '35-39', '0-2', 'no', '3', 'left', 'left_low', 'no\n']
['recurrence-events', '40-49', 'premeno', '20-24', '3-5', 'yes', '2', 'right', 'right_up', 'yes\n']
['recurrence-events', '60-69', 'ge40', '20-24', '3-5', 'no', '2', 'left', 'left_low', 'yes\n']
['recurrence-events', '40-49', 'premeno', '15-19', '15-17', 'yes', '3', 'left', 'left_low', 'no\n']
['recurrence-events', '50-59', 'ge40', '25-29', '6-8', 'no', '3', 'left', 'left_low', 'yes\n']
['recurrence-events', '50-59', 'ge40', '20-24', '3-5', 'yes', '3', 'right', 'right_up', 'no\n']
['recurrence-events', '40-49', 'premeno', '30-34', '12-14', 'yes', '3', 'left', 'left_up', 'yes\n']
['recurrence-events', '30-39', 'premeno', '30-34', '9-11', 'no', '2', 'right', 'left_up', 'yes\n']
['recurrence-events', '30-39', 'premeno', '15-19', '6-8', 'yes', '3', 'left', 'left_low', 'yes\n']
['recurrence-events', '50-59', 'ge40', '30-34', '9-11', 'yes', '3', 'left', 'right_low', 'yes\n']
['recurrence-events', '60-69', 'ge40', '35-39', '6-8', 'yes', '3', 'left', 'left_low', 'no\n']
['recurrence-events', '30-39', 'premeno', '20-24', '3-5', 'yes', '2', 'left', 'left_low', 'no\n']
['recurrence-events', '40-49', 'premeno', '25-29', '0-2', 'no', '3', 'left', 'left_up', 'no\n']
['recurrence-events', '40-49', 'premeno', '50-54', '0-2', 'no', '2', 'right', 'left_low', 'yes\n']
['recurrence-events', '30-39', 'premeno', '40-44', '0-2', 'no', '1', 'left', 'left_up', 'no\n']
['recurrence-events', '60-69', 'ge40', '50-54', '0-2', 'no', '3', 'right', 'left_up', 'no\n']
['recurrence-events', '40-49', 'premeno', '30-34', '0-2', 'yes', '3', 'right', 'right_up', 'no\n']
['recurrence-events', '40-49', 'premeno', '30-34', '6-8', 'yes', '3', 'right', 'left_up', 'no\n']
['recurrence-events', '40-49', 'premeno', '30-34', '0-2', 'no', '1', 'left', 'left_low', 'yes\n']
['recurrence-events', '40-49', 'premeno', '20-24', '3-5', 'yes', '2', 'left', 'left_low', 'yes\n']
['recurrence-events', '50-59', 'ge40', '30-34', '6-8', 'yes', '2', 'left', 'right_low', 'yes\n']
['recurrence-events', '50-59', 'ge40', '30-34', '3-5', 'no', '3', 'right', 'left_up', 'no\n']
['recurrence-events', '60-69', 'ge40', '25-29', '3-5', 'no', '2', 'right', 'right_up', 'no\n']
['recurrence-events', '40-49', 'ge40', '25-29', '12-14', 'yes', '3', 'left', 'right_low', 'yes\n']
['recurrence-events', '60-69', 'ge40', '25-29', '0-2', 'no', '3', 'left', 'left_up', 'no\n']
['recurrence-events', '50-59', 'lt40', '20-24', '0-2', '?', '1', 'left', 'left_up', 'no\n']
['recurrence-events', '50-59', 'lt40', '20-24', '0-2', '?', '1', 'left', 'left_low', 'no\n']
['recurrence-events', '30-39', 'premeno', '35-39', '9-11', 'yes', '3', 'left', 'left_low', 'no\n']
['recurrence-events', '40-49', 'premeno', '30-34', '3-5', 'yes', '2', 'left', 'right_up', 'no\n']
['recurrence-events', '60-69', 'ge40', '20-24', '24-26', 'yes', '3', 'left', 'left_low', 'yes\n']
['recurrence-events', '30-39', 'premeno', '35-39', '0-2', 'no', '3', 'left', 'left_low', 'no\n']
['recurrence-events', '40-49', 'premeno', '25-29', '0-2', 'no', '2', 'left', 'left_low', 'yes\n']
['recurrence-events', '50-59', 'ge40', '30-34', '6-8', 'yes', '3', 'left', 'right_low', 'no\n']
['recurrence-events', '50-59', 'premeno', '25-29', '0-2', 'no', '3', 'right', 'left_low', 'yes\n']
['recurrence-events', '40-49', 'premeno', '15-19', '0-2', 'yes', '3', 'right', 'left_up', 'no\n']
['recurrence-events', '60-69', 'ge40', '30-34', '0-2', 'yes', '2', 'right', 'right_up', 'yes\n']
['recurrence-events', '60-69', 'ge40', '30-34', '3-5', 'yes', '2', 'left', 'central', 'yes\n']
['recurrence-events', '40-49', 'premeno', '25-29', '9-11', 'yes', '3', 'right', 'left_up', 'no\n']
['recurrence-events', '30-39', 'premeno', '25-29', '6-8', 'yes', '3', 'left', 'right_low', 'yes\n']
['recurrence-events', '60-69', 'ge40', '10-14', '6-8', 'yes', '3', 'left', 'left_up', 'yes\n']
['recurrence-events', '50-59', 'premeno', '35-39', '15-17', 'yes', '3', 'right', 'right_up', 'no\n']
['recurrence-events', '50-59', 'ge40', '40-44', '6-8', 'yes', '3', 'left', 'left_low', 'yes\n']
['recurrence-events', '50-59', 'ge40', '40-44', '6-8', 'yes', '3', 'left', 'left_low', 'yes\n']
['recurrence-events', '30-39', 'premeno', '30-34', '0-2', 'no', '2', 'left', 'left_up', 'no\n']
['recurrence-events', '30-39', 'premeno', '20-24', '0-2', 'no', '3', 'left', 'left_up', 'yes\n']
['recurrence-events', '60-69', 'ge40', '20-24', '0-2', 'no', '1', 'right', 'left_up', 'no\n']
['recurrence-events', '40-49', 'ge40', '30-34', '3-5', 'no', '3', 'left', 'left_low', 'no\n']
['recurrence-events', '50-59', 'ge40', '30-34', '3-5', 'no', '3', 'left', 'left_low', 'no\n']
0
1
2
3
4
5
6
7
8
9
10
11
12
13
14
15
16
17
18
19
20
21
22
23
24
Avg S: 0.7562733918128657
Avg T: 1.7004421901702882
Sdata: [0.7449561403508772, 0.7622076023391813, 0.7622441520467836, 0.7622441520467836, 0.7449561403508772, 0.7622441520467836, 0.7449561403508772, 0.7516812865497076, 0.7622441520467836, 0.7586988304093567, 0.7587353801169591, 0.7622441520467836, 0.7622441520467836, 0.7622441520467836, 0.7587353801169591, 0.751827485380117, 0.7449561403508772, 0.7449561403508772, 0.7449561403508772, 0.7516812865497076, 0.7657163742690059, 0.7622441520467836, 0.7622076023391813, 0.7657894736842105, 0.7518640350877193]
Tdata: [1.6952030658721924, 1.7048542499542236, 1.6882121562957764, 1.717198371887207, 1.6882414817810059, 1.6878845691680908, 1.6691200733184814, 1.6710479259490967, 1.7585954666137695, 1.713306188583374, 1.7670695781707764, 1.6882455348968506, 1.688363790512085, 1.7642724514007568, 1.749821424484253, 1.6824476718902588, 1.6712563037872314, 1.6707971096038818, 1.7397394180297852, 1.6922481060028076, 1.715817928314209, 1.6599929332733154, 1.6683690547943115, 1.6925485134124756, 1.6664013862609863]
P: [[85.83040237910846, 14.755278170824042], [0.8010049437030015, 12.345635564751118], [0.26885382409225506, 4.945394114821542], [1.3214387644894272, 11.616796794131204], [52.42748965385097, 14.747429674029087], [0.4880914614002669, 10.299402981882373], [78.5837279737915, 14.676698526251744], [1.3886738929708182, 6.377128623110813], [0.41884284807576505, 18.59449351648727], [0.7857017583949993, 10.984285633405458], [0.684289468109503, 11.94559406160123], [0.03454498657520516, 11.614294672886174], [0.0728167069433378, 13.23908466760209], [0.19165912382624056, 15.808040919995285], [0.14497144172534177, 1.1362928616738133], [1.581329811175461, 16.610786544861863], [20.74465184505046, 14.946990758718478], [76.82733407790121, 15.207014209496508], [42.04516595134125, 14.808070284675596], [1.0653332701878766, 6.152450104828411], [1.0141691068351861, 7.773161109428679], [0.2026514847157463, 16.525685567417664], [0.8276355365375659, 12.04521760855327], [1.2820989219191643, 13.92551702721242], [3.3035322190422627, 15.166748153700018]]
0
1
2
3
4
5
6
7
8
9
10
11
12
13
14
15
16
17
18
19
20
21
22
23
24
Avg S: 0.7629517543859647
Avg T: 16.9524250793457
Sdata: [0.7622441520467836, 0.7622807017543859, 0.7622441520467836, 0.7622441520467836, 0.7622441520467836, 0.7622441520467836, 0.7622441520467836, 0.7622441520467836, 0.7622441520467836, 0.7657894736842105, 0.7622441520467836, 0.7622441520467836, 0.7623538011695906, 0.7657529239766081, 0.7622441520467836, 0.7622441520467836, 0.7622441520467836, 0.7657163742690059, 0.7622441520467836, 0.7622441520467836, 0.7622441520467836, 0.7657894736842105, 0.7622441520467836, 0.7657163742690059, 0.7622441520467836]
Tdata: [16.91688871383667, 16.890475034713745, 16.617623805999756, 16.778587818145752, 16.97958254814148, 16.818148851394653, 17.07193350791931, 16.93966841697693, 16.816293239593506, 16.853431224822998, 16.9711594581604, 16.994133710861206, 17.029676914215088, 17.04099988937378, 16.928724765777588, 16.934869527816772, 16.91130042076111, 16.914281129837036, 16.756351470947266, 17.016587495803833, 17.424323558807373, 16.792678833007812, 17.034026622772217, 17.03826928138733, 17.34061074256897]
P: [[0.27648493787383605, 9.94725434736254], [1.260474254643465, 14.506846289389511], [0.23832103994222703, 7.7297023428933205], [0.3690006069892477, 9.74223812402367], [0.11371175509720394, 6.890268138187141], [0.3204332450396669, 17.84022906186672], [0.5232475335161385, 19.736605266615587], [1.1141759503584787, 13.34777811435348], [0.21885217539198426, 6.888118002468904], [1.323782528582132, 13.51024350963279], [0.5170686836525246, 13.694781693814353], [0.5322060235571052, 14.285344170855918], [1.6753641578511587, 14.27140594223819], [68.02141061267793, 0.0003534443096664397], [0.13557251917173668, 6.987418674113901], [0.17424548849541982, 11.353359654229378], [0.04512636454629132, 19.27630952405501], [1.130555860212526, 9.245057364817225], [1.0270270157860224, 15.27644561759804], [0.18811158642713383, 19.96936765813559], [0.3114933954368932, 18.110107868395556], [1.2706481410754285, 14.071685534633103], [0.1774437435976967, 7.396120056516342], [1.1124195719212666, 9.139977211733294], [0.11732444178922669, 0.030371729359772726]]
0
1
2
3
4
5
6
7
8
9
10
11
12
13
14
15
16
17
18
19
20
21
22
23
24
Avg S: 0.7657777777777778
Avg T: 170.1638670349121
Sdata: [0.7692616959064328, 0.7692616959064328, 0.7657894736842105, 0.7657529239766081, 0.7657529239766082, 0.7623538011695906, 0.7657894736842105, 0.7657163742690059, 0.7622441520467836, 0.7657163742690059, 0.7657529239766081, 0.7623538011695906, 0.7657894736842105, 0.7692616959064328, 0.7658260233918129, 0.7658260233918129, 0.7657894736842105, 0.7657894736842105, 0.7657894736842105, 0.7657894736842105, 0.7657894736842105, 0.7657529239766082, 0.7622441520467836, 0.7692616959064328, 0.7657894736842105]
Tdata: [168.60890555381775, 170.8967502117157, 173.5880844593048, 173.1371636390686, 172.76597428321838, 167.2142903804779, 167.08300161361694, 168.8711097240448, 169.2006549835205, 168.07178115844727, 167.0490803718567, 168.51496195793152, 169.94168090820312, 166.53075432777405, 170.8200523853302, 168.33321046829224, 172.25119543075562, 172.63659596443176, 172.26262092590332, 170.96283531188965, 169.84285283088684, 171.31643104553223, 173.39313745498657, 170.16405153274536, 170.6394989490509]
P: [[1.192224986134119, 13.056379388609038], [1.2138910977719048, 13.413402493450363], [1.2943872907037497, 14.043407618634552], [1.1748944016255842, 13.0056844699505], [1.2166321920247498, 12.90897166582164], [1.6415802091051896, 14.254075392822546], [1.2602198601007226, 13.884427622981597], [1.4569258868251362, 10.7300852831528], [0.21440895589747438, 3.8840504624353223], [1.1297051518560781, 9.289072446767522], [1.1579312598727494, 13.104288118713631], [1.6726785707534193, 14.851479778895165], [1.2388214642176905, 13.545547008247382], [1.237151420476293, 13.250271794598783], [1.5728942140506714, 14.173117884314983], [1.589999780659282, 14.253498359917492], [1.2393243755029288, 13.580380945245032], [1.3155488003779443, 14.288200923764736], [1.281936208579651, 14.453139281208898], [1.3035201404901249, 14.410964698504802], [1.2543873776775378, 13.424531588101596], [1.2076887049501412, 12.974832079233742], [0.2534819773652914, 13.307522450697551], [1.2113558116050556, 13.37623749380352], [1.2483475922211247, 14.096788365191932]]
