0
1
2
3
4
5
6
7
8
9
10
11
12
13
14
15
16
17
18
19
20
21
22
23
24
Avg S: 0.8222222222222223
Avg T: 1.6892600631713868
Sdata: [0.8148148148148148, 0.8444444444444444, 0.8333333333333334, 0.8111111111111112, 0.811111111111111, 0.8444444444444444, 0.8222222222222223, 0.8148148148148149, 0.8444444444444444, 0.8148148148148149, 0.8333333333333334, 0.7925925925925926, 0.8444444444444444, 0.7962962962962963, 0.8148148148148148, 0.8074074074074074, 0.8481481481481481, 0.8333333333333334, 0.7777777777777778, 0.8444444444444444, 0.8333333333333334, 0.8074074074074074, 0.8296296296296296, 0.8222222222222223, 0.8148148148148149]
Tdata: [1.5534074306488037, 1.592292308807373, 1.724186658859253, 1.7283082008361816, 1.5231375694274902, 1.5880146026611328, 1.7698867321014404, 1.5265493392944336, 1.738499402999878, 1.589646577835083, 1.64825439453125, 1.6565451622009277, 1.8535704612731934, 1.6502540111541748, 1.657515525817871, 1.615532636642456, 1.8120863437652588, 1.590517520904541, 1.5807342529296875, 1.8358120918273926, 1.9097154140472412, 1.8326292037963867, 1.772399663925171, 1.699070692062378, 1.782935380935669]
0
1
2
3
4
5
6
7
8
9
10
11
12
13
14
15
16
17
18
19
20
21
22
23
24
Avg S: 0.8462222222222222
Avg T: 18.03024133682251
Sdata: [0.8444444444444444, 0.8481481481481481, 0.8518518518518517, 0.8444444444444444, 0.8444444444444444, 0.8407407407407407, 0.8518518518518517, 0.8407407407407407, 0.8407407407407407, 0.8444444444444444, 0.8481481481481481, 0.8481481481481481, 0.8481481481481481, 0.8518518518518517, 0.8481481481481481, 0.8407407407407407, 0.8518518518518517, 0.8444444444444444, 0.8444444444444444, 0.8481481481481481, 0.8518518518518517, 0.8481481481481481, 0.8444444444444444, 0.8407407407407407, 0.8444444444444444]
Tdata: [16.53161311149597, 17.35880708694458, 17.029252529144287, 16.56048011779785, 16.920795917510986, 16.98600459098816, 18.331619262695312, 18.13252878189087, 18.243828773498535, 18.04758071899414, 18.09974503517151, 18.157233715057373, 17.75009536743164, 17.929174423217773, 18.502387046813965, 18.46902084350586, 18.803244590759277, 18.690108060836792, 18.685110330581665, 18.756738424301147, 18.758233547210693, 18.553858757019043, 18.580342292785645, 18.322001934051514, 18.556228160858154]
0
1
2
3
4
5
6
7
8
9
10
11
12
13
14
15
16
17
18
19
20
21
22
23
24
Avg S: 0.8517037037037034
Avg T: 190.45181654930116
Sdata: [0.8518518518518517, 0.8518518518518517, 0.8518518518518517, 0.8518518518518517, 0.8518518518518517, 0.8518518518518517, 0.8481481481481481, 0.8518518518518517, 0.8518518518518517, 0.8518518518518517, 0.8481481481481481, 0.8518518518518517, 0.8518518518518517, 0.8518518518518517, 0.8518518518518517, 0.8518518518518517, 0.8518518518518517, 0.8518518518518517, 0.8518518518518517, 0.8518518518518517, 0.8555555555555555, 0.8518518518518517, 0.8518518518518517, 0.8518518518518517, 0.8518518518518517]
Tdata: [190.50190114974976, 189.74218010902405, 189.9487407207489, 191.81313753128052, 191.83868074417114, 191.1701159477234, 189.9482398033142, 191.55805897712708, 192.0403389930725, 193.4404809474945, 191.21413111686707, 190.64101028442383, 190.182302236557, 191.60587096214294, 189.66307282447815, 189.33823704719543, 190.77743673324585, 188.9665071964264, 190.9444899559021, 189.4101278781891, 189.10763359069824, 187.6327977180481, 190.24251461029053, 190.25106382369995, 189.31634283065796]
0
1
2
3
4
5
6
7
8
9
10
11
12
13
14
15
16
17
18
19
20
21
22
23
24
Avg S: 0.7641830065359478
Avg T: 2.262885751724243
Sdata: [0.761437908496732, 0.7647058823529411, 0.7647058823529411, 0.7647058823529411, 0.761437908496732, 0.7647058823529411, 0.761437908496732, 0.7647058823529411, 0.7647058823529411, 0.761437908496732, 0.7647058823529411, 0.7647058823529411, 0.7647058823529411, 0.7647058823529411, 0.7679738562091503, 0.7647058823529411, 0.7679738562091503, 0.7647058823529411, 0.7647058823529411, 0.7647058823529411, 0.761437908496732, 0.7647058823529411, 0.761437908496732, 0.7647058823529411, 0.7647058823529411]
Tdata: [2.4037258625030518, 2.261713981628418, 2.336162567138672, 2.203508138656616, 2.1622347831726074, 2.3270862102508545, 2.23710560798645, 2.301093816757202, 2.182271718978882, 2.2845897674560547, 2.3739020824432373, 2.244436264038086, 2.265882968902588, 2.256791830062866, 2.300694704055786, 2.16900897026062, 2.180838108062744, 2.230985403060913, 2.4668326377868652, 2.2224678993225098, 2.192119598388672, 2.2210466861724854, 2.2445998191833496, 2.2848944664001465, 2.2181499004364014]
0
1
2
3
4
5
6
7
8
9
10
11
12
13
14
15
16
17
18
19
20
21
22
23
24
Avg S: 0.768496732026144
Avg T: 22.718721294403075
Sdata: [0.7679738562091503, 0.7679738562091503, 0.7679738562091503, 0.7712418300653594, 0.7712418300653594, 0.7712418300653594, 0.7679738562091503, 0.7679738562091503, 0.7647058823529411, 0.7679738562091503, 0.7679738562091503, 0.7647058823529411, 0.7712418300653594, 0.7679738562091503, 0.7679738562091503, 0.7712418300653594, 0.7647058823529411, 0.7679738562091503, 0.7712418300653594, 0.7712418300653594, 0.7712418300653594, 0.7647058823529411, 0.7679738562091503, 0.7647058823529411, 0.7712418300653594]
Tdata: [23.009747982025146, 22.952091932296753, 22.002410411834717, 22.92337989807129, 22.601696014404297, 23.007566690444946, 22.922239780426025, 22.593404293060303, 23.114560842514038, 22.631089210510254, 22.436957597732544, 22.585709810256958, 22.792546033859253, 23.078868627548218, 23.105148792266846, 22.68628454208374, 22.717883110046387, 22.563429832458496, 22.339416980743408, 22.399162769317627, 22.60113000869751, 22.92286729812622, 22.70917248725891, 22.643502712249756, 22.62776470184326]
0
1
2
3
4
5
6
7
8
9
10
11
12
13
14
15
16
17
18
19
20
21
22
23
24
Avg S: 0.7711111111111115
Avg T: 225.16585346221925
Sdata: [0.7712418300653594, 0.7712418300653594, 0.7712418300653594, 0.7712418300653594, 0.7712418300653594, 0.7679738562091503, 0.7712418300653594, 0.7712418300653594, 0.7712418300653594, 0.7712418300653594, 0.7712418300653594, 0.7712418300653594, 0.7712418300653594, 0.7712418300653594, 0.7712418300653594, 0.7712418300653594, 0.7712418300653594, 0.7712418300653594, 0.7712418300653594, 0.7712418300653594, 0.7712418300653594, 0.7712418300653594, 0.7712418300653594, 0.7712418300653594, 0.7712418300653594]
Tdata: [226.7185935974121, 227.0739643573761, 227.69822144508362, 226.48757147789001, 226.919264793396, 222.21127724647522, 225.21828746795654, 222.61751627922058, 225.16429996490479, 221.90097665786743, 221.59456610679626, 220.7273144721985, 220.9025592803955, 227.7467999458313, 223.15617036819458, 222.8302400112152, 225.53520941734314, 227.01500248908997, 226.24976444244385, 226.94843864440918, 225.0422441959381, 227.87709426879883, 226.05939841270447, 226.307847738266, 229.14371347427368]
['no-recurrence-events', '30-39', 'premeno', '30-34', '0-2', 'no', '3', 'left', 'left_low', 'no\n']
['no-recurrence-events', '40-49', 'premeno', '20-24', '0-2', 'no', '2', 'right', 'right_up', 'no\n']
['no-recurrence-events', '40-49', 'premeno', '20-24', '0-2', 'no', '2', 'left', 'left_low', 'no\n']
['no-recurrence-events', '60-69', 'ge40', '15-19', '0-2', 'no', '2', 'right', 'left_up', 'no\n']
['no-recurrence-events', '40-49', 'premeno', '0-4', '0-2', 'no', '2', 'right', 'right_low', 'no\n']
['no-recurrence-events', '60-69', 'ge40', '15-19', '0-2', 'no', '2', 'left', 'left_low', 'no\n']
['no-recurrence-events', '50-59', 'premeno', '25-29', '0-2', 'no', '2', 'left', 'left_low', 'no\n']
['no-recurrence-events', '60-69', 'ge40', '20-24', '0-2', 'no', '1', 'left', 'left_low', 'no\n']
['no-recurrence-events', '40-49', 'premeno', '50-54', '0-2', 'no', '2', 'left', 'left_low', 'no\n']
['no-recurrence-events', '40-49', 'premeno', '20-24', '0-2', 'no', '2', 'right', 'left_up', 'no\n']
['no-recurrence-events', '40-49', 'premeno', '0-4', '0-2', 'no', '3', 'left', 'central', 'no\n']
['no-recurrence-events', '50-59', 'ge40', '25-29', '0-2', 'no', '2', 'left', 'left_low', 'no\n']
['no-recurrence-events', '60-69', 'lt40', '10-14', '0-2', 'no', '1', 'left', 'right_up', 'no\n']
['no-recurrence-events', '50-59', 'ge40', '25-29', '0-2', 'no', '3', 'left', 'right_up', 'no\n']
['no-recurrence-events', '40-49', 'premeno', '30-34', '0-2', 'no', '3', 'left', 'left_up', 'no\n']
['no-recurrence-events', '60-69', 'lt40', '30-34', '0-2', 'no', '1', 'left', 'left_low', 'no\n']
['no-recurrence-events', '40-49', 'premeno', '15-19', '0-2', 'no', '2', 'left', 'left_low', 'no\n']
['no-recurrence-events', '50-59', 'premeno', '30-34', '0-2', 'no', '3', 'left', 'left_low', 'no\n']
['no-recurrence-events', '60-69', 'ge40', '30-34', '0-2', 'no', '3', 'left', 'left_low', 'no\n']
['no-recurrence-events', '50-59', 'ge40', '30-34', '0-2', 'no', '1', 'right', 'right_up', 'no\n']
['no-recurrence-events', '50-59', 'ge40', '40-44', '0-2', 'no', '2', 'left', 'left_low', 'no\n']
['no-recurrence-events', '60-69', 'ge40', '15-19', '0-2', 'no', '2', 'left', 'left_low', 'no\n']
['no-recurrence-events', '30-39', 'premeno', '25-29', '0-2', 'no', '2', 'right', 'left_low', 'no\n']
['no-recurrence-events', '50-59', 'premeno', '40-44', '0-2', 'no', '2', 'left', 'left_up', 'no\n']
['no-recurrence-events', '50-59', 'premeno', '35-39', '0-2', 'no', '2', 'right', 'left_up', 'no\n']
['no-recurrence-events', '40-49', 'premeno', '25-29', '0-2', 'no', '2', 'left', 'left_up', 'no\n']
['no-recurrence-events', '50-59', 'premeno', '20-24', '0-2', 'no', '1', 'left', 'left_low', 'no\n']
['no-recurrence-events', '60-69', 'ge40', '25-29', '0-2', 'no', '3', 'right', 'left_up', 'no\n']
['no-recurrence-events', '40-49', 'premeno', '40-44', '0-2', 'no', '2', 'right', 'left_low', 'no\n']
['no-recurrence-events', '60-69', 'ge40', '30-34', '0-2', 'no', '2', 'left', 'left_low', 'no\n']
['no-recurrence-events', '50-59', 'ge40', '40-44', '0-2', 'no', '3', 'right', 'left_up', 'no\n']
['no-recurrence-events', '50-59', 'premeno', '15-19', '0-2', 'no', '2', 'right', 'left_low', 'no\n']
['no-recurrence-events', '50-59', 'premeno', '10-14', '0-2', 'no', '3', 'left', 'left_low', 'no\n']
['no-recurrence-events', '50-59', 'ge40', '10-14', '0-2', 'no', '1', 'right', 'left_up', 'no\n']
['no-recurrence-events', '50-59', 'ge40', '10-14', '0-2', 'no', '1', 'left', 'left_up', 'no\n']
['no-recurrence-events', '30-39', 'premeno', '30-34', '0-2', 'no', '2', 'left', 'left_up', 'no\n']
['no-recurrence-events', '50-59', 'ge40', '0-4', '0-2', 'no', '2', 'left', 'central', 'no\n']
['no-recurrence-events', '50-59', 'ge40', '15-19', '0-2', 'no', '1', 'right', 'central', 'no\n']
['no-recurrence-events', '40-49', 'premeno', '10-14', '0-2', 'no', '2', 'left', 'left_low', 'no\n']
['no-recurrence-events', '40-49', 'premeno', '30-34', '0-2', 'no', '1', 'left', 'left_low', 'no\n']
['no-recurrence-events', '50-59', 'ge40', '20-24', '0-2', 'no', '1', 'right', 'left_low', 'no\n']
['no-recurrence-events', '60-69', 'ge40', '25-29', '0-2', 'no', '2', 'left', 'left_low', 'no\n']
['no-recurrence-events', '60-69', 'ge40', '5-9', '0-2', 'no', '1', 'left', 'central', 'no\n']
['no-recurrence-events', '40-49', 'premeno', '10-14', '0-2', 'no', '2', 'left', 'left_up', 'no\n']
['no-recurrence-events', '50-59', 'ge40', '50-54', '0-2', 'no', '1', 'right', 'right_up', 'no\n']
['no-recurrence-events', '50-59', 'ge40', '30-34', '0-2', 'no', '1', 'left', 'left_up', 'no\n']
['no-recurrence-events', '40-49', 'premeno', '25-29', '0-2', 'no', '2', 'right', 'left_low', 'no\n']
['no-recurrence-events', '50-59', 'premeno', '25-29', '0-2', 'no', '1', 'right', 'left_up', 'no\n']
['no-recurrence-events', '40-49', 'premeno', '20-24', '0-2', 'no', '1', 'right', 'right_up', 'no\n']
['no-recurrence-events', '40-49', 'premeno', '20-24', '0-2', 'no', '1', 'right', 'left_low', 'no\n']
['no-recurrence-events', '50-59', 'lt40', '15-19', '0-2', 'no', '2', 'left', 'left_low', 'no\n']
['no-recurrence-events', '30-39', 'premeno', '20-24', '0-2', 'no', '2', 'left', 'right_low', 'no\n']
['no-recurrence-events', '50-59', 'premeno', '15-19', '0-2', 'no', '1', 'left', 'left_low', 'no\n']
['no-recurrence-events', '70-79', 'ge40', '20-24', '0-2', 'no', '3', 'left', 'left_up', 'no\n']
['no-recurrence-events', '70-79', 'ge40', '40-44', '0-2', 'no', '1', 'right', 'left_up', 'no\n']
['no-recurrence-events', '70-79', 'ge40', '40-44', '0-2', 'no', '1', 'right', 'right_up', 'no\n']
['no-recurrence-events', '50-59', 'ge40', '0-4', '0-2', 'no', '1', 'right', 'central', 'no\n']
['no-recurrence-events', '50-59', 'ge40', '5-9', '0-2', 'no', '2', 'right', 'right_up', 'no\n']
['no-recurrence-events', '60-69', 'ge40', '30-34', '0-2', 'no', '1', 'left', 'left_up', 'no\n']
['no-recurrence-events', '60-69', 'ge40', '15-19', '0-2', 'no', '1', 'right', 'left_up', 'no\n']
['no-recurrence-events', '40-49', 'premeno', '20-24', '0-2', 'no', '2', 'left', 'central', 'no\n']
['no-recurrence-events', '40-49', 'premeno', '10-14', '0-2', 'no', '1', 'right', 'right_low', 'no\n']
['no-recurrence-events', '50-59', 'ge40', '0-4', '0-2', 'no', '1', 'left', 'left_low', 'no\n']
['no-recurrence-events', '20-29', 'premeno', '35-39', '0-2', 'no', '2', 'right', 'right_up', 'no\n']
['no-recurrence-events', '40-49', 'premeno', '25-29', '0-2', 'no', '1', 'left', 'right_low', 'no\n']
['no-recurrence-events', '40-49', 'premeno', '10-14', '0-2', 'no', '1', 'right', 'left_up', 'no\n']
['no-recurrence-events', '40-49', 'premeno', '25-29', '0-2', 'no', '1', 'right', 'right_low', 'no\n']
['no-recurrence-events', '50-59', 'ge40', '20-24', '0-2', 'no', '3', 'left', 'left_up', 'no\n']
['no-recurrence-events', '50-59', 'ge40', '35-39', '0-2', 'no', '3', 'left', 'left_low', 'no\n']
['no-recurrence-events', '60-69', 'ge40', '50-54', '0-2', 'no', '2', 'left', 'left_low', 'no\n']
['no-recurrence-events', '60-69', 'ge40', '10-14', '0-2', 'no', '1', 'left', 'left_low', 'no\n']
['no-recurrence-events', '40-49', 'premeno', '25-29', '0-2', 'no', '2', 'right', 'left_up', 'no\n']
['no-recurrence-events', '60-69', 'ge40', '20-24', '0-2', 'no', '2', 'left', 'left_up', 'no\n']
['no-recurrence-events', '50-59', 'premeno', '15-19', '0-2', 'no', '2', 'right', 'right_low', 'no\n']
['no-recurrence-events', '30-39', 'premeno', '5-9', '0-2', 'no', '2', 'left', 'right_low', 'no\n']
['no-recurrence-events', '50-59', 'ge40', '10-14', '0-2', 'no', '1', 'left', 'left_low', 'no\n']
['no-recurrence-events', '50-59', 'ge40', '10-14', '0-2', 'no', '2', 'left', 'left_low', 'no\n']
['no-recurrence-events', '30-39', 'premeno', '25-29', '0-2', 'no', '1', 'left', 'central', 'no\n']
['no-recurrence-events', '50-59', 'premeno', '25-29', '0-2', 'no', '2', 'left', 'left_low', 'no\n']
['no-recurrence-events', '40-49', 'premeno', '25-29', '0-2', 'no', '2', 'right', 'central', 'no\n']
['no-recurrence-events', '50-59', 'ge40', '10-14', '0-2', 'no', '2', 'right', 'left_low', 'no\n']
['no-recurrence-events', '60-69', 'ge40', '10-14', '0-2', 'no', '1', 'left', 'left_up', 'no\n']
['no-recurrence-events', '60-69', 'ge40', '15-19', '0-2', 'no', '2', 'right', 'left_low', 'no\n']
['no-recurrence-events', '50-59', 'ge40', '15-19', '0-2', 'no', '2', 'right', 'left_low', 'no\n']
['no-recurrence-events', '40-49', 'premeno', '20-24', '0-2', 'no', '1', 'left', 'right_low', 'no\n']
['no-recurrence-events', '50-59', 'ge40', '35-39', '0-2', 'no', '3', 'left', 'left_up', 'no\n']
['no-recurrence-events', '60-69', 'ge40', '25-29', '0-2', 'no', '2', 'right', 'left_low', 'no\n']
['no-recurrence-events', '70-79', 'ge40', '0-4', '0-2', 'no', '1', 'left', 'right_low', 'no\n']
['no-recurrence-events', '50-59', 'ge40', '20-24', '0-2', 'no', '3', 'right', 'left_up', 'no\n']
['no-recurrence-events', '40-49', 'premeno', '40-44', '0-2', 'no', '1', 'right', 'left_up', 'no\n']
['no-recurrence-events', '30-39', 'premeno', '0-4', '0-2', 'no', '2', 'right', 'central', 'no\n']
['no-recurrence-events', '50-59', 'ge40', '20-24', '0-2', 'no', '3', 'left', 'left_up', 'no\n']
['no-recurrence-events', '50-59', 'ge40', '25-29', '0-2', 'no', '2', 'right', 'left_up', 'no\n']
['no-recurrence-events', '60-69', 'ge40', '20-24', '0-2', 'no', '2', 'right', 'left_up', 'no\n']
['no-recurrence-events', '50-59', 'premeno', '10-14', '0-2', 'no', '1', 'left', 'left_low', 'no\n']
['no-recurrence-events', '40-49', 'premeno', '30-34', '0-2', 'no', '2', 'right', 'right_low', 'no\n']
['no-recurrence-events', '60-69', 'ge40', '30-34', '0-2', 'no', '2', 'left', 'left_up', 'no\n']
['no-recurrence-events', '60-69', 'ge40', '15-19', '0-2', 'no', '2', 'right', 'left_up', 'no\n']
['no-recurrence-events', '40-49', 'premeno', '30-34', '0-2', 'no', '1', 'left', 'right_up', 'no\n']
['no-recurrence-events', '30-39', 'premeno', '25-29', '0-2', 'no', '2', 'left', 'left_low', 'no\n']
['no-recurrence-events', '40-49', 'ge40', '20-24', '0-2', 'no', '3', 'left', 'left_low', 'no\n']
['no-recurrence-events', '50-59', 'ge40', '30-34', '0-2', 'no', '3', 'right', 'left_low', 'no\n']
['no-recurrence-events', '50-59', 'premeno', '25-29', '0-2', 'no', '2', 'right', 'right_low', 'no\n']
['no-recurrence-events', '40-49', 'premeno', '20-24', '0-2', 'no', '2', 'left', 'right_low', 'no\n']
['no-recurrence-events', '40-49', 'premeno', '10-14', '0-2', 'no', '2', 'right', 'left_low', 'no\n']
['no-recurrence-events', '40-49', 'premeno', '30-34', '0-2', 'no', '1', 'right', 'left_up', 'no\n']
['no-recurrence-events', '40-49', 'premeno', '20-24', '0-2', 'no', '2', 'left', 'left_up', 'no\n']
['no-recurrence-events', '30-39', 'premeno', '40-44', '0-2', 'no', '2', 'right', 'right_up', 'no\n']
['no-recurrence-events', '40-49', 'premeno', '30-34', '0-2', 'no', '3', 'right', 'right_up', 'no\n']
['no-recurrence-events', '60-69', 'ge40', '30-34', '0-2', 'no', '1', 'right', 'left_up', 'no\n']
['no-recurrence-events', '50-59', 'ge40', '25-29', '0-2', 'no', '1', 'left', 'left_low', 'no\n']
['no-recurrence-events', '50-59', 'ge40', '15-19', '0-2', 'no', '1', 'right', 'central', 'no\n']
['no-recurrence-events', '40-49', 'premeno', '20-24', '0-2', 'no', '2', 'right', 'left_up', 'no\n']
['no-recurrence-events', '40-49', 'premeno', '10-14', '0-2', 'no', '1', 'right', 'left_up', 'no\n']
['no-recurrence-events', '40-49', 'premeno', '35-39', '0-2', 'no', '2', 'right', 'right_up', 'no\n']
['no-recurrence-events', '50-59', 'ge40', '20-24', '0-2', 'no', '2', 'right', 'left_up', 'no\n']
['no-recurrence-events', '30-39', 'premeno', '15-19', '0-2', 'no', '1', 'left', 'left_low', 'no\n']
['no-recurrence-events', '40-49', 'ge40', '20-24', '0-2', 'no', '3', 'left', 'left_up', 'no\n']
['no-recurrence-events', '30-39', 'premeno', '10-14', '0-2', 'no', '1', 'right', 'left_low', 'no\n']
['no-recurrence-events', '60-69', 'ge40', '15-19', '0-2', 'no', '1', 'left', 'right_low', 'no\n']
['no-recurrence-events', '60-69', 'ge40', '20-24', '0-2', 'no', '1', 'left', 'left_low', 'no\n']
['no-recurrence-events', '50-59', 'ge40', '15-19', '0-2', 'no', '2', 'right', 'right_up', 'no\n']
['no-recurrence-events', '50-59', 'ge40', '40-44', '0-2', 'no', '3', 'left', 'left_up', 'no\n']
['no-recurrence-events', '50-59', 'ge40', '30-34', '0-2', 'no', '1', 'right', 'left_low', 'no\n']
['no-recurrence-events', '60-69', 'ge40', '10-14', '0-2', 'no', '1', 'right', 'left_low', 'no\n']
['no-recurrence-events', '70-79', 'ge40', '10-14', '0-2', 'no', '2', 'left', 'central', 'no\n']
['no-recurrence-events', '30-39', 'premeno', '30-34', '6-8', 'yes', '2', 'right', 'right_up', 'no\n']
['no-recurrence-events', '30-39', 'premeno', '25-29', '6-8', 'yes', '2', 'right', 'left_up', 'yes\n']
['no-recurrence-events', '50-59', 'premeno', '25-29', '0-2', 'yes', '2', 'left', 'left_up', 'no\n']
['no-recurrence-events', '40-49', 'premeno', '35-39', '9-11', 'yes', '2', 'right', 'left_up', 'yes\n']
['no-recurrence-events', '40-49', 'premeno', '35-39', '9-11', 'yes', '2', 'right', 'right_up', 'yes\n']
['no-recurrence-events', '40-49', 'premeno', '40-44', '3-5', 'yes', '3', 'right', 'left_up', 'yes\n']
['no-recurrence-events', '40-49', 'premeno', '30-34', '6-8', 'no', '2', 'left', 'left_up', 'no\n']
['no-recurrence-events', '50-59', 'ge40', '40-44', '0-2', 'no', '3', 'left', 'right_up', 'no\n']
['no-recurrence-events', '60-69', 'ge40', '30-34', '0-2', 'no', '2', 'left', 'left_low', 'yes\n']
['no-recurrence-events', '30-39', 'premeno', '20-24', '3-5', 'no', '2', 'right', 'central', 'no\n']
['no-recurrence-events', '30-39', 'premeno', '40-44', '3-5', 'no', '3', 'right', 'right_up', 'yes\n']
['no-recurrence-events', '40-49', 'premeno', '5-9', '0-2', 'no', '1', 'left', 'left_low', 'yes\n']
['no-recurrence-events', '30-39', 'premeno', '40-44', '0-2', 'no', '2', 'left', 'left_low', 'yes\n']
['no-recurrence-events', '40-49', 'premeno', '30-34', '0-2', 'no', '2', 'left', 'right_low', 'no\n']
['no-recurrence-events', '50-59', 'ge40', '40-44', '3-5', 'yes', '2', 'left', 'left_low', 'no\n']
['no-recurrence-events', '50-59', 'premeno', '20-24', '3-5', 'yes', '2', 'left', 'left_low', 'no\n']
['no-recurrence-events', '60-69', 'ge40', '10-14', '0-2', 'no', '1', 'left', 'left_up', 'no\n']
['no-recurrence-events', '40-49', 'premeno', '45-49', '0-2', 'no', '2', 'left', 'left_low', 'yes\n']
['no-recurrence-events', '60-69', 'ge40', '45-49', '6-8', 'yes', '3', 'left', 'central', 'no\n']
['no-recurrence-events', '40-49', 'premeno', '25-29', '0-2', '?', '2', 'left', 'right_low', 'yes\n']
['no-recurrence-events', '60-69', 'ge40', '50-54', '0-2', 'no', '2', 'right', 'left_up', 'yes\n']
['no-recurrence-events', '50-59', 'premeno', '30-34', '3-5', 'yes', '2', 'left', 'left_low', 'yes\n']
['no-recurrence-events', '30-39', 'premeno', '20-24', '0-2', 'no', '3', 'left', 'central', 'no\n']
['no-recurrence-events', '50-59', 'lt40', '30-34', '0-2', 'no', '3', 'right', 'left_up', 'no\n']
['no-recurrence-events', '50-59', 'ge40', '25-29', '15-17', 'yes', '3', 'right', 'left_up', 'no\n']
['no-recurrence-events', '60-69', 'ge40', '30-34', '3-5', 'yes', '3', 'left', 'left_low', 'no\n']
['no-recurrence-events', '50-59', 'ge40', '35-39', '15-17', 'no', '3', 'left', 'left_low', 'no\n']
['no-recurrence-events', '60-69', 'ge40', '15-19', '0-2', 'no', '3', 'right', 'left_up', 'yes\n']
['no-recurrence-events', '30-39', 'lt40', '15-19', '0-2', 'no', '3', 'right', 'left_up', 'no\n']
['no-recurrence-events', '60-69', 'ge40', '40-44', '3-5', 'no', '2', 'right', 'left_up', 'yes\n']
['no-recurrence-events', '50-59', 'ge40', '25-29', '3-5', 'yes', '3', 'right', 'left_up', 'no\n']
['no-recurrence-events', '50-59', 'premeno', '30-34', '0-2', 'no', '1', 'left', 'central', 'no\n']
['no-recurrence-events', '50-59', 'ge40', '30-34', '0-2', 'no', '1', 'right', 'central', 'no\n']
['no-recurrence-events', '40-49', 'premeno', '35-39', '0-2', 'no', '1', 'left', 'left_low', 'no\n']
['no-recurrence-events', '40-49', 'premeno', '25-29', '0-2', 'no', '3', 'right', 'left_up', 'yes\n']
['no-recurrence-events', '40-49', 'premeno', '30-34', '3-5', 'yes', '2', 'right', 'left_low', 'no\n']
['no-recurrence-events', '60-69', 'ge40', '10-14', '0-2', 'no', '2', 'right', 'left_up', 'yes\n']
['no-recurrence-events', '60-69', 'ge40', '25-29', '3-5', '?', '1', 'right', 'left_up', 'yes\n']
['no-recurrence-events', '60-69', 'ge40', '25-29', '3-5', '?', '1', 'right', 'left_low', 'yes\n']
['no-recurrence-events', '40-49', 'premeno', '20-24', '3-5', 'no', '2', 'right', 'left_up', 'no\n']
['no-recurrence-events', '40-49', 'premeno', '20-24', '3-5', 'no', '2', 'right', 'left_low', 'no\n']
['no-recurrence-events', '40-49', 'ge40', '40-44', '15-17', 'yes', '2', 'right', 'left_up', 'yes\n']
['no-recurrence-events', '50-59', 'premeno', '10-14', '0-2', 'no', '2', 'right', 'left_up', 'no\n']
['no-recurrence-events', '40-49', 'ge40', '30-34', '0-2', 'no', '2', 'left', 'left_up', 'yes\n']
['no-recurrence-events', '30-39', 'premeno', '20-24', '3-5', 'yes', '2', 'right', 'left_up', 'yes\n']
['no-recurrence-events', '30-39', 'premeno', '15-19', '0-2', 'no', '1', 'left', 'left_low', 'no\n']
['no-recurrence-events', '60-69', 'ge40', '30-34', '6-8', 'yes', '2', 'right', 'right_up', 'no\n']
['no-recurrence-events', '50-59', 'ge40', '20-24', '3-5', 'yes', '2', 'right', 'left_up', 'no\n']
['no-recurrence-events', '50-59', 'premeno', '25-29', '3-5', 'yes', '2', 'left', 'left_low', 'yes\n']
['no-recurrence-events', '40-49', 'premeno', '30-34', '0-2', 'no', '2', 'right', 'right_up', 'yes\n']
['no-recurrence-events', '40-49', 'ge40', '25-29', '0-2', 'no', '2', 'left', 'left_low', 'no\n']
['no-recurrence-events', '60-69', 'ge40', '10-14', '0-2', 'no', '2', 'left', 'left_low', 'no\n']
['no-recurrence-events', '50-59', 'premeno', '25-29', '3-5', 'no', '2', 'right', 'left_up', 'yes\n']
['no-recurrence-events', '40-49', 'premeno', '20-24', '0-2', 'no', '3', 'right', 'left_low', 'yes\n']
['no-recurrence-events', '40-49', 'premeno', '35-39', '0-2', 'yes', '3', 'right', 'left_up', 'yes\n']
['no-recurrence-events', '40-49', 'premeno', '35-39', '0-2', 'yes', '3', 'right', 'left_low', 'yes\n']
['no-recurrence-events', '40-49', 'premeno', '25-29', '0-2', 'no', '1', 'right', 'left_low', 'yes\n']
['no-recurrence-events', '50-59', 'ge40', '30-34', '9-11', '?', '3', 'left', 'left_up', 'yes\n']
['no-recurrence-events', '50-59', 'ge40', '30-34', '9-11', '?', '3', 'left', 'left_low', 'yes\n']
['no-recurrence-events', '40-49', 'premeno', '20-24', '6-8', 'no', '2', 'right', 'left_low', 'yes\n']
['no-recurrence-events', '50-59', 'ge40', '25-29', '0-2', 'no', '1', 'left', 'right_low', 'no\n']
['no-recurrence-events', '60-69', 'ge40', '15-19', '0-2', 'no', '2', 'left', 'left_up', 'yes\n']
['no-recurrence-events', '40-49', 'premeno', '10-14', '0-2', 'no', '2', 'right', 'left_up', 'no\n']
['no-recurrence-events', '50-59', 'ge40', '20-24', '0-2', 'yes', '2', 'right', 'left_up', 'no\n']
['no-recurrence-events', '40-49', 'premeno', '15-19', '12-14', 'no', '3', 'right', 'right_low', 'yes\n']
['no-recurrence-events', '40-49', 'premeno', '25-29', '0-2', 'no', '2', 'left', 'left_up', 'yes\n']
['no-recurrence-events', '50-59', 'ge40', '30-34', '6-8', 'yes', '2', 'left', 'left_low', 'no\n']
['no-recurrence-events', '30-39', 'premeno', '10-14', '0-2', 'no', '2', 'left', 'right_low', 'no\n']
['no-recurrence-events', '50-59', 'premeno', '50-54', '0-2', 'yes', '2', 'right', 'left_up', 'yes\n']
['no-recurrence-events', '50-59', 'ge40', '35-39', '0-2', 'no', '2', 'left', 'left_up', 'no\n']
['no-recurrence-events', '50-59', 'premeno', '10-14', '3-5', 'no', '1', 'right', 'left_up', 'no\n']
['no-recurrence-events', '40-49', 'premeno', '10-14', '0-2', 'no', '2', 'left', 'left_low', 'yes\n']
['no-recurrence-events', '50-59', 'ge40', '15-19', '0-2', 'yes', '2', 'left', 'central', 'yes\n']
['no-recurrence-events', '50-59', 'premeno', '25-29', '0-2', 'no', '1', 'left', 'left_low', 'no\n']
['no-recurrence-events', '60-69', 'ge40', '25-29', '0-2', 'no', '3', 'right', 'left_low', 'no\n']
['recurrence-events', '50-59', 'premeno', '15-19', '0-2', 'no', '2', 'left', 'left_low', 'no\n']
['recurrence-events', '40-49', 'premeno', '40-44', '0-2', 'no', '1', 'left', 'left_low', 'no\n']
['recurrence-events', '50-59', 'ge40', '35-39', '0-2', 'no', '2', 'left', 'left_low', 'no\n']
['recurrence-events', '50-59', 'premeno', '25-29', '0-2', 'no', '2', 'left', 'right_up', 'no\n']
['recurrence-events', '30-39', 'premeno', '0-4', '0-2', 'no', '2', 'right', 'central', 'no\n']
['recurrence-events', '50-59', 'ge40', '30-34', '0-2', 'no', '3', 'left', '?', 'no\n']
['recurrence-events', '50-59', 'premeno', '25-29', '0-2', 'no', '2', 'left', 'right_up', 'no\n']
['recurrence-events', '50-59', 'premeno', '30-34', '0-2', 'no', '3', 'left', 'right_up', 'no\n']
['recurrence-events', '40-49', 'premeno', '35-39', '0-2', 'no', '1', 'right', 'left_up', 'no\n']
['recurrence-events', '40-49', 'premeno', '20-24', '0-2', 'no', '2', 'left', 'left_low', 'no\n']
['recurrence-events', '50-59', 'ge40', '20-24', '0-2', 'no', '2', 'right', 'central', 'no\n']
['recurrence-events', '40-49', 'premeno', '30-34', '0-2', 'no', '3', 'right', 'right_up', 'no\n']
['recurrence-events', '50-59', 'premeno', '25-29', '0-2', 'no', '1', 'right', 'left_up', 'no\n']
['recurrence-events', '60-69', 'ge40', '40-44', '0-2', 'no', '2', 'right', 'left_low', 'no\n']
['recurrence-events', '40-49', 'ge40', '20-24', '0-2', 'no', '2', 'right', 'left_up', 'no\n']
['recurrence-events', '50-59', 'ge40', '20-24', '0-2', 'no', '2', 'left', 'left_up', 'no\n']
['recurrence-events', '40-49', 'premeno', '15-19', '0-2', 'no', '2', 'left', 'left_up', 'no\n']
['recurrence-events', '60-69', 'ge40', '30-34', '0-2', 'no', '3', 'right', 'central', 'no\n']
['recurrence-events', '30-39', 'premeno', '15-19', '0-2', 'no', '1', 'right', 'left_low', 'no\n']
['recurrence-events', '40-49', 'premeno', '25-29', '0-2', 'no', '3', 'left', 'right_up', 'no\n']
['recurrence-events', '30-39', 'premeno', '30-34', '0-2', 'no', '1', 'right', 'left_up', 'no\n']
['recurrence-events', '60-69', 'ge40', '25-29', '0-2', 'no', '3', 'left', 'right_low', 'yes\n']
['recurrence-events', '60-69', 'ge40', '20-24', '0-2', 'no', '3', 'right', 'left_low', 'no\n']
['recurrence-events', '30-39', 'premeno', '25-29', '3-5', 'yes', '3', 'left', 'left_low', 'yes\n']
['recurrence-events', '40-49', 'ge40', '20-24', '3-5', 'no', '3', 'right', 'left_low', 'yes\n']
['recurrence-events', '40-49', 'premeno', '30-34', '15-17', 'yes', '3', 'left', 'left_low', 'no\n']
['recurrence-events', '50-59', 'premeno', '30-34', '0-2', 'no', '3', 'right', 'left_up', 'yes\n']
['recurrence-events', '60-69', 'ge40', '40-44', '3-5', 'yes', '3', 'right', 'left_low', 'no\n']
['recurrence-events', '60-69', 'ge40', '45-49', '0-2', 'no', '1', 'right', 'right_up', 'yes\n']
['recurrence-events', '50-59', 'premeno', '50-54', '9-11', 'yes', '2', 'right', 'left_up', 'no\n']
['recurrence-events', '40-49', 'premeno', '30-34', '3-5', 'no', '2', 'right', 'left_up', 'no\n']
['recurrence-events', '30-39', 'premeno', '30-34', '3-5', 'no', '3', 'right', 'left_up', 'yes\n']
['recurrence-events', '70-79', 'ge40', '15-19', '9-11', '?', '1', 'left', 'left_low', 'yes\n']
['recurrence-events', '60-69', 'ge40', '30-34', '0-2', 'no', '3', 'right', 'left_up', 'yes\n']
['recurrence-events', '50-59', 'premeno', '25-29', '3-5', 'yes', '3', 'left', 'left_low', 'yes\n']
['recurrence-events', '40-49', 'premeno', '25-29', '0-2', 'no', '2', 'right', 'left_low', 'no\n']
['recurrence-events', '40-49', 'premeno', '25-29', '0-2', 'no', '2', 'right', 'left_low', 'no\n']
['recurrence-events', '30-39', 'premeno', '35-39', '0-2', 'no', '3', 'left', 'left_low', 'no\n']
['recurrence-events', '40-49', 'premeno', '20-24', '3-5', 'yes', '2', 'right', 'right_up', 'yes\n']
['recurrence-events', '60-69', 'ge40', '20-24', '3-5', 'no', '2', 'left', 'left_low', 'yes\n']
['recurrence-events', '40-49', 'premeno', '15-19', '15-17', 'yes', '3', 'left', 'left_low', 'no\n']
['recurrence-events', '50-59', 'ge40', '25-29', '6-8', 'no', '3', 'left', 'left_low', 'yes\n']
['recurrence-events', '50-59', 'ge40', '20-24', '3-5', 'yes', '3', 'right', 'right_up', 'no\n']
['recurrence-events', '40-49', 'premeno', '30-34', '12-14', 'yes', '3', 'left', 'left_up', 'yes\n']
['recurrence-events', '30-39', 'premeno', '30-34', '9-11', 'no', '2', 'right', 'left_up', 'yes\n']
['recurrence-events', '30-39', 'premeno', '15-19', '6-8', 'yes', '3', 'left', 'left_low', 'yes\n']
['recurrence-events', '50-59', 'ge40', '30-34', '9-11', 'yes', '3', 'left', 'right_low', 'yes\n']
['recurrence-events', '60-69', 'ge40', '35-39', '6-8', 'yes', '3', 'left', 'left_low', 'no\n']
['recurrence-events', '30-39', 'premeno', '20-24', '3-5', 'yes', '2', 'left', 'left_low', 'no\n']
['recurrence-events', '40-49', 'premeno', '25-29', '0-2', 'no', '3', 'left', 'left_up', 'no\n']
['recurrence-events', '40-49', 'premeno', '50-54', '0-2', 'no', '2', 'right', 'left_low', 'yes\n']
['recurrence-events', '30-39', 'premeno', '40-44', '0-2', 'no', '1', 'left', 'left_up', 'no\n']
['recurrence-events', '60-69', 'ge40', '50-54', '0-2', 'no', '3', 'right', 'left_up', 'no\n']
['recurrence-events', '40-49', 'premeno', '30-34', '0-2', 'yes', '3', 'right', 'right_up', 'no\n']
['recurrence-events', '40-49', 'premeno', '30-34', '6-8', 'yes', '3', 'right', 'left_up', 'no\n']
['recurrence-events', '40-49', 'premeno', '30-34', '0-2', 'no', '1', 'left', 'left_low', 'yes\n']
['recurrence-events', '40-49', 'premeno', '20-24', '3-5', 'yes', '2', 'left', 'left_low', 'yes\n']
['recurrence-events', '50-59', 'ge40', '30-34', '6-8', 'yes', '2', 'left', 'right_low', 'yes\n']
['recurrence-events', '50-59', 'ge40', '30-34', '3-5', 'no', '3', 'right', 'left_up', 'no\n']
['recurrence-events', '60-69', 'ge40', '25-29', '3-5', 'no', '2', 'right', 'right_up', 'no\n']
['recurrence-events', '40-49', 'ge40', '25-29', '12-14', 'yes', '3', 'left', 'right_low', 'yes\n']
['recurrence-events', '60-69', 'ge40', '25-29', '0-2', 'no', '3', 'left', 'left_up', 'no\n']
['recurrence-events', '50-59', 'lt40', '20-24', '0-2', '?', '1', 'left', 'left_up', 'no\n']
['recurrence-events', '50-59', 'lt40', '20-24', '0-2', '?', '1', 'left', 'left_low', 'no\n']
['recurrence-events', '30-39', 'premeno', '35-39', '9-11', 'yes', '3', 'left', 'left_low', 'no\n']
['recurrence-events', '40-49', 'premeno', '30-34', '3-5', 'yes', '2', 'left', 'right_up', 'no\n']
['recurrence-events', '60-69', 'ge40', '20-24', '24-26', 'yes', '3', 'left', 'left_low', 'yes\n']
['recurrence-events', '30-39', 'premeno', '35-39', '0-2', 'no', '3', 'left', 'left_low', 'no\n']
['recurrence-events', '40-49', 'premeno', '25-29', '0-2', 'no', '2', 'left', 'left_low', 'yes\n']
['recurrence-events', '50-59', 'ge40', '30-34', '6-8', 'yes', '3', 'left', 'right_low', 'no\n']
['recurrence-events', '50-59', 'premeno', '25-29', '0-2', 'no', '3', 'right', 'left_low', 'yes\n']
['recurrence-events', '40-49', 'premeno', '15-19', '0-2', 'yes', '3', 'right', 'left_up', 'no\n']
['recurrence-events', '60-69', 'ge40', '30-34', '0-2', 'yes', '2', 'right', 'right_up', 'yes\n']
['recurrence-events', '60-69', 'ge40', '30-34', '3-5', 'yes', '2', 'left', 'central', 'yes\n']
['recurrence-events', '40-49', 'premeno', '25-29', '9-11', 'yes', '3', 'right', 'left_up', 'no\n']
['recurrence-events', '30-39', 'premeno', '25-29', '6-8', 'yes', '3', 'left', 'right_low', 'yes\n']
['recurrence-events', '60-69', 'ge40', '10-14', '6-8', 'yes', '3', 'left', 'left_up', 'yes\n']
['recurrence-events', '50-59', 'premeno', '35-39', '15-17', 'yes', '3', 'right', 'right_up', 'no\n']
['recurrence-events', '50-59', 'ge40', '40-44', '6-8', 'yes', '3', 'left', 'left_low', 'yes\n']
['recurrence-events', '50-59', 'ge40', '40-44', '6-8', 'yes', '3', 'left', 'left_low', 'yes\n']
['recurrence-events', '30-39', 'premeno', '30-34', '0-2', 'no', '2', 'left', 'left_up', 'no\n']
['recurrence-events', '30-39', 'premeno', '20-24', '0-2', 'no', '3', 'left', 'left_up', 'yes\n']
['recurrence-events', '60-69', 'ge40', '20-24', '0-2', 'no', '1', 'right', 'left_up', 'no\n']
['recurrence-events', '40-49', 'ge40', '30-34', '3-5', 'no', '3', 'left', 'left_low', 'no\n']
['recurrence-events', '50-59', 'ge40', '30-34', '3-5', 'no', '3', 'left', 'left_low', 'no\n']
0
1
2
3
4
5
6
7
8
9
10
11
12
13
14
15
16
17
18
19
20
21
22
23
24
Avg S: 0.7559868421052631
Avg T: 1.753325481414795
Sdata: [0.7622441520467836, 0.7483552631578947, 0.7622441520467836, 0.7622441520467836, 0.7622441520467836, 0.7449561403508772, 0.7483552631578947, 0.7587353801169591, 0.7622441520467836, 0.7516447368421053, 0.7518640350877193, 0.7622441520467836, 0.7518640350877193, 0.7622441520467836, 0.7622441520467836, 0.7622441520467836, 0.7449561403508772, 0.748172514619883, 0.7449561403508772, 0.7449561403508772, 0.7622441520467836, 0.7587353801169591, 0.7587353801169591, 0.7587353801169591, 0.7622076023391813]
Tdata: [1.7780115604400635, 1.736588478088379, 1.7688651084899902, 1.833219289779663, 1.8295128345489502, 1.7931034564971924, 1.7726178169250488, 1.7677161693572998, 1.681220293045044, 1.662966251373291, 1.8252651691436768, 1.6426806449890137, 1.655698537826538, 1.7210822105407715, 1.7145402431488037, 1.715571403503418, 1.844261646270752, 1.7747671604156494, 1.6868658065795898, 1.7348155975341797, 1.8515479564666748, 1.753040075302124, 1.797675609588623, 1.7191798686981201, 1.7723238468170166]
0
1
2
3
4
5
6
7
8
9
10
11
12
13
14
15
16
17
18
19
20
21
22
23
24
Avg S: 0.7628055555555554
Avg T: 17.473372240066528
Sdata: [0.7622441520467836, 0.7622441520467836, 0.7622441520467836, 0.7622441520467836, 0.7622441520467836, 0.7622441520467836, 0.7622441520467836, 0.7622441520467836, 0.7657529239766081, 0.7622441520467836, 0.7622441520467836, 0.7622441520467836, 0.7622441520467836, 0.7622441520467836, 0.7622441520467836, 0.7657529239766081, 0.7622441520467836, 0.7657894736842105, 0.7622441520467836, 0.7657163742690059, 0.7622441520467836, 0.7622441520467836, 0.7622441520467836, 0.7622441520467836, 0.7622441520467836]
Tdata: [18.010714292526245, 17.811341285705566, 17.737526893615723, 17.492261171340942, 17.005032062530518, 17.23541283607483, 17.508821487426758, 17.991216897964478, 17.621878147125244, 17.243825435638428, 17.10568928718567, 17.140886783599854, 17.043395042419434, 17.27399969100952, 17.725455284118652, 17.568885564804077, 17.018366813659668, 17.46370577812195, 17.416900396347046, 17.129276752471924, 17.44558048248291, 17.725829362869263, 17.78971028327942, 17.741402626037598, 17.587191343307495]
0
1
2
3
4
5
6
7
8
9
10
11
12
13
14
15
16
17
18
19
20
21
22
23
24
Avg S: 0.7660540935672515
Avg T: 167.8421766757965
Sdata: [0.7658260233918129, 0.7658260233918129, 0.7657894736842105, 0.7657529239766082, 0.7657894736842105, 0.7657894736842105, 0.7657894736842105, 0.7657894736842105, 0.7692616959064328, 0.7657163742690059, 0.7657894736842105, 0.7622441520467836, 0.7657894736842105, 0.7657529239766081, 0.7622441520467836, 0.7657894736842105, 0.7657894736842105, 0.7657894736842105, 0.7692616959064328, 0.7692616959064328, 0.7657894736842105, 0.7657894736842105, 0.7657894736842105, 0.7656798245614035, 0.7692616959064328]
Tdata: [170.7638499736786, 168.4210057258606, 168.73053622245789, 169.99507927894592, 171.40216326713562, 167.3769166469574, 169.0546748638153, 166.79740858078003, 166.3342878818512, 169.10021805763245, 167.89279007911682, 169.25960421562195, 164.83316826820374, 163.62195372581482, 169.19326186180115, 168.3504238128662, 169.95597624778748, 169.86977577209473, 167.12586903572083, 167.34874367713928, 166.1754434108734, 167.12152886390686, 164.98468136787415, 164.45438933372498, 167.89066672325134]
